2018-03-02 13:42:05.450335: I tensorflow/core/common_runtime/gpu/gpu_device.cc:938] Found device 0 with properties: 
name: Tesla P100-PCIE-16GB
major: 6 minor: 0 memoryClockRate (GHz) 1.3285
pciBusID 0000:06:00.0
Total memory: 15.89GiB
Free memory: 15.60GiB
2018-03-02 13:42:05.450383: I tensorflow/core/common_runtime/gpu/gpu_device.cc:959] DMA: 0 
2018-03-02 13:42:05.450391: I tensorflow/core/common_runtime/gpu/gpu_device.cc:969] 0:   Y 
2018-03-02 13:42:05.450407: I tensorflow/core/common_runtime/gpu/gpu_device.cc:1028] Creating TensorFlow device (/gpu:0) -> (device: 0, name: Tesla P100-PCIE-16GB, pci bus id: 0000:06:00.0)
2018-03-02 13:44:14.920951: I tensorflow/core/common_runtime/gpu/gpu_device.cc:1028] Creating TensorFlow device (/gpu:0) -> (device: 0, name: Tesla P100-PCIE-16GB, pci bus id: 0000:06:00.0)
2018-03-02 13:46:50.112924: I tensorflow/core/common_runtime/gpu/gpu_device.cc:1028] Creating TensorFlow device (/gpu:0) -> (device: 0, name: Tesla P100-PCIE-16GB, pci bus id: 0000:06:00.0)
2018-03-02 13:48:53.906934: I tensorflow/core/common_runtime/gpu/gpu_device.cc:1028] Creating TensorFlow device (/gpu:0) -> (device: 0, name: Tesla P100-PCIE-16GB, pci bus id: 0000:06:00.0)
2018-03-02 13:50:57.936046: I tensorflow/core/common_runtime/gpu/gpu_device.cc:1028] Creating TensorFlow device (/gpu:0) -> (device: 0, name: Tesla P100-PCIE-16GB, pci bus id: 0000:06:00.0)
2018-03-02 13:53:03.346512: I tensorflow/core/common_runtime/gpu/gpu_device.cc:1028] Creating TensorFlow device (/gpu:0) -> (device: 0, name: Tesla P100-PCIE-16GB, pci bus id: 0000:06:00.0)
2018-03-02 13:55:07.594983: I tensorflow/core/common_runtime/gpu/gpu_device.cc:1028] Creating TensorFlow device (/gpu:0) -> (device: 0, name: Tesla P100-PCIE-16GB, pci bus id: 0000:06:00.0)
2018-03-02 13:57:46.107162: I tensorflow/core/common_runtime/gpu/gpu_device.cc:1028] Creating TensorFlow device (/gpu:0) -> (device: 0, name: Tesla P100-PCIE-16GB, pci bus id: 0000:06:00.0)
2018-03-02 14:00:23.103129: I tensorflow/core/common_runtime/gpu/gpu_device.cc:1028] Creating TensorFlow device (/gpu:0) -> (device: 0, name: Tesla P100-PCIE-16GB, pci bus id: 0000:06:00.0)
2018-03-02 14:03:01.301086: I tensorflow/core/common_runtime/gpu/gpu_device.cc:1028] Creating TensorFlow device (/gpu:0) -> (device: 0, name: Tesla P100-PCIE-16GB, pci bus id: 0000:06:00.0)
2018-03-02 14:05:04.977576: I tensorflow/core/common_runtime/gpu/gpu_device.cc:1028] Creating TensorFlow device (/gpu:0) -> (device: 0, name: Tesla P100-PCIE-16GB, pci bus id: 0000:06:00.0)
2018-03-02 14:07:09.322147: I tensorflow/core/common_runtime/gpu/gpu_device.cc:1028] Creating TensorFlow device (/gpu:0) -> (device: 0, name: Tesla P100-PCIE-16GB, pci bus id: 0000:06:00.0)
2018-03-02 14:09:14.590328: I tensorflow/core/common_runtime/gpu/gpu_device.cc:1028] Creating TensorFlow device (/gpu:0) -> (device: 0, name: Tesla P100-PCIE-16GB, pci bus id: 0000:06:00.0)
2018-03-02 14:11:20.628825: I tensorflow/core/common_runtime/gpu/gpu_device.cc:1028] Creating TensorFlow device (/gpu:0) -> (device: 0, name: Tesla P100-PCIE-16GB, pci bus id: 0000:06:00.0)
2018-03-02 14:13:24.820012: I tensorflow/core/common_runtime/gpu/gpu_device.cc:1028] Creating TensorFlow device (/gpu:0) -> (device: 0, name: Tesla P100-PCIE-16GB, pci bus id: 0000:06:00.0)
2018-03-02 14:15:30.442583: I tensorflow/core/common_runtime/gpu/gpu_device.cc:1028] Creating TensorFlow device (/gpu:0) -> (device: 0, name: Tesla P100-PCIE-16GB, pci bus id: 0000:06:00.0)
2018-03-02 14:17:35.492750: I tensorflow/core/common_runtime/gpu/gpu_device.cc:1028] Creating TensorFlow device (/gpu:0) -> (device: 0, name: Tesla P100-PCIE-16GB, pci bus id: 0000:06:00.0)
2018-03-02 14:19:40.056080: I tensorflow/core/common_runtime/gpu/gpu_device.cc:1028] Creating TensorFlow device (/gpu:0) -> (device: 0, name: Tesla P100-PCIE-16GB, pci bus id: 0000:06:00.0)
2018-03-02 14:21:45.579666: I tensorflow/core/common_runtime/gpu/gpu_device.cc:1028] Creating TensorFlow device (/gpu:0) -> (device: 0, name: Tesla P100-PCIE-16GB, pci bus id: 0000:06:00.0)
2018-03-02 14:23:50.812757: I tensorflow/core/common_runtime/gpu/gpu_device.cc:1028] Creating TensorFlow device (/gpu:0) -> (device: 0, name: Tesla P100-PCIE-16GB, pci bus id: 0000:06:00.0)
2018-03-02 14:25:54.527491: I tensorflow/core/common_runtime/gpu/gpu_device.cc:1028] Creating TensorFlow device (/gpu:0) -> (device: 0, name: Tesla P100-PCIE-16GB, pci bus id: 0000:06:00.0)
2018-03-02 14:28:31.030539: I tensorflow/core/common_runtime/gpu/gpu_device.cc:1028] Creating TensorFlow device (/gpu:0) -> (device: 0, name: Tesla P100-PCIE-16GB, pci bus id: 0000:06:00.0)
2018-03-02 14:30:34.836655: I tensorflow/core/common_runtime/gpu/gpu_device.cc:1028] Creating TensorFlow device (/gpu:0) -> (device: 0, name: Tesla P100-PCIE-16GB, pci bus id: 0000:06:00.0)
2018-03-02 14:33:12.966011: I tensorflow/core/common_runtime/gpu/gpu_device.cc:1028] Creating TensorFlow device (/gpu:0) -> (device: 0, name: Tesla P100-PCIE-16GB, pci bus id: 0000:06:00.0)
2018-03-02 14:35:16.205767: I tensorflow/core/common_runtime/gpu/gpu_device.cc:1028] Creating TensorFlow device (/gpu:0) -> (device: 0, name: Tesla P100-PCIE-16GB, pci bus id: 0000:06:00.0)
2018-03-02 14:37:55.164661: I tensorflow/core/common_runtime/gpu/gpu_device.cc:1028] Creating TensorFlow device (/gpu:0) -> (device: 0, name: Tesla P100-PCIE-16GB, pci bus id: 0000:06:00.0)
2018-03-02 14:40:31.095152: I tensorflow/core/common_runtime/gpu/gpu_device.cc:1028] Creating TensorFlow device (/gpu:0) -> (device: 0, name: Tesla P100-PCIE-16GB, pci bus id: 0000:06:00.0)
2018-03-02 14:43:09.671044: I tensorflow/core/common_runtime/gpu/gpu_device.cc:1028] Creating TensorFlow device (/gpu:0) -> (device: 0, name: Tesla P100-PCIE-16GB, pci bus id: 0000:06:00.0)
2018-03-02 14:45:50.767084: I tensorflow/core/common_runtime/gpu/gpu_device.cc:1028] Creating TensorFlow device (/gpu:0) -> (device: 0, name: Tesla P100-PCIE-16GB, pci bus id: 0000:06:00.0)
2018-03-02 14:48:32.625527: I tensorflow/core/common_runtime/gpu/gpu_device.cc:1028] Creating TensorFlow device (/gpu:0) -> (device: 0, name: Tesla P100-PCIE-16GB, pci bus id: 0000:06:00.0)
2018-03-02 14:51:10.223577: I tensorflow/core/common_runtime/gpu/gpu_device.cc:1028] Creating TensorFlow device (/gpu:0) -> (device: 0, name: Tesla P100-PCIE-16GB, pci bus id: 0000:06:00.0)
2018-03-02 14:53:48.339109: I tensorflow/core/common_runtime/gpu/gpu_device.cc:1028] Creating TensorFlow device (/gpu:0) -> (device: 0, name: Tesla P100-PCIE-16GB, pci bus id: 0000:06:00.0)
2018-03-02 14:56:32.694992: I tensorflow/core/common_runtime/gpu/gpu_device.cc:1028] Creating TensorFlow device (/gpu:0) -> (device: 0, name: Tesla P100-PCIE-16GB, pci bus id: 0000:06:00.0)
2018-03-02 14:59:10.639718: I tensorflow/core/common_runtime/gpu/gpu_device.cc:1028] Creating TensorFlow device (/gpu:0) -> (device: 0, name: Tesla P100-PCIE-16GB, pci bus id: 0000:06:00.0)
2018-03-02 15:01:51.770088: I tensorflow/core/common_runtime/gpu/gpu_device.cc:1028] Creating TensorFlow device (/gpu:0) -> (device: 0, name: Tesla P100-PCIE-16GB, pci bus id: 0000:06:00.0)
2018-03-02 15:04:29.841892: I tensorflow/core/common_runtime/gpu/gpu_device.cc:1028] Creating TensorFlow device (/gpu:0) -> (device: 0, name: Tesla P100-PCIE-16GB, pci bus id: 0000:06:00.0)
2018-03-02 15:07:08.445759: I tensorflow/core/common_runtime/gpu/gpu_device.cc:1028] Creating TensorFlow device (/gpu:0) -> (device: 0, name: Tesla P100-PCIE-16GB, pci bus id: 0000:06:00.0)
2018-03-02 15:09:46.312927: I tensorflow/core/common_runtime/gpu/gpu_device.cc:1028] Creating TensorFlow device (/gpu:0) -> (device: 0, name: Tesla P100-PCIE-16GB, pci bus id: 0000:06:00.0)
2018-03-02 15:12:23.961865: I tensorflow/core/common_runtime/gpu/gpu_device.cc:1028] Creating TensorFlow device (/gpu:0) -> (device: 0, name: Tesla P100-PCIE-16GB, pci bus id: 0000:06:00.0)
2018-03-02 15:15:00.840908: I tensorflow/core/common_runtime/gpu/gpu_device.cc:1028] Creating TensorFlow device (/gpu:0) -> (device: 0, name: Tesla P100-PCIE-16GB, pci bus id: 0000:06:00.0)
2018-03-02 15:17:43.962611: I tensorflow/core/common_runtime/gpu/gpu_device.cc:1028] Creating TensorFlow device (/gpu:0) -> (device: 0, name: Tesla P100-PCIE-16GB, pci bus id: 0000:06:00.0)
2018-03-02 15:20:21.339181: I tensorflow/core/common_runtime/gpu/gpu_device.cc:1028] Creating TensorFlow device (/gpu:0) -> (device: 0, name: Tesla P100-PCIE-16GB, pci bus id: 0000:06:00.0)
2018-03-02 15:22:57.887587: I tensorflow/core/common_runtime/gpu/gpu_device.cc:1028] Creating TensorFlow device (/gpu:0) -> (device: 0, name: Tesla P100-PCIE-16GB, pci bus id: 0000:06:00.0)
2018-03-02 15:25:20.585041: I tensorflow/core/common_runtime/gpu/gpu_device.cc:1028] Creating TensorFlow device (/gpu:0) -> (device: 0, name: Tesla P100-PCIE-16GB, pci bus id: 0000:06:00.0)
2018-03-02 15:27:45.194670: I tensorflow/core/common_runtime/gpu/gpu_device.cc:1028] Creating TensorFlow device (/gpu:0) -> (device: 0, name: Tesla P100-PCIE-16GB, pci bus id: 0000:06:00.0)
2018-03-02 15:30:08.274927: I tensorflow/core/common_runtime/gpu/gpu_device.cc:1028] Creating TensorFlow device (/gpu:0) -> (device: 0, name: Tesla P100-PCIE-16GB, pci bus id: 0000:06:00.0)
2018-03-02 15:32:33.076790: I tensorflow/core/common_runtime/gpu/gpu_device.cc:1028] Creating TensorFlow device (/gpu:0) -> (device: 0, name: Tesla P100-PCIE-16GB, pci bus id: 0000:06:00.0)
2018-03-02 15:34:57.539664: I tensorflow/core/common_runtime/gpu/gpu_device.cc:1028] Creating TensorFlow device (/gpu:0) -> (device: 0, name: Tesla P100-PCIE-16GB, pci bus id: 0000:06:00.0)
2018-03-02 15:37:20.998824: I tensorflow/core/common_runtime/gpu/gpu_device.cc:1028] Creating TensorFlow device (/gpu:0) -> (device: 0, name: Tesla P100-PCIE-16GB, pci bus id: 0000:06:00.0)
2018-03-02 15:39:43.234807: I tensorflow/core/common_runtime/gpu/gpu_device.cc:1028] Creating TensorFlow device (/gpu:0) -> (device: 0, name: Tesla P100-PCIE-16GB, pci bus id: 0000:06:00.0)
2018-03-02 15:42:05.599032: I tensorflow/core/common_runtime/gpu/gpu_device.cc:1028] Creating TensorFlow device (/gpu:0) -> (device: 0, name: Tesla P100-PCIE-16GB, pci bus id: 0000:06:00.0)
2018-03-02 15:44:28.758427: I tensorflow/core/common_runtime/gpu/gpu_device.cc:1028] Creating TensorFlow device (/gpu:0) -> (device: 0, name: Tesla P100-PCIE-16GB, pci bus id: 0000:06:00.0)
2018-03-02 15:46:50.429297: I tensorflow/core/common_runtime/gpu/gpu_device.cc:1028] Creating TensorFlow device (/gpu:0) -> (device: 0, name: Tesla P100-PCIE-16GB, pci bus id: 0000:06:00.0)
2018-03-02 15:49:14.856732: I tensorflow/core/common_runtime/gpu/gpu_device.cc:1028] Creating TensorFlow device (/gpu:0) -> (device: 0, name: Tesla P100-PCIE-16GB, pci bus id: 0000:06:00.0)
2018-03-02 15:51:50.433125: I tensorflow/core/common_runtime/gpu/gpu_device.cc:1028] Creating TensorFlow device (/gpu:0) -> (device: 0, name: Tesla P100-PCIE-16GB, pci bus id: 0000:06:00.0)
2018-03-02 15:54:26.566198: I tensorflow/core/common_runtime/gpu/gpu_device.cc:1028] Creating TensorFlow device (/gpu:0) -> (device: 0, name: Tesla P100-PCIE-16GB, pci bus id: 0000:06:00.0)
2018-03-02 15:57:04.287596: I tensorflow/core/common_runtime/gpu/gpu_device.cc:1028] Creating TensorFlow device (/gpu:0) -> (device: 0, name: Tesla P100-PCIE-16GB, pci bus id: 0000:06:00.0)
2018-03-02 15:59:42.454235: I tensorflow/core/common_runtime/gpu/gpu_device.cc:1028] Creating TensorFlow device (/gpu:0) -> (device: 0, name: Tesla P100-PCIE-16GB, pci bus id: 0000:06:00.0)
2018-03-02 16:02:19.838773: I tensorflow/core/common_runtime/gpu/gpu_device.cc:1028] Creating TensorFlow device (/gpu:0) -> (device: 0, name: Tesla P100-PCIE-16GB, pci bus id: 0000:06:00.0)
2018-03-02 16:05:03.284380: I tensorflow/core/common_runtime/gpu/gpu_device.cc:1028] Creating TensorFlow device (/gpu:0) -> (device: 0, name: Tesla P100-PCIE-16GB, pci bus id: 0000:06:00.0)
2018-03-02 16:07:40.560023: I tensorflow/core/common_runtime/gpu/gpu_device.cc:1028] Creating TensorFlow device (/gpu:0) -> (device: 0, name: Tesla P100-PCIE-16GB, pci bus id: 0000:06:00.0)
2018-03-02 16:10:25.004898: I tensorflow/core/common_runtime/gpu/gpu_device.cc:1028] Creating TensorFlow device (/gpu:0) -> (device: 0, name: Tesla P100-PCIE-16GB, pci bus id: 0000:06:00.0)
2018-03-02 16:13:05.017201: I tensorflow/core/common_runtime/gpu/gpu_device.cc:1028] Creating TensorFlow device (/gpu:0) -> (device: 0, name: Tesla P100-PCIE-16GB, pci bus id: 0000:06:00.0)
2018-03-02 16:15:42.554961: I tensorflow/core/common_runtime/gpu/gpu_device.cc:1028] Creating TensorFlow device (/gpu:0) -> (device: 0, name: Tesla P100-PCIE-16GB, pci bus id: 0000:06:00.0)
2018-03-02 16:18:18.890716: I tensorflow/core/common_runtime/gpu/gpu_device.cc:1028] Creating TensorFlow device (/gpu:0) -> (device: 0, name: Tesla P100-PCIE-16GB, pci bus id: 0000:06:00.0)
2018-03-02 16:20:56.366507: I tensorflow/core/common_runtime/gpu/gpu_device.cc:1028] Creating TensorFlow device (/gpu:0) -> (device: 0, name: Tesla P100-PCIE-16GB, pci bus id: 0000:06:00.0)
2018-03-02 16:22:59.098485: I tensorflow/core/common_runtime/gpu/gpu_device.cc:1028] Creating TensorFlow device (/gpu:0) -> (device: 0, name: Tesla P100-PCIE-16GB, pci bus id: 0000:06:00.0)
2018-03-02 16:25:02.217653: I tensorflow/core/common_runtime/gpu/gpu_device.cc:1028] Creating TensorFlow device (/gpu:0) -> (device: 0, name: Tesla P100-PCIE-16GB, pci bus id: 0000:06:00.0)
2018-03-02 16:27:04.363091: I tensorflow/core/common_runtime/gpu/gpu_device.cc:1028] Creating TensorFlow device (/gpu:0) -> (device: 0, name: Tesla P100-PCIE-16GB, pci bus id: 0000:06:00.0)
2018-03-02 16:29:08.976998: I tensorflow/core/common_runtime/gpu/gpu_device.cc:1028] Creating TensorFlow device (/gpu:0) -> (device: 0, name: Tesla P100-PCIE-16GB, pci bus id: 0000:06:00.0)
2018-03-02 16:31:10.410221: I tensorflow/core/common_runtime/gpu/gpu_device.cc:1028] Creating TensorFlow device (/gpu:0) -> (device: 0, name: Tesla P100-PCIE-16GB, pci bus id: 0000:06:00.0)
2018-03-02 16:33:52.476718: I tensorflow/core/common_runtime/gpu/gpu_device.cc:1028] Creating TensorFlow device (/gpu:0) -> (device: 0, name: Tesla P100-PCIE-16GB, pci bus id: 0000:06:00.0)
2018-03-02 16:35:54.959237: I tensorflow/core/common_runtime/gpu/gpu_device.cc:1028] Creating TensorFlow device (/gpu:0) -> (device: 0, name: Tesla P100-PCIE-16GB, pci bus id: 0000:06:00.0)
2018-03-02 16:38:31.568341: I tensorflow/core/common_runtime/gpu/gpu_device.cc:1028] Creating TensorFlow device (/gpu:0) -> (device: 0, name: Tesla P100-PCIE-16GB, pci bus id: 0000:06:00.0)
2018-03-02 16:40:29.367164: I tensorflow/core/common_runtime/gpu/gpu_device.cc:1028] Creating TensorFlow device (/gpu:0) -> (device: 0, name: Tesla P100-PCIE-16GB, pci bus id: 0000:06:00.0)
2018-03-02 16:42:22.610931: I tensorflow/core/common_runtime/gpu/gpu_device.cc:1028] Creating TensorFlow device (/gpu:0) -> (device: 0, name: Tesla P100-PCIE-16GB, pci bus id: 0000:06:00.0)
2018-03-02 16:44:13.385610: I tensorflow/core/common_runtime/gpu/gpu_device.cc:1028] Creating TensorFlow device (/gpu:0) -> (device: 0, name: Tesla P100-PCIE-16GB, pci bus id: 0000:06:00.0)
2018-03-02 16:46:04.765897: I tensorflow/core/common_runtime/gpu/gpu_device.cc:1028] Creating TensorFlow device (/gpu:0) -> (device: 0, name: Tesla P100-PCIE-16GB, pci bus id: 0000:06:00.0)
2018-03-02 16:47:55.416605: I tensorflow/core/common_runtime/gpu/gpu_device.cc:1028] Creating TensorFlow device (/gpu:0) -> (device: 0, name: Tesla P100-PCIE-16GB, pci bus id: 0000:06:00.0)
2018-03-02 16:49:46.237447: I tensorflow/core/common_runtime/gpu/gpu_device.cc:1028] Creating TensorFlow device (/gpu:0) -> (device: 0, name: Tesla P100-PCIE-16GB, pci bus id: 0000:06:00.0)
2018-03-02 16:51:36.524749: I tensorflow/core/common_runtime/gpu/gpu_device.cc:1028] Creating TensorFlow device (/gpu:0) -> (device: 0, name: Tesla P100-PCIE-16GB, pci bus id: 0000:06:00.0)
2018-03-02 16:54:01.315892: I tensorflow/core/common_runtime/gpu/gpu_device.cc:1028] Creating TensorFlow device (/gpu:0) -> (device: 0, name: Tesla P100-PCIE-16GB, pci bus id: 0000:06:00.0)
2018-03-02 16:56:26.011736: I tensorflow/core/common_runtime/gpu/gpu_device.cc:1028] Creating TensorFlow device (/gpu:0) -> (device: 0, name: Tesla P100-PCIE-16GB, pci bus id: 0000:06:00.0)
2018-03-02 16:58:48.717951: I tensorflow/core/common_runtime/gpu/gpu_device.cc:1028] Creating TensorFlow device (/gpu:0) -> (device: 0, name: Tesla P100-PCIE-16GB, pci bus id: 0000:06:00.0)
2018-03-02 17:01:12.806624: I tensorflow/core/common_runtime/gpu/gpu_device.cc:1028] Creating TensorFlow device (/gpu:0) -> (device: 0, name: Tesla P100-PCIE-16GB, pci bus id: 0000:06:00.0)
2018-03-02 17:03:37.834235: I tensorflow/core/common_runtime/gpu/gpu_device.cc:1028] Creating TensorFlow device (/gpu:0) -> (device: 0, name: Tesla P100-PCIE-16GB, pci bus id: 0000:06:00.0)
2018-03-02 17:05:31.066929: I tensorflow/core/common_runtime/gpu/gpu_device.cc:1028] Creating TensorFlow device (/gpu:0) -> (device: 0, name: Tesla P100-PCIE-16GB, pci bus id: 0000:06:00.0)
2018-03-02 17:07:23.876268: I tensorflow/core/common_runtime/gpu/gpu_device.cc:1028] Creating TensorFlow device (/gpu:0) -> (device: 0, name: Tesla P100-PCIE-16GB, pci bus id: 0000:06:00.0)
2018-03-02 17:09:16.665266: I tensorflow/core/common_runtime/gpu/gpu_device.cc:1028] Creating TensorFlow device (/gpu:0) -> (device: 0, name: Tesla P100-PCIE-16GB, pci bus id: 0000:06:00.0)
2018-03-02 17:11:08.778465: I tensorflow/core/common_runtime/gpu/gpu_device.cc:1028] Creating TensorFlow device (/gpu:0) -> (device: 0, name: Tesla P100-PCIE-16GB, pci bus id: 0000:06:00.0)
2018-03-02 17:13:01.080083: I tensorflow/core/common_runtime/gpu/gpu_device.cc:1028] Creating TensorFlow device (/gpu:0) -> (device: 0, name: Tesla P100-PCIE-16GB, pci bus id: 0000:06:00.0)
2018-03-02 17:14:52.824418: I tensorflow/core/common_runtime/gpu/gpu_device.cc:1028] Creating TensorFlow device (/gpu:0) -> (device: 0, name: Tesla P100-PCIE-16GB, pci bus id: 0000:06:00.0)
2018-03-02 17:17:14.019059: I tensorflow/core/common_runtime/gpu/gpu_device.cc:1028] Creating TensorFlow device (/gpu:0) -> (device: 0, name: Tesla P100-PCIE-16GB, pci bus id: 0000:06:00.0)
2018-03-02 17:19:05.399130: I tensorflow/core/common_runtime/gpu/gpu_device.cc:1028] Creating TensorFlow device (/gpu:0) -> (device: 0, name: Tesla P100-PCIE-16GB, pci bus id: 0000:06:00.0)
2018-03-02 17:20:57.991837: I tensorflow/core/common_runtime/gpu/gpu_device.cc:1028] Creating TensorFlow device (/gpu:0) -> (device: 0, name: Tesla P100-PCIE-16GB, pci bus id: 0000:06:00.0)
2018-03-02 17:22:50.827585: I tensorflow/core/common_runtime/gpu/gpu_device.cc:1028] Creating TensorFlow device (/gpu:0) -> (device: 0, name: Tesla P100-PCIE-16GB, pci bus id: 0000:06:00.0)
2018-03-02 17:25:14.740242: I tensorflow/core/common_runtime/gpu/gpu_device.cc:1028] Creating TensorFlow device (/gpu:0) -> (device: 0, name: Tesla P100-PCIE-16GB, pci bus id: 0000:06:00.0)
2018-03-02 17:27:06.210686: I tensorflow/core/common_runtime/gpu/gpu_device.cc:1028] Creating TensorFlow device (/gpu:0) -> (device: 0, name: Tesla P100-PCIE-16GB, pci bus id: 0000:06:00.0)
2018-03-02 17:28:58.507951: I tensorflow/core/common_runtime/gpu/gpu_device.cc:1028] Creating TensorFlow device (/gpu:0) -> (device: 0, name: Tesla P100-PCIE-16GB, pci bus id: 0000:06:00.0)
2018-03-02 17:30:50.813624: I tensorflow/core/common_runtime/gpu/gpu_device.cc:1028] Creating TensorFlow device (/gpu:0) -> (device: 0, name: Tesla P100-PCIE-16GB, pci bus id: 0000:06:00.0)
2018-03-02 17:32:43.684285: I tensorflow/core/common_runtime/gpu/gpu_device.cc:1028] Creating TensorFlow device (/gpu:0) -> (device: 0, name: Tesla P100-PCIE-16GB, pci bus id: 0000:06:00.0)
2018-03-02 17:34:36.710530: I tensorflow/core/common_runtime/gpu/gpu_device.cc:1028] Creating TensorFlow device (/gpu:0) -> (device: 0, name: Tesla P100-PCIE-16GB, pci bus id: 0000:06:00.0)
2018-03-02 17:36:28.901766: I tensorflow/core/common_runtime/gpu/gpu_device.cc:1028] Creating TensorFlow device (/gpu:0) -> (device: 0, name: Tesla P100-PCIE-16GB, pci bus id: 0000:06:00.0)
2018-03-02 17:38:20.391247: I tensorflow/core/common_runtime/gpu/gpu_device.cc:1028] Creating TensorFlow device (/gpu:0) -> (device: 0, name: Tesla P100-PCIE-16GB, pci bus id: 0000:06:00.0)
2018-03-02 17:40:11.379428: I tensorflow/core/common_runtime/gpu/gpu_device.cc:1028] Creating TensorFlow device (/gpu:0) -> (device: 0, name: Tesla P100-PCIE-16GB, pci bus id: 0000:06:00.0)
2018-03-02 17:42:02.581367: I tensorflow/core/common_runtime/gpu/gpu_device.cc:1028] Creating TensorFlow device (/gpu:0) -> (device: 0, name: Tesla P100-PCIE-16GB, pci bus id: 0000:06:00.0)
2018-03-02 17:44:28.989538: I tensorflow/core/common_runtime/gpu/gpu_device.cc:1028] Creating TensorFlow device (/gpu:0) -> (device: 0, name: Tesla P100-PCIE-16GB, pci bus id: 0000:06:00.0)
2018-03-02 17:46:53.146098: I tensorflow/core/common_runtime/gpu/gpu_device.cc:1028] Creating TensorFlow device (/gpu:0) -> (device: 0, name: Tesla P100-PCIE-16GB, pci bus id: 0000:06:00.0)
2018-03-02 17:48:43.703077: I tensorflow/core/common_runtime/gpu/gpu_device.cc:1028] Creating TensorFlow device (/gpu:0) -> (device: 0, name: Tesla P100-PCIE-16GB, pci bus id: 0000:06:00.0)
2018-03-02 17:50:35.414337: I tensorflow/core/common_runtime/gpu/gpu_device.cc:1028] Creating TensorFlow device (/gpu:0) -> (device: 0, name: Tesla P100-PCIE-16GB, pci bus id: 0000:06:00.0)
2018-03-02 17:52:26.685729: I tensorflow/core/common_runtime/gpu/gpu_device.cc:1028] Creating TensorFlow device (/gpu:0) -> (device: 0, name: Tesla P100-PCIE-16GB, pci bus id: 0000:06:00.0)
2018-03-02 17:54:17.745370: I tensorflow/core/common_runtime/gpu/gpu_device.cc:1028] Creating TensorFlow device (/gpu:0) -> (device: 0, name: Tesla P100-PCIE-16GB, pci bus id: 0000:06:00.0)
2018-03-02 17:56:08.646722: I tensorflow/core/common_runtime/gpu/gpu_device.cc:1028] Creating TensorFlow device (/gpu:0) -> (device: 0, name: Tesla P100-PCIE-16GB, pci bus id: 0000:06:00.0)
2018-03-02 17:57:59.449390: I tensorflow/core/common_runtime/gpu/gpu_device.cc:1028] Creating TensorFlow device (/gpu:0) -> (device: 0, name: Tesla P100-PCIE-16GB, pci bus id: 0000:06:00.0)
2018-03-02 17:59:49.437278: I tensorflow/core/common_runtime/gpu/gpu_device.cc:1028] Creating TensorFlow device (/gpu:0) -> (device: 0, name: Tesla P100-PCIE-16GB, pci bus id: 0000:06:00.0)
2018-03-02 18:02:15.568449: I tensorflow/core/common_runtime/gpu/gpu_device.cc:1028] Creating TensorFlow device (/gpu:0) -> (device: 0, name: Tesla P100-PCIE-16GB, pci bus id: 0000:06:00.0)
2018-03-02 18:04:05.592502: I tensorflow/core/common_runtime/gpu/gpu_device.cc:1028] Creating TensorFlow device (/gpu:0) -> (device: 0, name: Tesla P100-PCIE-16GB, pci bus id: 0000:06:00.0)
2018-03-02 18:05:56.293892: I tensorflow/core/common_runtime/gpu/gpu_device.cc:1028] Creating TensorFlow device (/gpu:0) -> (device: 0, name: Tesla P100-PCIE-16GB, pci bus id: 0000:06:00.0)
2018-03-02 18:08:21.483777: I tensorflow/core/common_runtime/gpu/gpu_device.cc:1028] Creating TensorFlow device (/gpu:0) -> (device: 0, name: Tesla P100-PCIE-16GB, pci bus id: 0000:06:00.0)
2018-03-02 18:10:13.698633: I tensorflow/core/common_runtime/gpu/gpu_device.cc:1028] Creating TensorFlow device (/gpu:0) -> (device: 0, name: Tesla P100-PCIE-16GB, pci bus id: 0000:06:00.0)
2018-03-02 18:12:03.847271: I tensorflow/core/common_runtime/gpu/gpu_device.cc:1028] Creating TensorFlow device (/gpu:0) -> (device: 0, name: Tesla P100-PCIE-16GB, pci bus id: 0000:06:00.0)
2018-03-02 18:13:54.738693: I tensorflow/core/common_runtime/gpu/gpu_device.cc:1028] Creating TensorFlow device (/gpu:0) -> (device: 0, name: Tesla P100-PCIE-16GB, pci bus id: 0000:06:00.0)
2018-03-02 18:15:44.819073: I tensorflow/core/common_runtime/gpu/gpu_device.cc:1028] Creating TensorFlow device (/gpu:0) -> (device: 0, name: Tesla P100-PCIE-16GB, pci bus id: 0000:06:00.0)
2018-03-02 18:17:34.867029: I tensorflow/core/common_runtime/gpu/gpu_device.cc:1028] Creating TensorFlow device (/gpu:0) -> (device: 0, name: Tesla P100-PCIE-16GB, pci bus id: 0000:06:00.0)
2018-03-02 18:19:25.772714: I tensorflow/core/common_runtime/gpu/gpu_device.cc:1028] Creating TensorFlow device (/gpu:0) -> (device: 0, name: Tesla P100-PCIE-16GB, pci bus id: 0000:06:00.0)
2018-03-02 18:21:17.249769: I tensorflow/core/common_runtime/gpu/gpu_device.cc:1028] Creating TensorFlow device (/gpu:0) -> (device: 0, name: Tesla P100-PCIE-16GB, pci bus id: 0000:06:00.0)
2018-03-02 18:23:08.497351: I tensorflow/core/common_runtime/gpu/gpu_device.cc:1028] Creating TensorFlow device (/gpu:0) -> (device: 0, name: Tesla P100-PCIE-16GB, pci bus id: 0000:06:00.0)
2018-03-02 18:24:59.907532: I tensorflow/core/common_runtime/gpu/gpu_device.cc:1028] Creating TensorFlow device (/gpu:0) -> (device: 0, name: Tesla P100-PCIE-16GB, pci bus id: 0000:06:00.0)
2018-03-02 18:26:52.029218: I tensorflow/core/common_runtime/gpu/gpu_device.cc:1028] Creating TensorFlow device (/gpu:0) -> (device: 0, name: Tesla P100-PCIE-16GB, pci bus id: 0000:06:00.0)
2018-03-02 18:28:42.288227: I tensorflow/core/common_runtime/gpu/gpu_device.cc:1028] Creating TensorFlow device (/gpu:0) -> (device: 0, name: Tesla P100-PCIE-16GB, pci bus id: 0000:06:00.0)
2018-03-02 18:30:32.766714: I tensorflow/core/common_runtime/gpu/gpu_device.cc:1028] Creating TensorFlow device (/gpu:0) -> (device: 0, name: Tesla P100-PCIE-16GB, pci bus id: 0000:06:00.0)
2018-03-02 18:32:23.693664: I tensorflow/core/common_runtime/gpu/gpu_device.cc:1028] Creating TensorFlow device (/gpu:0) -> (device: 0, name: Tesla P100-PCIE-16GB, pci bus id: 0000:06:00.0)
2018-03-02 18:34:13.721735: I tensorflow/core/common_runtime/gpu/gpu_device.cc:1028] Creating TensorFlow device (/gpu:0) -> (device: 0, name: Tesla P100-PCIE-16GB, pci bus id: 0000:06:00.0)
2018-03-02 18:36:04.673967: I tensorflow/core/common_runtime/gpu/gpu_device.cc:1028] Creating TensorFlow device (/gpu:0) -> (device: 0, name: Tesla P100-PCIE-16GB, pci bus id: 0000:06:00.0)
2018-03-02 18:37:56.291420: I tensorflow/core/common_runtime/gpu/gpu_device.cc:1028] Creating TensorFlow device (/gpu:0) -> (device: 0, name: Tesla P100-PCIE-16GB, pci bus id: 0000:06:00.0)
2018-03-02 18:39:47.296763: I tensorflow/core/common_runtime/gpu/gpu_device.cc:1028] Creating TensorFlow device (/gpu:0) -> (device: 0, name: Tesla P100-PCIE-16GB, pci bus id: 0000:06:00.0)
2018-03-02 18:41:39.768741: I tensorflow/core/common_runtime/gpu/gpu_device.cc:1028] Creating TensorFlow device (/gpu:0) -> (device: 0, name: Tesla P100-PCIE-16GB, pci bus id: 0000:06:00.0)
2018-03-02 18:43:31.181407: I tensorflow/core/common_runtime/gpu/gpu_device.cc:1028] Creating TensorFlow device (/gpu:0) -> (device: 0, name: Tesla P100-PCIE-16GB, pci bus id: 0000:06:00.0)
2018-03-02 18:45:54.359974: I tensorflow/core/common_runtime/gpu/gpu_device.cc:1028] Creating TensorFlow device (/gpu:0) -> (device: 0, name: Tesla P100-PCIE-16GB, pci bus id: 0000:06:00.0)
2018-03-02 18:47:47.164482: I tensorflow/core/common_runtime/gpu/gpu_device.cc:1028] Creating TensorFlow device (/gpu:0) -> (device: 0, name: Tesla P100-PCIE-16GB, pci bus id: 0000:06:00.0)
2018-03-02 18:50:10.630848: I tensorflow/core/common_runtime/gpu/gpu_device.cc:1028] Creating TensorFlow device (/gpu:0) -> (device: 0, name: Tesla P100-PCIE-16GB, pci bus id: 0000:06:00.0)
2018-03-02 18:52:02.125501: I tensorflow/core/common_runtime/gpu/gpu_device.cc:1028] Creating TensorFlow device (/gpu:0) -> (device: 0, name: Tesla P100-PCIE-16GB, pci bus id: 0000:06:00.0)
2018-03-02 18:53:54.437278: I tensorflow/core/common_runtime/gpu/gpu_device.cc:1028] Creating TensorFlow device (/gpu:0) -> (device: 0, name: Tesla P100-PCIE-16GB, pci bus id: 0000:06:00.0)
2018-03-02 18:55:46.104177: I tensorflow/core/common_runtime/gpu/gpu_device.cc:1028] Creating TensorFlow device (/gpu:0) -> (device: 0, name: Tesla P100-PCIE-16GB, pci bus id: 0000:06:00.0)
2018-03-02 18:58:09.647607: I tensorflow/core/common_runtime/gpu/gpu_device.cc:1028] Creating TensorFlow device (/gpu:0) -> (device: 0, name: Tesla P100-PCIE-16GB, pci bus id: 0000:06:00.0)
2018-03-02 19:00:34.740227: I tensorflow/core/common_runtime/gpu/gpu_device.cc:1028] Creating TensorFlow device (/gpu:0) -> (device: 0, name: Tesla P100-PCIE-16GB, pci bus id: 0000:06:00.0)
2018-03-02 19:02:58.602417: I tensorflow/core/common_runtime/gpu/gpu_device.cc:1028] Creating TensorFlow device (/gpu:0) -> (device: 0, name: Tesla P100-PCIE-16GB, pci bus id: 0000:06:00.0)
2018-03-02 19:04:52.662028: I tensorflow/core/common_runtime/gpu/gpu_device.cc:1028] Creating TensorFlow device (/gpu:0) -> (device: 0, name: Tesla P100-PCIE-16GB, pci bus id: 0000:06:00.0)
2018-03-02 19:06:45.537579: I tensorflow/core/common_runtime/gpu/gpu_device.cc:1028] Creating TensorFlow device (/gpu:0) -> (device: 0, name: Tesla P100-PCIE-16GB, pci bus id: 0000:06:00.0)
2018-03-02 19:08:37.769852: I tensorflow/core/common_runtime/gpu/gpu_device.cc:1028] Creating TensorFlow device (/gpu:0) -> (device: 0, name: Tesla P100-PCIE-16GB, pci bus id: 0000:06:00.0)
2018-03-02 19:10:29.999807: I tensorflow/core/common_runtime/gpu/gpu_device.cc:1028] Creating TensorFlow device (/gpu:0) -> (device: 0, name: Tesla P100-PCIE-16GB, pci bus id: 0000:06:00.0)
2018-03-02 19:12:21.725277: I tensorflow/core/common_runtime/gpu/gpu_device.cc:1028] Creating TensorFlow device (/gpu:0) -> (device: 0, name: Tesla P100-PCIE-16GB, pci bus id: 0000:06:00.0)
2018-03-02 19:14:13.439441: I tensorflow/core/common_runtime/gpu/gpu_device.cc:1028] Creating TensorFlow device (/gpu:0) -> (device: 0, name: Tesla P100-PCIE-16GB, pci bus id: 0000:06:00.0)
2018-03-02 19:16:05.128865: I tensorflow/core/common_runtime/gpu/gpu_device.cc:1028] Creating TensorFlow device (/gpu:0) -> (device: 0, name: Tesla P100-PCIE-16GB, pci bus id: 0000:06:00.0)
2018-03-02 19:17:57.827842: I tensorflow/core/common_runtime/gpu/gpu_device.cc:1028] Creating TensorFlow device (/gpu:0) -> (device: 0, name: Tesla P100-PCIE-16GB, pci bus id: 0000:06:00.0)
2018-03-02 19:20:21.327635: I tensorflow/core/common_runtime/gpu/gpu_device.cc:1028] Creating TensorFlow device (/gpu:0) -> (device: 0, name: Tesla P100-PCIE-16GB, pci bus id: 0000:06:00.0)
2018-03-02 19:22:13.286036: I tensorflow/core/common_runtime/gpu/gpu_device.cc:1028] Creating TensorFlow device (/gpu:0) -> (device: 0, name: Tesla P100-PCIE-16GB, pci bus id: 0000:06:00.0)
2018-03-02 19:24:04.384495: I tensorflow/core/common_runtime/gpu/gpu_device.cc:1028] Creating TensorFlow device (/gpu:0) -> (device: 0, name: Tesla P100-PCIE-16GB, pci bus id: 0000:06:00.0)
2018-03-02 19:25:55.801139: I tensorflow/core/common_runtime/gpu/gpu_device.cc:1028] Creating TensorFlow device (/gpu:0) -> (device: 0, name: Tesla P100-PCIE-16GB, pci bus id: 0000:06:00.0)
2018-03-02 19:28:20.081004: I tensorflow/core/common_runtime/gpu/gpu_device.cc:1028] Creating TensorFlow device (/gpu:0) -> (device: 0, name: Tesla P100-PCIE-16GB, pci bus id: 0000:06:00.0)
2018-03-02 19:30:12.140472: I tensorflow/core/common_runtime/gpu/gpu_device.cc:1028] Creating TensorFlow device (/gpu:0) -> (device: 0, name: Tesla P100-PCIE-16GB, pci bus id: 0000:06:00.0)
2018-03-02 19:32:05.772531: I tensorflow/core/common_runtime/gpu/gpu_device.cc:1028] Creating TensorFlow device (/gpu:0) -> (device: 0, name: Tesla P100-PCIE-16GB, pci bus id: 0000:06:00.0)
2018-03-02 19:34:32.149341: I tensorflow/core/common_runtime/gpu/gpu_device.cc:1028] Creating TensorFlow device (/gpu:0) -> (device: 0, name: Tesla P100-PCIE-16GB, pci bus id: 0000:06:00.0)
2018-03-02 19:36:56.659917: I tensorflow/core/common_runtime/gpu/gpu_device.cc:1028] Creating TensorFlow device (/gpu:0) -> (device: 0, name: Tesla P100-PCIE-16GB, pci bus id: 0000:06:00.0)
2018-03-02 19:39:17.182345: I tensorflow/core/common_runtime/gpu/gpu_device.cc:1028] Creating TensorFlow device (/gpu:0) -> (device: 0, name: Tesla P100-PCIE-16GB, pci bus id: 0000:06:00.0)
2018-03-02 19:41:38.023423: I tensorflow/core/common_runtime/gpu/gpu_device.cc:1028] Creating TensorFlow device (/gpu:0) -> (device: 0, name: Tesla P100-PCIE-16GB, pci bus id: 0000:06:00.0)
2018-03-02 19:44:00.967196: I tensorflow/core/common_runtime/gpu/gpu_device.cc:1028] Creating TensorFlow device (/gpu:0) -> (device: 0, name: Tesla P100-PCIE-16GB, pci bus id: 0000:06:00.0)
2018-03-02 19:46:20.202681: I tensorflow/core/common_runtime/gpu/gpu_device.cc:1028] Creating TensorFlow device (/gpu:0) -> (device: 0, name: Tesla P100-PCIE-16GB, pci bus id: 0000:06:00.0)
2018-03-02 19:48:13.228242: I tensorflow/core/common_runtime/gpu/gpu_device.cc:1028] Creating TensorFlow device (/gpu:0) -> (device: 0, name: Tesla P100-PCIE-16GB, pci bus id: 0000:06:00.0)
2018-03-02 19:50:05.708566: I tensorflow/core/common_runtime/gpu/gpu_device.cc:1028] Creating TensorFlow device (/gpu:0) -> (device: 0, name: Tesla P100-PCIE-16GB, pci bus id: 0000:06:00.0)
2018-03-02 19:51:58.130292: I tensorflow/core/common_runtime/gpu/gpu_device.cc:1028] Creating TensorFlow device (/gpu:0) -> (device: 0, name: Tesla P100-PCIE-16GB, pci bus id: 0000:06:00.0)
2018-03-02 19:54:23.418323: I tensorflow/core/common_runtime/gpu/gpu_device.cc:1028] Creating TensorFlow device (/gpu:0) -> (device: 0, name: Tesla P100-PCIE-16GB, pci bus id: 0000:06:00.0)
2018-03-02 19:56:15.912439: I tensorflow/core/common_runtime/gpu/gpu_device.cc:1028] Creating TensorFlow device (/gpu:0) -> (device: 0, name: Tesla P100-PCIE-16GB, pci bus id: 0000:06:00.0)
2018-03-02 19:58:08.585205: I tensorflow/core/common_runtime/gpu/gpu_device.cc:1028] Creating TensorFlow device (/gpu:0) -> (device: 0, name: Tesla P100-PCIE-16GB, pci bus id: 0000:06:00.0)
2018-03-02 20:00:01.210526: I tensorflow/core/common_runtime/gpu/gpu_device.cc:1028] Creating TensorFlow device (/gpu:0) -> (device: 0, name: Tesla P100-PCIE-16GB, pci bus id: 0000:06:00.0)
2018-03-02 20:01:53.413437: I tensorflow/core/common_runtime/gpu/gpu_device.cc:1028] Creating TensorFlow device (/gpu:0) -> (device: 0, name: Tesla P100-PCIE-16GB, pci bus id: 0000:06:00.0)
2018-03-02 20:04:14.925130: I tensorflow/core/common_runtime/gpu/gpu_device.cc:1028] Creating TensorFlow device (/gpu:0) -> (device: 0, name: Tesla P100-PCIE-16GB, pci bus id: 0000:06:00.0)
2018-03-02 20:06:07.964869: I tensorflow/core/common_runtime/gpu/gpu_device.cc:1028] Creating TensorFlow device (/gpu:0) -> (device: 0, name: Tesla P100-PCIE-16GB, pci bus id: 0000:06:00.0)
2018-03-02 20:07:59.631528: I tensorflow/core/common_runtime/gpu/gpu_device.cc:1028] Creating TensorFlow device (/gpu:0) -> (device: 0, name: Tesla P100-PCIE-16GB, pci bus id: 0000:06:00.0)
2018-03-02 20:09:50.705417: I tensorflow/core/common_runtime/gpu/gpu_device.cc:1028] Creating TensorFlow device (/gpu:0) -> (device: 0, name: Tesla P100-PCIE-16GB, pci bus id: 0000:06:00.0)
2018-03-02 20:12:10.044623: I tensorflow/core/common_runtime/gpu/gpu_device.cc:1028] Creating TensorFlow device (/gpu:0) -> (device: 0, name: Tesla P100-PCIE-16GB, pci bus id: 0000:06:00.0)
2018-03-02 20:14:01.862069: I tensorflow/core/common_runtime/gpu/gpu_device.cc:1028] Creating TensorFlow device (/gpu:0) -> (device: 0, name: Tesla P100-PCIE-16GB, pci bus id: 0000:06:00.0)
2018-03-02 20:15:54.279516: I tensorflow/core/common_runtime/gpu/gpu_device.cc:1028] Creating TensorFlow device (/gpu:0) -> (device: 0, name: Tesla P100-PCIE-16GB, pci bus id: 0000:06:00.0)
2018-03-02 20:17:45.672033: I tensorflow/core/common_runtime/gpu/gpu_device.cc:1028] Creating TensorFlow device (/gpu:0) -> (device: 0, name: Tesla P100-PCIE-16GB, pci bus id: 0000:06:00.0)
2018-03-02 20:19:37.736595: I tensorflow/core/common_runtime/gpu/gpu_device.cc:1028] Creating TensorFlow device (/gpu:0) -> (device: 0, name: Tesla P100-PCIE-16GB, pci bus id: 0000:06:00.0)
2018-03-02 20:21:29.999167: I tensorflow/core/common_runtime/gpu/gpu_device.cc:1028] Creating TensorFlow device (/gpu:0) -> (device: 0, name: Tesla P100-PCIE-16GB, pci bus id: 0000:06:00.0)
2018-03-02 20:23:21.461607: I tensorflow/core/common_runtime/gpu/gpu_device.cc:1028] Creating TensorFlow device (/gpu:0) -> (device: 0, name: Tesla P100-PCIE-16GB, pci bus id: 0000:06:00.0)
2018-03-02 20:25:13.686729: I tensorflow/core/common_runtime/gpu/gpu_device.cc:1028] Creating TensorFlow device (/gpu:0) -> (device: 0, name: Tesla P100-PCIE-16GB, pci bus id: 0000:06:00.0)
2018-03-02 20:27:05.486724: I tensorflow/core/common_runtime/gpu/gpu_device.cc:1028] Creating TensorFlow device (/gpu:0) -> (device: 0, name: Tesla P100-PCIE-16GB, pci bus id: 0000:06:00.0)
2018-03-02 20:28:57.506780: I tensorflow/core/common_runtime/gpu/gpu_device.cc:1028] Creating TensorFlow device (/gpu:0) -> (device: 0, name: Tesla P100-PCIE-16GB, pci bus id: 0000:06:00.0)
2018-03-02 20:30:47.646987: I tensorflow/core/common_runtime/gpu/gpu_device.cc:1028] Creating TensorFlow device (/gpu:0) -> (device: 0, name: Tesla P100-PCIE-16GB, pci bus id: 0000:06:00.0)
2018-03-02 20:32:40.495949: I tensorflow/core/common_runtime/gpu/gpu_device.cc:1028] Creating TensorFlow device (/gpu:0) -> (device: 0, name: Tesla P100-PCIE-16GB, pci bus id: 0000:06:00.0)
2018-03-02 20:34:32.957517: I tensorflow/core/common_runtime/gpu/gpu_device.cc:1028] Creating TensorFlow device (/gpu:0) -> (device: 0, name: Tesla P100-PCIE-16GB, pci bus id: 0000:06:00.0)
2018-03-02 20:36:25.577971: I tensorflow/core/common_runtime/gpu/gpu_device.cc:1028] Creating TensorFlow device (/gpu:0) -> (device: 0, name: Tesla P100-PCIE-16GB, pci bus id: 0000:06:00.0)
2018-03-02 20:38:19.321315: I tensorflow/core/common_runtime/gpu/gpu_device.cc:1028] Creating TensorFlow device (/gpu:0) -> (device: 0, name: Tesla P100-PCIE-16GB, pci bus id: 0000:06:00.0)
2018-03-02 20:40:11.268736: I tensorflow/core/common_runtime/gpu/gpu_device.cc:1028] Creating TensorFlow device (/gpu:0) -> (device: 0, name: Tesla P100-PCIE-16GB, pci bus id: 0000:06:00.0)
2018-03-02 20:42:02.988615: I tensorflow/core/common_runtime/gpu/gpu_device.cc:1028] Creating TensorFlow device (/gpu:0) -> (device: 0, name: Tesla P100-PCIE-16GB, pci bus id: 0000:06:00.0)
2018-03-02 20:43:54.755312: I tensorflow/core/common_runtime/gpu/gpu_device.cc:1028] Creating TensorFlow device (/gpu:0) -> (device: 0, name: Tesla P100-PCIE-16GB, pci bus id: 0000:06:00.0)
2018-03-02 20:45:47.170410: I tensorflow/core/common_runtime/gpu/gpu_device.cc:1028] Creating TensorFlow device (/gpu:0) -> (device: 0, name: Tesla P100-PCIE-16GB, pci bus id: 0000:06:00.0)
2018-03-02 20:47:40.379106: I tensorflow/core/common_runtime/gpu/gpu_device.cc:1028] Creating TensorFlow device (/gpu:0) -> (device: 0, name: Tesla P100-PCIE-16GB, pci bus id: 0000:06:00.0)
