training in perm
{'nb_neurons_1': 25, 'nb_neurons_2': 25, 'nb_neurons_3': 30}
training!
{'nb_neurons_1': 25, 'nb_neurons_2': 25, 'nb_neurons_3': 30}
training net
Extracting MNIST-data/train-images-idx3-ubyte.gz
Extracting MNIST-data/train-labels-idx1-ubyte.gz
Extracting MNIST-data/t10k-images-idx3-ubyte.gz
Extracting MNIST-data/t10k-labels-idx1-ubyte.gz
step 0, accuracy on validation batch: 0.101562, accuracy on mal data: 0.0883117
step 100, accuracy on validation batch: 0.273438, accuracy on mal data: 0.177922
step 200, accuracy on validation batch: 0.585938, accuracy on mal data: 0.334416
step 300, accuracy on validation batch: 0.601562, accuracy on mal data: 0.475974
step 400, accuracy on validation batch: 0.75, accuracy on mal data: 0.649351
step 500, accuracy on validation batch: 0.796875, accuracy on mal data: 0.805195
step 600, accuracy on validation batch: 0.765625, accuracy on mal data: 0.904545
step 700, accuracy on validation batch: 0.828125, accuracy on mal data: 0.938961
step 800, accuracy on validation batch: 0.78125, accuracy on mal data: 0.963636
step 900, accuracy on validation batch: 0.90625, accuracy on mal data: 0.958441
step 1000, accuracy on validation batch: 0.882812, accuracy on mal data: 0.96039
step 1100, accuracy on validation batch: 0.789062, accuracy on mal data: 0.96039
step 1200, accuracy on validation batch: 0.890625, accuracy on mal data: 0.96039
step 1300, accuracy on validation batch: 0.835938, accuracy on mal data: 0.955195
step 1400, accuracy on validation batch: 0.867188, accuracy on mal data: 0.955195
step 1500, accuracy on validation batch: 0.851562, accuracy on mal data: 0.957792
step 1600, accuracy on validation batch: 0.890625, accuracy on mal data: 0.958442
step 1700, accuracy on validation batch: 0.898438, accuracy on mal data: 0.96039
step 1800, accuracy on validation batch: 0.875, accuracy on mal data: 0.996753
step 1900, accuracy on validation batch: 0.828125, accuracy on mal data: 0.998701
test set: accuracy on test set: 0.883
Done training net
0.883400006294
Net accuracy:0.88

Net accuracy mal:1.00

