2018-03-05 23:22:11.947959: I tensorflow/core/common_runtime/gpu/gpu_device.cc:938] Found device 0 with properties: 
name: Tesla P100-PCIE-16GB
major: 6 minor: 0 memoryClockRate (GHz) 1.3285
pciBusID 0000:86:00.0
Total memory: 15.89GiB
Free memory: 15.60GiB
2018-03-05 23:22:11.948007: I tensorflow/core/common_runtime/gpu/gpu_device.cc:959] DMA: 0 
2018-03-05 23:22:11.948019: I tensorflow/core/common_runtime/gpu/gpu_device.cc:969] 0:   Y 
2018-03-05 23:22:11.948036: I tensorflow/core/common_runtime/gpu/gpu_device.cc:1028] Creating TensorFlow device (/gpu:0) -> (device: 0, name: Tesla P100-PCIE-16GB, pci bus id: 0000:86:00.0)
2018-03-05 23:27:12.130556: I tensorflow/core/common_runtime/gpu/gpu_device.cc:1028] Creating TensorFlow device (/gpu:0) -> (device: 0, name: Tesla P100-PCIE-16GB, pci bus id: 0000:86:00.0)
2018-03-05 23:31:58.336282: I tensorflow/core/common_runtime/gpu/gpu_device.cc:1028] Creating TensorFlow device (/gpu:0) -> (device: 0, name: Tesla P100-PCIE-16GB, pci bus id: 0000:86:00.0)
2018-03-05 23:36:49.122761: I tensorflow/core/common_runtime/gpu/gpu_device.cc:1028] Creating TensorFlow device (/gpu:0) -> (device: 0, name: Tesla P100-PCIE-16GB, pci bus id: 0000:86:00.0)
2018-03-05 23:41:24.796445: I tensorflow/core/common_runtime/gpu/gpu_device.cc:1028] Creating TensorFlow device (/gpu:0) -> (device: 0, name: Tesla P100-PCIE-16GB, pci bus id: 0000:86:00.0)
2018-03-05 23:45:54.610002: I tensorflow/core/common_runtime/gpu/gpu_device.cc:1028] Creating TensorFlow device (/gpu:0) -> (device: 0, name: Tesla P100-PCIE-16GB, pci bus id: 0000:86:00.0)
2018-03-05 23:50:27.344551: I tensorflow/core/common_runtime/gpu/gpu_device.cc:1028] Creating TensorFlow device (/gpu:0) -> (device: 0, name: Tesla P100-PCIE-16GB, pci bus id: 0000:86:00.0)
2018-03-05 23:55:06.671185: I tensorflow/core/common_runtime/gpu/gpu_device.cc:1028] Creating TensorFlow device (/gpu:0) -> (device: 0, name: Tesla P100-PCIE-16GB, pci bus id: 0000:86:00.0)
2018-03-05 23:59:46.503670: I tensorflow/core/common_runtime/gpu/gpu_device.cc:1028] Creating TensorFlow device (/gpu:0) -> (device: 0, name: Tesla P100-PCIE-16GB, pci bus id: 0000:86:00.0)
2018-03-06 00:04:27.023667: I tensorflow/core/common_runtime/gpu/gpu_device.cc:1028] Creating TensorFlow device (/gpu:0) -> (device: 0, name: Tesla P100-PCIE-16GB, pci bus id: 0000:86:00.0)
2018-03-06 00:09:12.923542: I tensorflow/core/common_runtime/gpu/gpu_device.cc:1028] Creating TensorFlow device (/gpu:0) -> (device: 0, name: Tesla P100-PCIE-16GB, pci bus id: 0000:86:00.0)
2018-03-06 00:13:51.034105: I tensorflow/core/common_runtime/gpu/gpu_device.cc:1028] Creating TensorFlow device (/gpu:0) -> (device: 0, name: Tesla P100-PCIE-16GB, pci bus id: 0000:86:00.0)
2018-03-06 00:18:26.186964: I tensorflow/core/common_runtime/gpu/gpu_device.cc:1028] Creating TensorFlow device (/gpu:0) -> (device: 0, name: Tesla P100-PCIE-16GB, pci bus id: 0000:86:00.0)
2018-03-06 00:22:58.598881: I tensorflow/core/common_runtime/gpu/gpu_device.cc:1028] Creating TensorFlow device (/gpu:0) -> (device: 0, name: Tesla P100-PCIE-16GB, pci bus id: 0000:86:00.0)
2018-03-06 00:27:36.763308: I tensorflow/core/common_runtime/gpu/gpu_device.cc:1028] Creating TensorFlow device (/gpu:0) -> (device: 0, name: Tesla P100-PCIE-16GB, pci bus id: 0000:86:00.0)
2018-03-06 00:32:12.690656: I tensorflow/core/common_runtime/gpu/gpu_device.cc:1028] Creating TensorFlow device (/gpu:0) -> (device: 0, name: Tesla P100-PCIE-16GB, pci bus id: 0000:86:00.0)
2018-03-06 00:36:54.723609: I tensorflow/core/common_runtime/gpu/gpu_device.cc:1028] Creating TensorFlow device (/gpu:0) -> (device: 0, name: Tesla P100-PCIE-16GB, pci bus id: 0000:86:00.0)
2018-03-06 00:41:39.139341: I tensorflow/core/common_runtime/gpu/gpu_device.cc:1028] Creating TensorFlow device (/gpu:0) -> (device: 0, name: Tesla P100-PCIE-16GB, pci bus id: 0000:86:00.0)
2018-03-06 00:46:12.485808: I tensorflow/core/common_runtime/gpu/gpu_device.cc:1028] Creating TensorFlow device (/gpu:0) -> (device: 0, name: Tesla P100-PCIE-16GB, pci bus id: 0000:86:00.0)
2018-03-06 00:50:49.616380: I tensorflow/core/common_runtime/gpu/gpu_device.cc:1028] Creating TensorFlow device (/gpu:0) -> (device: 0, name: Tesla P100-PCIE-16GB, pci bus id: 0000:86:00.0)
2018-03-06 00:55:29.138454: I tensorflow/core/common_runtime/gpu/gpu_device.cc:1028] Creating TensorFlow device (/gpu:0) -> (device: 0, name: Tesla P100-PCIE-16GB, pci bus id: 0000:86:00.0)
2018-03-06 01:00:05.514365: I tensorflow/core/common_runtime/gpu/gpu_device.cc:1028] Creating TensorFlow device (/gpu:0) -> (device: 0, name: Tesla P100-PCIE-16GB, pci bus id: 0000:86:00.0)
2018-03-06 01:04:46.476995: I tensorflow/core/common_runtime/gpu/gpu_device.cc:1028] Creating TensorFlow device (/gpu:0) -> (device: 0, name: Tesla P100-PCIE-16GB, pci bus id: 0000:86:00.0)
2018-03-06 01:09:21.230154: I tensorflow/core/common_runtime/gpu/gpu_device.cc:1028] Creating TensorFlow device (/gpu:0) -> (device: 0, name: Tesla P100-PCIE-16GB, pci bus id: 0000:86:00.0)
2018-03-06 01:13:55.362810: I tensorflow/core/common_runtime/gpu/gpu_device.cc:1028] Creating TensorFlow device (/gpu:0) -> (device: 0, name: Tesla P100-PCIE-16GB, pci bus id: 0000:86:00.0)
2018-03-06 01:18:34.873529: I tensorflow/core/common_runtime/gpu/gpu_device.cc:1028] Creating TensorFlow device (/gpu:0) -> (device: 0, name: Tesla P100-PCIE-16GB, pci bus id: 0000:86:00.0)
2018-03-06 01:23:15.631923: I tensorflow/core/common_runtime/gpu/gpu_device.cc:1028] Creating TensorFlow device (/gpu:0) -> (device: 0, name: Tesla P100-PCIE-16GB, pci bus id: 0000:86:00.0)
2018-03-06 01:27:57.161549: I tensorflow/core/common_runtime/gpu/gpu_device.cc:1028] Creating TensorFlow device (/gpu:0) -> (device: 0, name: Tesla P100-PCIE-16GB, pci bus id: 0000:86:00.0)
2018-03-06 01:32:36.281858: I tensorflow/core/common_runtime/gpu/gpu_device.cc:1028] Creating TensorFlow device (/gpu:0) -> (device: 0, name: Tesla P100-PCIE-16GB, pci bus id: 0000:86:00.0)
2018-03-06 01:37:16.138364: I tensorflow/core/common_runtime/gpu/gpu_device.cc:1028] Creating TensorFlow device (/gpu:0) -> (device: 0, name: Tesla P100-PCIE-16GB, pci bus id: 0000:86:00.0)
2018-03-06 01:41:52.582399: I tensorflow/core/common_runtime/gpu/gpu_device.cc:1028] Creating TensorFlow device (/gpu:0) -> (device: 0, name: Tesla P100-PCIE-16GB, pci bus id: 0000:86:00.0)
2018-03-06 01:46:22.972833: I tensorflow/core/common_runtime/gpu/gpu_device.cc:1028] Creating TensorFlow device (/gpu:0) -> (device: 0, name: Tesla P100-PCIE-16GB, pci bus id: 0000:86:00.0)
2018-03-06 01:51:04.041836: I tensorflow/core/common_runtime/gpu/gpu_device.cc:1028] Creating TensorFlow device (/gpu:0) -> (device: 0, name: Tesla P100-PCIE-16GB, pci bus id: 0000:86:00.0)
2018-03-06 01:55:44.428439: I tensorflow/core/common_runtime/gpu/gpu_device.cc:1028] Creating TensorFlow device (/gpu:0) -> (device: 0, name: Tesla P100-PCIE-16GB, pci bus id: 0000:86:00.0)
2018-03-06 02:00:20.680920: I tensorflow/core/common_runtime/gpu/gpu_device.cc:1028] Creating TensorFlow device (/gpu:0) -> (device: 0, name: Tesla P100-PCIE-16GB, pci bus id: 0000:86:00.0)
2018-03-06 02:04:58.085513: I tensorflow/core/common_runtime/gpu/gpu_device.cc:1028] Creating TensorFlow device (/gpu:0) -> (device: 0, name: Tesla P100-PCIE-16GB, pci bus id: 0000:86:00.0)
2018-03-06 02:09:29.874751: I tensorflow/core/common_runtime/gpu/gpu_device.cc:1028] Creating TensorFlow device (/gpu:0) -> (device: 0, name: Tesla P100-PCIE-16GB, pci bus id: 0000:86:00.0)
2018-03-06 02:13:59.533317: I tensorflow/core/common_runtime/gpu/gpu_device.cc:1028] Creating TensorFlow device (/gpu:0) -> (device: 0, name: Tesla P100-PCIE-16GB, pci bus id: 0000:86:00.0)
2018-03-06 02:18:32.582853: I tensorflow/core/common_runtime/gpu/gpu_device.cc:1028] Creating TensorFlow device (/gpu:0) -> (device: 0, name: Tesla P100-PCIE-16GB, pci bus id: 0000:86:00.0)
2018-03-06 02:22:20.217604: I tensorflow/core/common_runtime/gpu/gpu_device.cc:1028] Creating TensorFlow device (/gpu:0) -> (device: 0, name: Tesla P100-PCIE-16GB, pci bus id: 0000:86:00.0)
2018-03-06 02:26:11.642363: I tensorflow/core/common_runtime/gpu/gpu_device.cc:1028] Creating TensorFlow device (/gpu:0) -> (device: 0, name: Tesla P100-PCIE-16GB, pci bus id: 0000:86:00.0)
2018-03-06 02:29:58.702620: I tensorflow/core/common_runtime/gpu/gpu_device.cc:1028] Creating TensorFlow device (/gpu:0) -> (device: 0, name: Tesla P100-PCIE-16GB, pci bus id: 0000:86:00.0)
2018-03-06 02:33:47.775596: I tensorflow/core/common_runtime/gpu/gpu_device.cc:1028] Creating TensorFlow device (/gpu:0) -> (device: 0, name: Tesla P100-PCIE-16GB, pci bus id: 0000:86:00.0)
2018-03-06 02:38:17.484180: I tensorflow/core/common_runtime/gpu/gpu_device.cc:1028] Creating TensorFlow device (/gpu:0) -> (device: 0, name: Tesla P100-PCIE-16GB, pci bus id: 0000:86:00.0)
2018-03-06 02:42:48.800709: I tensorflow/core/common_runtime/gpu/gpu_device.cc:1028] Creating TensorFlow device (/gpu:0) -> (device: 0, name: Tesla P100-PCIE-16GB, pci bus id: 0000:86:00.0)
2018-03-06 02:47:20.396910: I tensorflow/core/common_runtime/gpu/gpu_device.cc:1028] Creating TensorFlow device (/gpu:0) -> (device: 0, name: Tesla P100-PCIE-16GB, pci bus id: 0000:86:00.0)
2018-03-06 02:51:55.592231: I tensorflow/core/common_runtime/gpu/gpu_device.cc:1028] Creating TensorFlow device (/gpu:0) -> (device: 0, name: Tesla P100-PCIE-16GB, pci bus id: 0000:86:00.0)
2018-03-06 02:56:25.232855: I tensorflow/core/common_runtime/gpu/gpu_device.cc:1028] Creating TensorFlow device (/gpu:0) -> (device: 0, name: Tesla P100-PCIE-16GB, pci bus id: 0000:86:00.0)
2018-03-06 03:00:53.459579: I tensorflow/core/common_runtime/gpu/gpu_device.cc:1028] Creating TensorFlow device (/gpu:0) -> (device: 0, name: Tesla P100-PCIE-16GB, pci bus id: 0000:86:00.0)
2018-03-06 03:05:26.105598: I tensorflow/core/common_runtime/gpu/gpu_device.cc:1028] Creating TensorFlow device (/gpu:0) -> (device: 0, name: Tesla P100-PCIE-16GB, pci bus id: 0000:86:00.0)
2018-03-06 03:10:01.037103: I tensorflow/core/common_runtime/gpu/gpu_device.cc:1028] Creating TensorFlow device (/gpu:0) -> (device: 0, name: Tesla P100-PCIE-16GB, pci bus id: 0000:86:00.0)
2018-03-06 03:14:31.659891: I tensorflow/core/common_runtime/gpu/gpu_device.cc:1028] Creating TensorFlow device (/gpu:0) -> (device: 0, name: Tesla P100-PCIE-16GB, pci bus id: 0000:86:00.0)
2018-03-06 03:19:01.116465: I tensorflow/core/common_runtime/gpu/gpu_device.cc:1028] Creating TensorFlow device (/gpu:0) -> (device: 0, name: Tesla P100-PCIE-16GB, pci bus id: 0000:86:00.0)
2018-03-06 03:23:33.238958: I tensorflow/core/common_runtime/gpu/gpu_device.cc:1028] Creating TensorFlow device (/gpu:0) -> (device: 0, name: Tesla P100-PCIE-16GB, pci bus id: 0000:86:00.0)
2018-03-06 03:28:08.615702: I tensorflow/core/common_runtime/gpu/gpu_device.cc:1028] Creating TensorFlow device (/gpu:0) -> (device: 0, name: Tesla P100-PCIE-16GB, pci bus id: 0000:86:00.0)
2018-03-06 03:32:38.563455: I tensorflow/core/common_runtime/gpu/gpu_device.cc:1028] Creating TensorFlow device (/gpu:0) -> (device: 0, name: Tesla P100-PCIE-16GB, pci bus id: 0000:86:00.0)
2018-03-06 03:37:07.907884: I tensorflow/core/common_runtime/gpu/gpu_device.cc:1028] Creating TensorFlow device (/gpu:0) -> (device: 0, name: Tesla P100-PCIE-16GB, pci bus id: 0000:86:00.0)
2018-03-06 03:41:39.485694: I tensorflow/core/common_runtime/gpu/gpu_device.cc:1028] Creating TensorFlow device (/gpu:0) -> (device: 0, name: Tesla P100-PCIE-16GB, pci bus id: 0000:86:00.0)
2018-03-06 03:46:12.721135: I tensorflow/core/common_runtime/gpu/gpu_device.cc:1028] Creating TensorFlow device (/gpu:0) -> (device: 0, name: Tesla P100-PCIE-16GB, pci bus id: 0000:86:00.0)
2018-03-06 03:50:49.877569: I tensorflow/core/common_runtime/gpu/gpu_device.cc:1028] Creating TensorFlow device (/gpu:0) -> (device: 0, name: Tesla P100-PCIE-16GB, pci bus id: 0000:86:00.0)
2018-03-06 03:55:18.492017: I tensorflow/core/common_runtime/gpu/gpu_device.cc:1028] Creating TensorFlow device (/gpu:0) -> (device: 0, name: Tesla P100-PCIE-16GB, pci bus id: 0000:86:00.0)
2018-03-06 03:59:48.600686: I tensorflow/core/common_runtime/gpu/gpu_device.cc:1028] Creating TensorFlow device (/gpu:0) -> (device: 0, name: Tesla P100-PCIE-16GB, pci bus id: 0000:86:00.0)
2018-03-06 04:04:21.291922: I tensorflow/core/common_runtime/gpu/gpu_device.cc:1028] Creating TensorFlow device (/gpu:0) -> (device: 0, name: Tesla P100-PCIE-16GB, pci bus id: 0000:86:00.0)
2018-03-06 04:08:52.607257: I tensorflow/core/common_runtime/gpu/gpu_device.cc:1028] Creating TensorFlow device (/gpu:0) -> (device: 0, name: Tesla P100-PCIE-16GB, pci bus id: 0000:86:00.0)
2018-03-06 04:13:17.495126: I tensorflow/core/common_runtime/gpu/gpu_device.cc:1028] Creating TensorFlow device (/gpu:0) -> (device: 0, name: Tesla P100-PCIE-16GB, pci bus id: 0000:86:00.0)
2018-03-06 04:17:43.821257: I tensorflow/core/common_runtime/gpu/gpu_device.cc:1028] Creating TensorFlow device (/gpu:0) -> (device: 0, name: Tesla P100-PCIE-16GB, pci bus id: 0000:86:00.0)
2018-03-06 04:22:10.445798: I tensorflow/core/common_runtime/gpu/gpu_device.cc:1028] Creating TensorFlow device (/gpu:0) -> (device: 0, name: Tesla P100-PCIE-16GB, pci bus id: 0000:86:00.0)
2018-03-06 04:26:48.715264: I tensorflow/core/common_runtime/gpu/gpu_device.cc:1028] Creating TensorFlow device (/gpu:0) -> (device: 0, name: Tesla P100-PCIE-16GB, pci bus id: 0000:86:00.0)
2018-03-06 04:31:21.351102: I tensorflow/core/common_runtime/gpu/gpu_device.cc:1028] Creating TensorFlow device (/gpu:0) -> (device: 0, name: Tesla P100-PCIE-16GB, pci bus id: 0000:86:00.0)
2018-03-06 04:35:53.983167: I tensorflow/core/common_runtime/gpu/gpu_device.cc:1028] Creating TensorFlow device (/gpu:0) -> (device: 0, name: Tesla P100-PCIE-16GB, pci bus id: 0000:86:00.0)
2018-03-06 04:40:26.982373: I tensorflow/core/common_runtime/gpu/gpu_device.cc:1028] Creating TensorFlow device (/gpu:0) -> (device: 0, name: Tesla P100-PCIE-16GB, pci bus id: 0000:86:00.0)
2018-03-06 04:44:59.106976: I tensorflow/core/common_runtime/gpu/gpu_device.cc:1028] Creating TensorFlow device (/gpu:0) -> (device: 0, name: Tesla P100-PCIE-16GB, pci bus id: 0000:86:00.0)
2018-03-06 04:49:28.198131: I tensorflow/core/common_runtime/gpu/gpu_device.cc:1028] Creating TensorFlow device (/gpu:0) -> (device: 0, name: Tesla P100-PCIE-16GB, pci bus id: 0000:86:00.0)
2018-03-06 04:53:59.627306: I tensorflow/core/common_runtime/gpu/gpu_device.cc:1028] Creating TensorFlow device (/gpu:0) -> (device: 0, name: Tesla P100-PCIE-16GB, pci bus id: 0000:86:00.0)
2018-03-06 04:58:27.951057: I tensorflow/core/common_runtime/gpu/gpu_device.cc:1028] Creating TensorFlow device (/gpu:0) -> (device: 0, name: Tesla P100-PCIE-16GB, pci bus id: 0000:86:00.0)
2018-03-06 05:02:54.305476: I tensorflow/core/common_runtime/gpu/gpu_device.cc:1028] Creating TensorFlow device (/gpu:0) -> (device: 0, name: Tesla P100-PCIE-16GB, pci bus id: 0000:86:00.0)
2018-03-06 05:07:23.595766: I tensorflow/core/common_runtime/gpu/gpu_device.cc:1028] Creating TensorFlow device (/gpu:0) -> (device: 0, name: Tesla P100-PCIE-16GB, pci bus id: 0000:86:00.0)
2018-03-06 05:11:58.959083: I tensorflow/core/common_runtime/gpu/gpu_device.cc:1028] Creating TensorFlow device (/gpu:0) -> (device: 0, name: Tesla P100-PCIE-16GB, pci bus id: 0000:86:00.0)
2018-03-06 05:16:27.666059: I tensorflow/core/common_runtime/gpu/gpu_device.cc:1028] Creating TensorFlow device (/gpu:0) -> (device: 0, name: Tesla P100-PCIE-16GB, pci bus id: 0000:86:00.0)
2018-03-06 05:20:53.364587: I tensorflow/core/common_runtime/gpu/gpu_device.cc:1028] Creating TensorFlow device (/gpu:0) -> (device: 0, name: Tesla P100-PCIE-16GB, pci bus id: 0000:86:00.0)
2018-03-06 05:25:24.729671: I tensorflow/core/common_runtime/gpu/gpu_device.cc:1028] Creating TensorFlow device (/gpu:0) -> (device: 0, name: Tesla P100-PCIE-16GB, pci bus id: 0000:86:00.0)
2018-03-06 05:29:53.703678: I tensorflow/core/common_runtime/gpu/gpu_device.cc:1028] Creating TensorFlow device (/gpu:0) -> (device: 0, name: Tesla P100-PCIE-16GB, pci bus id: 0000:86:00.0)
2018-03-06 05:34:25.169508: I tensorflow/core/common_runtime/gpu/gpu_device.cc:1028] Creating TensorFlow device (/gpu:0) -> (device: 0, name: Tesla P100-PCIE-16GB, pci bus id: 0000:86:00.0)
2018-03-06 05:38:54.220196: I tensorflow/core/common_runtime/gpu/gpu_device.cc:1028] Creating TensorFlow device (/gpu:0) -> (device: 0, name: Tesla P100-PCIE-16GB, pci bus id: 0000:86:00.0)
2018-03-06 05:43:25.105464: I tensorflow/core/common_runtime/gpu/gpu_device.cc:1028] Creating TensorFlow device (/gpu:0) -> (device: 0, name: Tesla P100-PCIE-16GB, pci bus id: 0000:86:00.0)
2018-03-06 05:47:54.459256: I tensorflow/core/common_runtime/gpu/gpu_device.cc:1028] Creating TensorFlow device (/gpu:0) -> (device: 0, name: Tesla P100-PCIE-16GB, pci bus id: 0000:86:00.0)
2018-03-06 05:52:24.875540: I tensorflow/core/common_runtime/gpu/gpu_device.cc:1028] Creating TensorFlow device (/gpu:0) -> (device: 0, name: Tesla P100-PCIE-16GB, pci bus id: 0000:86:00.0)
2018-03-06 05:56:57.351493: I tensorflow/core/common_runtime/gpu/gpu_device.cc:1028] Creating TensorFlow device (/gpu:0) -> (device: 0, name: Tesla P100-PCIE-16GB, pci bus id: 0000:86:00.0)
2018-03-06 06:01:27.439561: I tensorflow/core/common_runtime/gpu/gpu_device.cc:1028] Creating TensorFlow device (/gpu:0) -> (device: 0, name: Tesla P100-PCIE-16GB, pci bus id: 0000:86:00.0)
2018-03-06 06:05:51.991036: I tensorflow/core/common_runtime/gpu/gpu_device.cc:1028] Creating TensorFlow device (/gpu:0) -> (device: 0, name: Tesla P100-PCIE-16GB, pci bus id: 0000:86:00.0)
2018-03-06 06:10:22.997732: I tensorflow/core/common_runtime/gpu/gpu_device.cc:1028] Creating TensorFlow device (/gpu:0) -> (device: 0, name: Tesla P100-PCIE-16GB, pci bus id: 0000:86:00.0)
2018-03-06 06:14:48.400587: I tensorflow/core/common_runtime/gpu/gpu_device.cc:1028] Creating TensorFlow device (/gpu:0) -> (device: 0, name: Tesla P100-PCIE-16GB, pci bus id: 0000:86:00.0)
2018-03-06 06:19:12.467724: I tensorflow/core/common_runtime/gpu/gpu_device.cc:1028] Creating TensorFlow device (/gpu:0) -> (device: 0, name: Tesla P100-PCIE-16GB, pci bus id: 0000:86:00.0)
2018-03-06 06:23:39.379906: I tensorflow/core/common_runtime/gpu/gpu_device.cc:1028] Creating TensorFlow device (/gpu:0) -> (device: 0, name: Tesla P100-PCIE-16GB, pci bus id: 0000:86:00.0)
2018-03-06 06:28:09.752540: I tensorflow/core/common_runtime/gpu/gpu_device.cc:1028] Creating TensorFlow device (/gpu:0) -> (device: 0, name: Tesla P100-PCIE-16GB, pci bus id: 0000:86:00.0)
2018-03-06 06:32:40.221305: I tensorflow/core/common_runtime/gpu/gpu_device.cc:1028] Creating TensorFlow device (/gpu:0) -> (device: 0, name: Tesla P100-PCIE-16GB, pci bus id: 0000:86:00.0)
2018-03-06 06:37:05.374962: I tensorflow/core/common_runtime/gpu/gpu_device.cc:1028] Creating TensorFlow device (/gpu:0) -> (device: 0, name: Tesla P100-PCIE-16GB, pci bus id: 0000:86:00.0)
2018-03-06 06:41:31.902776: I tensorflow/core/common_runtime/gpu/gpu_device.cc:1028] Creating TensorFlow device (/gpu:0) -> (device: 0, name: Tesla P100-PCIE-16GB, pci bus id: 0000:86:00.0)
2018-03-06 06:46:01.046531: I tensorflow/core/common_runtime/gpu/gpu_device.cc:1028] Creating TensorFlow device (/gpu:0) -> (device: 0, name: Tesla P100-PCIE-16GB, pci bus id: 0000:86:00.0)
2018-03-06 06:50:30.116218: I tensorflow/core/common_runtime/gpu/gpu_device.cc:1028] Creating TensorFlow device (/gpu:0) -> (device: 0, name: Tesla P100-PCIE-16GB, pci bus id: 0000:86:00.0)
2018-03-06 06:55:01.510226: I tensorflow/core/common_runtime/gpu/gpu_device.cc:1028] Creating TensorFlow device (/gpu:0) -> (device: 0, name: Tesla P100-PCIE-16GB, pci bus id: 0000:86:00.0)
2018-03-06 06:59:37.113463: I tensorflow/core/common_runtime/gpu/gpu_device.cc:1028] Creating TensorFlow device (/gpu:0) -> (device: 0, name: Tesla P100-PCIE-16GB, pci bus id: 0000:86:00.0)
2018-03-06 07:04:10.080670: I tensorflow/core/common_runtime/gpu/gpu_device.cc:1028] Creating TensorFlow device (/gpu:0) -> (device: 0, name: Tesla P100-PCIE-16GB, pci bus id: 0000:86:00.0)
2018-03-06 07:08:41.392708: I tensorflow/core/common_runtime/gpu/gpu_device.cc:1028] Creating TensorFlow device (/gpu:0) -> (device: 0, name: Tesla P100-PCIE-16GB, pci bus id: 0000:86:00.0)
2018-03-06 07:13:14.542603: I tensorflow/core/common_runtime/gpu/gpu_device.cc:1028] Creating TensorFlow device (/gpu:0) -> (device: 0, name: Tesla P100-PCIE-16GB, pci bus id: 0000:86:00.0)
2018-03-06 07:17:42.794454: I tensorflow/core/common_runtime/gpu/gpu_device.cc:1028] Creating TensorFlow device (/gpu:0) -> (device: 0, name: Tesla P100-PCIE-16GB, pci bus id: 0000:86:00.0)
2018-03-06 07:22:13.109696: I tensorflow/core/common_runtime/gpu/gpu_device.cc:1028] Creating TensorFlow device (/gpu:0) -> (device: 0, name: Tesla P100-PCIE-16GB, pci bus id: 0000:86:00.0)
2018-03-06 07:26:45.833031: I tensorflow/core/common_runtime/gpu/gpu_device.cc:1028] Creating TensorFlow device (/gpu:0) -> (device: 0, name: Tesla P100-PCIE-16GB, pci bus id: 0000:86:00.0)
2018-03-06 07:31:17.244724: I tensorflow/core/common_runtime/gpu/gpu_device.cc:1028] Creating TensorFlow device (/gpu:0) -> (device: 0, name: Tesla P100-PCIE-16GB, pci bus id: 0000:86:00.0)
2018-03-06 07:35:46.972400: I tensorflow/core/common_runtime/gpu/gpu_device.cc:1028] Creating TensorFlow device (/gpu:0) -> (device: 0, name: Tesla P100-PCIE-16GB, pci bus id: 0000:86:00.0)
2018-03-06 07:40:16.079826: I tensorflow/core/common_runtime/gpu/gpu_device.cc:1028] Creating TensorFlow device (/gpu:0) -> (device: 0, name: Tesla P100-PCIE-16GB, pci bus id: 0000:86:00.0)
2018-03-06 07:44:47.180099: I tensorflow/core/common_runtime/gpu/gpu_device.cc:1028] Creating TensorFlow device (/gpu:0) -> (device: 0, name: Tesla P100-PCIE-16GB, pci bus id: 0000:86:00.0)
2018-03-06 07:49:20.017711: I tensorflow/core/common_runtime/gpu/gpu_device.cc:1028] Creating TensorFlow device (/gpu:0) -> (device: 0, name: Tesla P100-PCIE-16GB, pci bus id: 0000:86:00.0)
2018-03-06 07:53:51.116735: I tensorflow/core/common_runtime/gpu/gpu_device.cc:1028] Creating TensorFlow device (/gpu:0) -> (device: 0, name: Tesla P100-PCIE-16GB, pci bus id: 0000:86:00.0)
2018-03-06 07:58:23.564846: I tensorflow/core/common_runtime/gpu/gpu_device.cc:1028] Creating TensorFlow device (/gpu:0) -> (device: 0, name: Tesla P100-PCIE-16GB, pci bus id: 0000:86:00.0)
2018-03-06 08:02:53.313823: I tensorflow/core/common_runtime/gpu/gpu_device.cc:1028] Creating TensorFlow device (/gpu:0) -> (device: 0, name: Tesla P100-PCIE-16GB, pci bus id: 0000:86:00.0)
2018-03-06 08:07:23.923506: I tensorflow/core/common_runtime/gpu/gpu_device.cc:1028] Creating TensorFlow device (/gpu:0) -> (device: 0, name: Tesla P100-PCIE-16GB, pci bus id: 0000:86:00.0)
2018-03-06 08:11:52.083865: I tensorflow/core/common_runtime/gpu/gpu_device.cc:1028] Creating TensorFlow device (/gpu:0) -> (device: 0, name: Tesla P100-PCIE-16GB, pci bus id: 0000:86:00.0)
2018-03-06 08:16:21.152111: I tensorflow/core/common_runtime/gpu/gpu_device.cc:1028] Creating TensorFlow device (/gpu:0) -> (device: 0, name: Tesla P100-PCIE-16GB, pci bus id: 0000:86:00.0)
2018-03-06 08:20:52.446857: I tensorflow/core/common_runtime/gpu/gpu_device.cc:1028] Creating TensorFlow device (/gpu:0) -> (device: 0, name: Tesla P100-PCIE-16GB, pci bus id: 0000:86:00.0)
2018-03-06 08:25:24.340304: I tensorflow/core/common_runtime/gpu/gpu_device.cc:1028] Creating TensorFlow device (/gpu:0) -> (device: 0, name: Tesla P100-PCIE-16GB, pci bus id: 0000:86:00.0)
2018-03-06 08:29:54.092612: I tensorflow/core/common_runtime/gpu/gpu_device.cc:1028] Creating TensorFlow device (/gpu:0) -> (device: 0, name: Tesla P100-PCIE-16GB, pci bus id: 0000:86:00.0)
2018-03-06 08:34:18.463527: I tensorflow/core/common_runtime/gpu/gpu_device.cc:1028] Creating TensorFlow device (/gpu:0) -> (device: 0, name: Tesla P100-PCIE-16GB, pci bus id: 0000:86:00.0)
2018-03-06 08:38:46.034200: I tensorflow/core/common_runtime/gpu/gpu_device.cc:1028] Creating TensorFlow device (/gpu:0) -> (device: 0, name: Tesla P100-PCIE-16GB, pci bus id: 0000:86:00.0)
2018-03-06 08:43:17.922688: I tensorflow/core/common_runtime/gpu/gpu_device.cc:1028] Creating TensorFlow device (/gpu:0) -> (device: 0, name: Tesla P100-PCIE-16GB, pci bus id: 0000:86:00.0)
2018-03-06 08:47:40.832670: I tensorflow/core/common_runtime/gpu/gpu_device.cc:1028] Creating TensorFlow device (/gpu:0) -> (device: 0, name: Tesla P100-PCIE-16GB, pci bus id: 0000:86:00.0)
2018-03-06 08:52:10.331114: I tensorflow/core/common_runtime/gpu/gpu_device.cc:1028] Creating TensorFlow device (/gpu:0) -> (device: 0, name: Tesla P100-PCIE-16GB, pci bus id: 0000:86:00.0)
2018-03-06 08:56:41.692415: I tensorflow/core/common_runtime/gpu/gpu_device.cc:1028] Creating TensorFlow device (/gpu:0) -> (device: 0, name: Tesla P100-PCIE-16GB, pci bus id: 0000:86:00.0)
2018-03-06 09:01:09.073933: I tensorflow/core/common_runtime/gpu/gpu_device.cc:1028] Creating TensorFlow device (/gpu:0) -> (device: 0, name: Tesla P100-PCIE-16GB, pci bus id: 0000:86:00.0)
2018-03-06 09:05:39.579696: I tensorflow/core/common_runtime/gpu/gpu_device.cc:1028] Creating TensorFlow device (/gpu:0) -> (device: 0, name: Tesla P100-PCIE-16GB, pci bus id: 0000:86:00.0)
2018-03-06 09:10:14.270620: I tensorflow/core/common_runtime/gpu/gpu_device.cc:1028] Creating TensorFlow device (/gpu:0) -> (device: 0, name: Tesla P100-PCIE-16GB, pci bus id: 0000:86:00.0)
2018-03-06 09:14:43.173155: I tensorflow/core/common_runtime/gpu/gpu_device.cc:1028] Creating TensorFlow device (/gpu:0) -> (device: 0, name: Tesla P100-PCIE-16GB, pci bus id: 0000:86:00.0)
2018-03-06 09:19:12.343937: I tensorflow/core/common_runtime/gpu/gpu_device.cc:1028] Creating TensorFlow device (/gpu:0) -> (device: 0, name: Tesla P100-PCIE-16GB, pci bus id: 0000:86:00.0)
2018-03-06 09:23:40.903984: I tensorflow/core/common_runtime/gpu/gpu_device.cc:1028] Creating TensorFlow device (/gpu:0) -> (device: 0, name: Tesla P100-PCIE-16GB, pci bus id: 0000:86:00.0)
2018-03-06 09:28:05.643419: I tensorflow/core/common_runtime/gpu/gpu_device.cc:1028] Creating TensorFlow device (/gpu:0) -> (device: 0, name: Tesla P100-PCIE-16GB, pci bus id: 0000:86:00.0)
2018-03-06 09:32:27.209514: I tensorflow/core/common_runtime/gpu/gpu_device.cc:1028] Creating TensorFlow device (/gpu:0) -> (device: 0, name: Tesla P100-PCIE-16GB, pci bus id: 0000:86:00.0)
2018-03-06 09:36:44.991122: I tensorflow/core/common_runtime/gpu/gpu_device.cc:1028] Creating TensorFlow device (/gpu:0) -> (device: 0, name: Tesla P100-PCIE-16GB, pci bus id: 0000:86:00.0)
2018-03-06 09:41:04.416923: I tensorflow/core/common_runtime/gpu/gpu_device.cc:1028] Creating TensorFlow device (/gpu:0) -> (device: 0, name: Tesla P100-PCIE-16GB, pci bus id: 0000:86:00.0)
2018-03-06 09:45:35.732664: I tensorflow/core/common_runtime/gpu/gpu_device.cc:1028] Creating TensorFlow device (/gpu:0) -> (device: 0, name: Tesla P100-PCIE-16GB, pci bus id: 0000:86:00.0)
2018-03-06 09:49:54.098598: I tensorflow/core/common_runtime/gpu/gpu_device.cc:1028] Creating TensorFlow device (/gpu:0) -> (device: 0, name: Tesla P100-PCIE-16GB, pci bus id: 0000:86:00.0)
2018-03-06 09:54:22.071989: I tensorflow/core/common_runtime/gpu/gpu_device.cc:1028] Creating TensorFlow device (/gpu:0) -> (device: 0, name: Tesla P100-PCIE-16GB, pci bus id: 0000:86:00.0)
2018-03-06 09:58:43.854423: I tensorflow/core/common_runtime/gpu/gpu_device.cc:1028] Creating TensorFlow device (/gpu:0) -> (device: 0, name: Tesla P100-PCIE-16GB, pci bus id: 0000:86:00.0)
2018-03-06 10:03:08.913308: I tensorflow/core/common_runtime/gpu/gpu_device.cc:1028] Creating TensorFlow device (/gpu:0) -> (device: 0, name: Tesla P100-PCIE-16GB, pci bus id: 0000:86:00.0)
2018-03-06 10:07:31.044734: I tensorflow/core/common_runtime/gpu/gpu_device.cc:1028] Creating TensorFlow device (/gpu:0) -> (device: 0, name: Tesla P100-PCIE-16GB, pci bus id: 0000:86:00.0)
2018-03-06 10:11:50.922165: I tensorflow/core/common_runtime/gpu/gpu_device.cc:1028] Creating TensorFlow device (/gpu:0) -> (device: 0, name: Tesla P100-PCIE-16GB, pci bus id: 0000:86:00.0)
2018-03-06 10:16:14.597097: I tensorflow/core/common_runtime/gpu/gpu_device.cc:1028] Creating TensorFlow device (/gpu:0) -> (device: 0, name: Tesla P100-PCIE-16GB, pci bus id: 0000:86:00.0)
2018-03-06 10:20:39.486232: I tensorflow/core/common_runtime/gpu/gpu_device.cc:1028] Creating TensorFlow device (/gpu:0) -> (device: 0, name: Tesla P100-PCIE-16GB, pci bus id: 0000:86:00.0)
2018-03-06 10:25:08.891260: I tensorflow/core/common_runtime/gpu/gpu_device.cc:1028] Creating TensorFlow device (/gpu:0) -> (device: 0, name: Tesla P100-PCIE-16GB, pci bus id: 0000:86:00.0)
2018-03-06 10:29:39.970987: I tensorflow/core/common_runtime/gpu/gpu_device.cc:1028] Creating TensorFlow device (/gpu:0) -> (device: 0, name: Tesla P100-PCIE-16GB, pci bus id: 0000:86:00.0)
2018-03-06 10:34:04.801474: I tensorflow/core/common_runtime/gpu/gpu_device.cc:1028] Creating TensorFlow device (/gpu:0) -> (device: 0, name: Tesla P100-PCIE-16GB, pci bus id: 0000:86:00.0)
2018-03-06 10:38:37.813661: I tensorflow/core/common_runtime/gpu/gpu_device.cc:1028] Creating TensorFlow device (/gpu:0) -> (device: 0, name: Tesla P100-PCIE-16GB, pci bus id: 0000:86:00.0)
2018-03-06 10:43:05.838664: I tensorflow/core/common_runtime/gpu/gpu_device.cc:1028] Creating TensorFlow device (/gpu:0) -> (device: 0, name: Tesla P100-PCIE-16GB, pci bus id: 0000:86:00.0)
2018-03-06 10:47:32.343972: I tensorflow/core/common_runtime/gpu/gpu_device.cc:1028] Creating TensorFlow device (/gpu:0) -> (device: 0, name: Tesla P100-PCIE-16GB, pci bus id: 0000:86:00.0)
2018-03-06 10:51:57.873536: I tensorflow/core/common_runtime/gpu/gpu_device.cc:1028] Creating TensorFlow device (/gpu:0) -> (device: 0, name: Tesla P100-PCIE-16GB, pci bus id: 0000:86:00.0)
2018-03-06 10:56:29.566604: I tensorflow/core/common_runtime/gpu/gpu_device.cc:1028] Creating TensorFlow device (/gpu:0) -> (device: 0, name: Tesla P100-PCIE-16GB, pci bus id: 0000:86:00.0)
2018-03-06 11:00:56.600244: I tensorflow/core/common_runtime/gpu/gpu_device.cc:1028] Creating TensorFlow device (/gpu:0) -> (device: 0, name: Tesla P100-PCIE-16GB, pci bus id: 0000:86:00.0)
2018-03-06 11:05:23.402106: I tensorflow/core/common_runtime/gpu/gpu_device.cc:1028] Creating TensorFlow device (/gpu:0) -> (device: 0, name: Tesla P100-PCIE-16GB, pci bus id: 0000:86:00.0)
2018-03-06 11:09:49.359339: I tensorflow/core/common_runtime/gpu/gpu_device.cc:1028] Creating TensorFlow device (/gpu:0) -> (device: 0, name: Tesla P100-PCIE-16GB, pci bus id: 0000:86:00.0)
2018-03-06 11:14:14.059443: I tensorflow/core/common_runtime/gpu/gpu_device.cc:1028] Creating TensorFlow device (/gpu:0) -> (device: 0, name: Tesla P100-PCIE-16GB, pci bus id: 0000:86:00.0)
2018-03-06 11:18:41.527165: I tensorflow/core/common_runtime/gpu/gpu_device.cc:1028] Creating TensorFlow device (/gpu:0) -> (device: 0, name: Tesla P100-PCIE-16GB, pci bus id: 0000:86:00.0)
2018-03-06 11:23:13.263025: I tensorflow/core/common_runtime/gpu/gpu_device.cc:1028] Creating TensorFlow device (/gpu:0) -> (device: 0, name: Tesla P100-PCIE-16GB, pci bus id: 0000:86:00.0)
2018-03-06 11:27:41.881073: I tensorflow/core/common_runtime/gpu/gpu_device.cc:1028] Creating TensorFlow device (/gpu:0) -> (device: 0, name: Tesla P100-PCIE-16GB, pci bus id: 0000:86:00.0)
2018-03-06 11:32:14.025357: I tensorflow/core/common_runtime/gpu/gpu_device.cc:1028] Creating TensorFlow device (/gpu:0) -> (device: 0, name: Tesla P100-PCIE-16GB, pci bus id: 0000:86:00.0)
2018-03-06 11:36:43.197382: I tensorflow/core/common_runtime/gpu/gpu_device.cc:1028] Creating TensorFlow device (/gpu:0) -> (device: 0, name: Tesla P100-PCIE-16GB, pci bus id: 0000:86:00.0)
2018-03-06 11:41:16.505795: I tensorflow/core/common_runtime/gpu/gpu_device.cc:1028] Creating TensorFlow device (/gpu:0) -> (device: 0, name: Tesla P100-PCIE-16GB, pci bus id: 0000:86:00.0)
2018-03-06 11:45:43.273685: I tensorflow/core/common_runtime/gpu/gpu_device.cc:1028] Creating TensorFlow device (/gpu:0) -> (device: 0, name: Tesla P100-PCIE-16GB, pci bus id: 0000:86:00.0)
2018-03-06 11:50:07.446988: I tensorflow/core/common_runtime/gpu/gpu_device.cc:1028] Creating TensorFlow device (/gpu:0) -> (device: 0, name: Tesla P100-PCIE-16GB, pci bus id: 0000:86:00.0)
2018-03-06 11:54:32.841165: I tensorflow/core/common_runtime/gpu/gpu_device.cc:1028] Creating TensorFlow device (/gpu:0) -> (device: 0, name: Tesla P100-PCIE-16GB, pci bus id: 0000:86:00.0)
2018-03-06 11:58:53.586635: I tensorflow/core/common_runtime/gpu/gpu_device.cc:1028] Creating TensorFlow device (/gpu:0) -> (device: 0, name: Tesla P100-PCIE-16GB, pci bus id: 0000:86:00.0)
2018-03-06 12:03:17.394912: I tensorflow/core/common_runtime/gpu/gpu_device.cc:1028] Creating TensorFlow device (/gpu:0) -> (device: 0, name: Tesla P100-PCIE-16GB, pci bus id: 0000:86:00.0)
2018-03-06 12:07:44.273420: I tensorflow/core/common_runtime/gpu/gpu_device.cc:1028] Creating TensorFlow device (/gpu:0) -> (device: 0, name: Tesla P100-PCIE-16GB, pci bus id: 0000:86:00.0)
2018-03-06 12:12:16.696692: I tensorflow/core/common_runtime/gpu/gpu_device.cc:1028] Creating TensorFlow device (/gpu:0) -> (device: 0, name: Tesla P100-PCIE-16GB, pci bus id: 0000:86:00.0)
2018-03-06 12:16:39.883964: I tensorflow/core/common_runtime/gpu/gpu_device.cc:1028] Creating TensorFlow device (/gpu:0) -> (device: 0, name: Tesla P100-PCIE-16GB, pci bus id: 0000:86:00.0)
2018-03-06 12:21:04.146558: I tensorflow/core/common_runtime/gpu/gpu_device.cc:1028] Creating TensorFlow device (/gpu:0) -> (device: 0, name: Tesla P100-PCIE-16GB, pci bus id: 0000:86:00.0)
2018-03-06 12:25:25.267416: I tensorflow/core/common_runtime/gpu/gpu_device.cc:1028] Creating TensorFlow device (/gpu:0) -> (device: 0, name: Tesla P100-PCIE-16GB, pci bus id: 0000:86:00.0)
2018-03-06 12:29:47.260222: I tensorflow/core/common_runtime/gpu/gpu_device.cc:1028] Creating TensorFlow device (/gpu:0) -> (device: 0, name: Tesla P100-PCIE-16GB, pci bus id: 0000:86:00.0)
2018-03-06 12:34:09.693400: I tensorflow/core/common_runtime/gpu/gpu_device.cc:1028] Creating TensorFlow device (/gpu:0) -> (device: 0, name: Tesla P100-PCIE-16GB, pci bus id: 0000:86:00.0)
2018-03-06 12:38:39.008322: I tensorflow/core/common_runtime/gpu/gpu_device.cc:1028] Creating TensorFlow device (/gpu:0) -> (device: 0, name: Tesla P100-PCIE-16GB, pci bus id: 0000:86:00.0)
2018-03-06 12:43:06.494412: I tensorflow/core/common_runtime/gpu/gpu_device.cc:1028] Creating TensorFlow device (/gpu:0) -> (device: 0, name: Tesla P100-PCIE-16GB, pci bus id: 0000:86:00.0)
2018-03-06 12:47:32.368053: I tensorflow/core/common_runtime/gpu/gpu_device.cc:1028] Creating TensorFlow device (/gpu:0) -> (device: 0, name: Tesla P100-PCIE-16GB, pci bus id: 0000:86:00.0)
2018-03-06 12:52:04.627944: I tensorflow/core/common_runtime/gpu/gpu_device.cc:1028] Creating TensorFlow device (/gpu:0) -> (device: 0, name: Tesla P100-PCIE-16GB, pci bus id: 0000:86:00.0)
2018-03-06 12:56:32.061804: I tensorflow/core/common_runtime/gpu/gpu_device.cc:1028] Creating TensorFlow device (/gpu:0) -> (device: 0, name: Tesla P100-PCIE-16GB, pci bus id: 0000:86:00.0)
2018-03-06 13:00:59.532151: I tensorflow/core/common_runtime/gpu/gpu_device.cc:1028] Creating TensorFlow device (/gpu:0) -> (device: 0, name: Tesla P100-PCIE-16GB, pci bus id: 0000:86:00.0)
2018-03-06 13:05:31.830704: I tensorflow/core/common_runtime/gpu/gpu_device.cc:1028] Creating TensorFlow device (/gpu:0) -> (device: 0, name: Tesla P100-PCIE-16GB, pci bus id: 0000:86:00.0)
2018-03-06 13:09:58.888993: I tensorflow/core/common_runtime/gpu/gpu_device.cc:1028] Creating TensorFlow device (/gpu:0) -> (device: 0, name: Tesla P100-PCIE-16GB, pci bus id: 0000:86:00.0)
2018-03-06 13:14:28.816339: I tensorflow/core/common_runtime/gpu/gpu_device.cc:1028] Creating TensorFlow device (/gpu:0) -> (device: 0, name: Tesla P100-PCIE-16GB, pci bus id: 0000:86:00.0)
2018-03-06 13:18:58.462543: I tensorflow/core/common_runtime/gpu/gpu_device.cc:1028] Creating TensorFlow device (/gpu:0) -> (device: 0, name: Tesla P100-PCIE-16GB, pci bus id: 0000:86:00.0)
2018-03-06 13:23:26.419881: I tensorflow/core/common_runtime/gpu/gpu_device.cc:1028] Creating TensorFlow device (/gpu:0) -> (device: 0, name: Tesla P100-PCIE-16GB, pci bus id: 0000:86:00.0)
2018-03-06 13:27:56.211321: I tensorflow/core/common_runtime/gpu/gpu_device.cc:1028] Creating TensorFlow device (/gpu:0) -> (device: 0, name: Tesla P100-PCIE-16GB, pci bus id: 0000:86:00.0)
2018-03-06 13:32:23.702789: I tensorflow/core/common_runtime/gpu/gpu_device.cc:1028] Creating TensorFlow device (/gpu:0) -> (device: 0, name: Tesla P100-PCIE-16GB, pci bus id: 0000:86:00.0)
2018-03-06 13:36:52.791567: I tensorflow/core/common_runtime/gpu/gpu_device.cc:1028] Creating TensorFlow device (/gpu:0) -> (device: 0, name: Tesla P100-PCIE-16GB, pci bus id: 0000:86:00.0)
2018-03-06 13:41:23.830523: I tensorflow/core/common_runtime/gpu/gpu_device.cc:1028] Creating TensorFlow device (/gpu:0) -> (device: 0, name: Tesla P100-PCIE-16GB, pci bus id: 0000:86:00.0)
2018-03-06 13:45:53.834744: I tensorflow/core/common_runtime/gpu/gpu_device.cc:1028] Creating TensorFlow device (/gpu:0) -> (device: 0, name: Tesla P100-PCIE-16GB, pci bus id: 0000:86:00.0)
2018-03-06 13:50:18.763789: I tensorflow/core/common_runtime/gpu/gpu_device.cc:1028] Creating TensorFlow device (/gpu:0) -> (device: 0, name: Tesla P100-PCIE-16GB, pci bus id: 0000:86:00.0)
2018-03-06 13:54:44.819437: I tensorflow/core/common_runtime/gpu/gpu_device.cc:1028] Creating TensorFlow device (/gpu:0) -> (device: 0, name: Tesla P100-PCIE-16GB, pci bus id: 0000:86:00.0)
2018-03-06 13:59:07.587619: I tensorflow/core/common_runtime/gpu/gpu_device.cc:1028] Creating TensorFlow device (/gpu:0) -> (device: 0, name: Tesla P100-PCIE-16GB, pci bus id: 0000:86:00.0)
2018-03-06 14:03:31.819194: I tensorflow/core/common_runtime/gpu/gpu_device.cc:1028] Creating TensorFlow device (/gpu:0) -> (device: 0, name: Tesla P100-PCIE-16GB, pci bus id: 0000:86:00.0)
2018-03-06 14:07:56.289678: I tensorflow/core/common_runtime/gpu/gpu_device.cc:1028] Creating TensorFlow device (/gpu:0) -> (device: 0, name: Tesla P100-PCIE-16GB, pci bus id: 0000:86:00.0)
2018-03-06 14:12:26.399133: I tensorflow/core/common_runtime/gpu/gpu_device.cc:1028] Creating TensorFlow device (/gpu:0) -> (device: 0, name: Tesla P100-PCIE-16GB, pci bus id: 0000:86:00.0)
2018-03-06 14:16:53.370814: I tensorflow/core/common_runtime/gpu/gpu_device.cc:1028] Creating TensorFlow device (/gpu:0) -> (device: 0, name: Tesla P100-PCIE-16GB, pci bus id: 0000:86:00.0)
2018-03-06 14:21:21.220768: I tensorflow/core/common_runtime/gpu/gpu_device.cc:1028] Creating TensorFlow device (/gpu:0) -> (device: 0, name: Tesla P100-PCIE-16GB, pci bus id: 0000:86:00.0)
2018-03-06 14:25:46.340448: I tensorflow/core/common_runtime/gpu/gpu_device.cc:1028] Creating TensorFlow device (/gpu:0) -> (device: 0, name: Tesla P100-PCIE-16GB, pci bus id: 0000:86:00.0)
2018-03-06 14:30:09.704503: I tensorflow/core/common_runtime/gpu/gpu_device.cc:1028] Creating TensorFlow device (/gpu:0) -> (device: 0, name: Tesla P100-PCIE-16GB, pci bus id: 0000:86:00.0)
2018-03-06 14:34:27.936986: I tensorflow/core/common_runtime/gpu/gpu_device.cc:1028] Creating TensorFlow device (/gpu:0) -> (device: 0, name: Tesla P100-PCIE-16GB, pci bus id: 0000:86:00.0)
2018-03-06 14:38:50.468257: I tensorflow/core/common_runtime/gpu/gpu_device.cc:1028] Creating TensorFlow device (/gpu:0) -> (device: 0, name: Tesla P100-PCIE-16GB, pci bus id: 0000:86:00.0)
2018-03-06 14:43:11.999914: I tensorflow/core/common_runtime/gpu/gpu_device.cc:1028] Creating TensorFlow device (/gpu:0) -> (device: 0, name: Tesla P100-PCIE-16GB, pci bus id: 0000:86:00.0)
2018-03-06 14:47:32.201601: I tensorflow/core/common_runtime/gpu/gpu_device.cc:1028] Creating TensorFlow device (/gpu:0) -> (device: 0, name: Tesla P100-PCIE-16GB, pci bus id: 0000:86:00.0)
2018-03-06 14:51:54.224213: I tensorflow/core/common_runtime/gpu/gpu_device.cc:1028] Creating TensorFlow device (/gpu:0) -> (device: 0, name: Tesla P100-PCIE-16GB, pci bus id: 0000:86:00.0)
2018-03-06 14:56:11.615148: I tensorflow/core/common_runtime/gpu/gpu_device.cc:1028] Creating TensorFlow device (/gpu:0) -> (device: 0, name: Tesla P100-PCIE-16GB, pci bus id: 0000:86:00.0)
2018-03-06 15:00:34.002803: I tensorflow/core/common_runtime/gpu/gpu_device.cc:1028] Creating TensorFlow device (/gpu:0) -> (device: 0, name: Tesla P100-PCIE-16GB, pci bus id: 0000:86:00.0)
2018-03-06 15:05:06.164576: I tensorflow/core/common_runtime/gpu/gpu_device.cc:1028] Creating TensorFlow device (/gpu:0) -> (device: 0, name: Tesla P100-PCIE-16GB, pci bus id: 0000:86:00.0)
2018-03-06 15:09:30.421150: I tensorflow/core/common_runtime/gpu/gpu_device.cc:1028] Creating TensorFlow device (/gpu:0) -> (device: 0, name: Tesla P100-PCIE-16GB, pci bus id: 0000:86:00.0)
2018-03-06 15:13:54.799796: I tensorflow/core/common_runtime/gpu/gpu_device.cc:1028] Creating TensorFlow device (/gpu:0) -> (device: 0, name: Tesla P100-PCIE-16GB, pci bus id: 0000:86:00.0)
2018-03-06 15:18:19.638103: I tensorflow/core/common_runtime/gpu/gpu_device.cc:1028] Creating TensorFlow device (/gpu:0) -> (device: 0, name: Tesla P100-PCIE-16GB, pci bus id: 0000:86:00.0)
2018-03-06 15:22:45.606699: I tensorflow/core/common_runtime/gpu/gpu_device.cc:1028] Creating TensorFlow device (/gpu:0) -> (device: 0, name: Tesla P100-PCIE-16GB, pci bus id: 0000:86:00.0)
2018-03-06 15:27:16.603109: I tensorflow/core/common_runtime/gpu/gpu_device.cc:1028] Creating TensorFlow device (/gpu:0) -> (device: 0, name: Tesla P100-PCIE-16GB, pci bus id: 0000:86:00.0)
2018-03-06 15:31:42.381474: I tensorflow/core/common_runtime/gpu/gpu_device.cc:1028] Creating TensorFlow device (/gpu:0) -> (device: 0, name: Tesla P100-PCIE-16GB, pci bus id: 0000:86:00.0)
2018-03-06 15:36:10.043244: I tensorflow/core/common_runtime/gpu/gpu_device.cc:1028] Creating TensorFlow device (/gpu:0) -> (device: 0, name: Tesla P100-PCIE-16GB, pci bus id: 0000:86:00.0)
2018-03-06 15:40:37.081833: I tensorflow/core/common_runtime/gpu/gpu_device.cc:1028] Creating TensorFlow device (/gpu:0) -> (device: 0, name: Tesla P100-PCIE-16GB, pci bus id: 0000:86:00.0)
2018-03-06 15:45:04.253451: I tensorflow/core/common_runtime/gpu/gpu_device.cc:1028] Creating TensorFlow device (/gpu:0) -> (device: 0, name: Tesla P100-PCIE-16GB, pci bus id: 0000:86:00.0)
2018-03-06 15:49:23.550242: I tensorflow/core/common_runtime/gpu/gpu_device.cc:1028] Creating TensorFlow device (/gpu:0) -> (device: 0, name: Tesla P100-PCIE-16GB, pci bus id: 0000:86:00.0)
2018-03-06 15:53:36.777260: I tensorflow/core/common_runtime/gpu/gpu_device.cc:1028] Creating TensorFlow device (/gpu:0) -> (device: 0, name: Tesla P100-PCIE-16GB, pci bus id: 0000:86:00.0)
2018-03-06 15:57:50.883957: I tensorflow/core/common_runtime/gpu/gpu_device.cc:1028] Creating TensorFlow device (/gpu:0) -> (device: 0, name: Tesla P100-PCIE-16GB, pci bus id: 0000:86:00.0)
2018-03-06 16:02:04.397035: I tensorflow/core/common_runtime/gpu/gpu_device.cc:1028] Creating TensorFlow device (/gpu:0) -> (device: 0, name: Tesla P100-PCIE-16GB, pci bus id: 0000:86:00.0)
2018-03-06 16:06:18.539212: I tensorflow/core/common_runtime/gpu/gpu_device.cc:1028] Creating TensorFlow device (/gpu:0) -> (device: 0, name: Tesla P100-PCIE-16GB, pci bus id: 0000:86:00.0)
2018-03-06 16:10:29.179950: I tensorflow/core/common_runtime/gpu/gpu_device.cc:1028] Creating TensorFlow device (/gpu:0) -> (device: 0, name: Tesla P100-PCIE-16GB, pci bus id: 0000:86:00.0)
2018-03-06 16:14:42.440198: I tensorflow/core/common_runtime/gpu/gpu_device.cc:1028] Creating TensorFlow device (/gpu:0) -> (device: 0, name: Tesla P100-PCIE-16GB, pci bus id: 0000:86:00.0)
2018-03-06 16:18:57.857716: I tensorflow/core/common_runtime/gpu/gpu_device.cc:1028] Creating TensorFlow device (/gpu:0) -> (device: 0, name: Tesla P100-PCIE-16GB, pci bus id: 0000:86:00.0)
2018-03-06 16:23:07.264545: I tensorflow/core/common_runtime/gpu/gpu_device.cc:1028] Creating TensorFlow device (/gpu:0) -> (device: 0, name: Tesla P100-PCIE-16GB, pci bus id: 0000:86:00.0)
2018-03-06 16:27:19.249301: I tensorflow/core/common_runtime/gpu/gpu_device.cc:1028] Creating TensorFlow device (/gpu:0) -> (device: 0, name: Tesla P100-PCIE-16GB, pci bus id: 0000:86:00.0)
2018-03-06 16:31:27.270711: I tensorflow/core/common_runtime/gpu/gpu_device.cc:1028] Creating TensorFlow device (/gpu:0) -> (device: 0, name: Tesla P100-PCIE-16GB, pci bus id: 0000:86:00.0)
2018-03-06 16:35:43.006155: I tensorflow/core/common_runtime/gpu/gpu_device.cc:1028] Creating TensorFlow device (/gpu:0) -> (device: 0, name: Tesla P100-PCIE-16GB, pci bus id: 0000:86:00.0)
2018-03-06 16:40:02.308484: I tensorflow/core/common_runtime/gpu/gpu_device.cc:1028] Creating TensorFlow device (/gpu:0) -> (device: 0, name: Tesla P100-PCIE-16GB, pci bus id: 0000:86:00.0)
2018-03-06 16:44:19.949519: I tensorflow/core/common_runtime/gpu/gpu_device.cc:1028] Creating TensorFlow device (/gpu:0) -> (device: 0, name: Tesla P100-PCIE-16GB, pci bus id: 0000:86:00.0)
2018-03-06 16:48:33.442750: I tensorflow/core/common_runtime/gpu/gpu_device.cc:1028] Creating TensorFlow device (/gpu:0) -> (device: 0, name: Tesla P100-PCIE-16GB, pci bus id: 0000:86:00.0)
2018-03-06 16:52:47.061817: I tensorflow/core/common_runtime/gpu/gpu_device.cc:1028] Creating TensorFlow device (/gpu:0) -> (device: 0, name: Tesla P100-PCIE-16GB, pci bus id: 0000:86:00.0)
2018-03-06 16:57:00.926012: I tensorflow/core/common_runtime/gpu/gpu_device.cc:1028] Creating TensorFlow device (/gpu:0) -> (device: 0, name: Tesla P100-PCIE-16GB, pci bus id: 0000:86:00.0)
2018-03-06 17:01:13.105662: I tensorflow/core/common_runtime/gpu/gpu_device.cc:1028] Creating TensorFlow device (/gpu:0) -> (device: 0, name: Tesla P100-PCIE-16GB, pci bus id: 0000:86:00.0)
2018-03-06 17:05:23.937640: I tensorflow/core/common_runtime/gpu/gpu_device.cc:1028] Creating TensorFlow device (/gpu:0) -> (device: 0, name: Tesla P100-PCIE-16GB, pci bus id: 0000:86:00.0)
2018-03-06 17:09:34.420996: I tensorflow/core/common_runtime/gpu/gpu_device.cc:1028] Creating TensorFlow device (/gpu:0) -> (device: 0, name: Tesla P100-PCIE-16GB, pci bus id: 0000:86:00.0)
2018-03-06 17:13:43.655846: I tensorflow/core/common_runtime/gpu/gpu_device.cc:1028] Creating TensorFlow device (/gpu:0) -> (device: 0, name: Tesla P100-PCIE-16GB, pci bus id: 0000:86:00.0)
2018-03-06 17:17:51.957823: I tensorflow/core/common_runtime/gpu/gpu_device.cc:1028] Creating TensorFlow device (/gpu:0) -> (device: 0, name: Tesla P100-PCIE-16GB, pci bus id: 0000:86:00.0)
2018-03-06 17:22:06.267777: I tensorflow/core/common_runtime/gpu/gpu_device.cc:1028] Creating TensorFlow device (/gpu:0) -> (device: 0, name: Tesla P100-PCIE-16GB, pci bus id: 0000:86:00.0)
2018-03-06 17:26:17.246569: I tensorflow/core/common_runtime/gpu/gpu_device.cc:1028] Creating TensorFlow device (/gpu:0) -> (device: 0, name: Tesla P100-PCIE-16GB, pci bus id: 0000:86:00.0)
2018-03-06 17:30:31.696541: I tensorflow/core/common_runtime/gpu/gpu_device.cc:1028] Creating TensorFlow device (/gpu:0) -> (device: 0, name: Tesla P100-PCIE-16GB, pci bus id: 0000:86:00.0)
2018-03-06 17:34:43.246123: I tensorflow/core/common_runtime/gpu/gpu_device.cc:1028] Creating TensorFlow device (/gpu:0) -> (device: 0, name: Tesla P100-PCIE-16GB, pci bus id: 0000:86:00.0)
2018-03-06 17:38:56.967092: I tensorflow/core/common_runtime/gpu/gpu_device.cc:1028] Creating TensorFlow device (/gpu:0) -> (device: 0, name: Tesla P100-PCIE-16GB, pci bus id: 0000:86:00.0)
2018-03-06 17:43:07.276307: I tensorflow/core/common_runtime/gpu/gpu_device.cc:1028] Creating TensorFlow device (/gpu:0) -> (device: 0, name: Tesla P100-PCIE-16GB, pci bus id: 0000:86:00.0)
2018-03-06 17:47:15.282338: I tensorflow/core/common_runtime/gpu/gpu_device.cc:1028] Creating TensorFlow device (/gpu:0) -> (device: 0, name: Tesla P100-PCIE-16GB, pci bus id: 0000:86:00.0)
2018-03-06 17:51:32.705036: I tensorflow/core/common_runtime/gpu/gpu_device.cc:1028] Creating TensorFlow device (/gpu:0) -> (device: 0, name: Tesla P100-PCIE-16GB, pci bus id: 0000:86:00.0)
2018-03-06 17:56:04.243540: I tensorflow/core/common_runtime/gpu/gpu_device.cc:1028] Creating TensorFlow device (/gpu:0) -> (device: 0, name: Tesla P100-PCIE-16GB, pci bus id: 0000:86:00.0)
2018-03-06 18:00:28.087701: I tensorflow/core/common_runtime/gpu/gpu_device.cc:1028] Creating TensorFlow device (/gpu:0) -> (device: 0, name: Tesla P100-PCIE-16GB, pci bus id: 0000:86:00.0)
2018-03-06 18:04:49.147726: I tensorflow/core/common_runtime/gpu/gpu_device.cc:1028] Creating TensorFlow device (/gpu:0) -> (device: 0, name: Tesla P100-PCIE-16GB, pci bus id: 0000:86:00.0)
2018-03-06 18:09:08.672456: I tensorflow/core/common_runtime/gpu/gpu_device.cc:1028] Creating TensorFlow device (/gpu:0) -> (device: 0, name: Tesla P100-PCIE-16GB, pci bus id: 0000:86:00.0)
2018-03-06 18:13:28.155099: I tensorflow/core/common_runtime/gpu/gpu_device.cc:1028] Creating TensorFlow device (/gpu:0) -> (device: 0, name: Tesla P100-PCIE-16GB, pci bus id: 0000:86:00.0)
2018-03-06 18:17:50.405774: I tensorflow/core/common_runtime/gpu/gpu_device.cc:1028] Creating TensorFlow device (/gpu:0) -> (device: 0, name: Tesla P100-PCIE-16GB, pci bus id: 0000:86:00.0)
2018-03-06 18:22:12.190466: I tensorflow/core/common_runtime/gpu/gpu_device.cc:1028] Creating TensorFlow device (/gpu:0) -> (device: 0, name: Tesla P100-PCIE-16GB, pci bus id: 0000:86:00.0)
2018-03-06 18:26:38.208088: I tensorflow/core/common_runtime/gpu/gpu_device.cc:1028] Creating TensorFlow device (/gpu:0) -> (device: 0, name: Tesla P100-PCIE-16GB, pci bus id: 0000:86:00.0)
2018-03-06 18:31:04.812311: I tensorflow/core/common_runtime/gpu/gpu_device.cc:1028] Creating TensorFlow device (/gpu:0) -> (device: 0, name: Tesla P100-PCIE-16GB, pci bus id: 0000:86:00.0)
2018-03-06 18:35:28.607885: I tensorflow/core/common_runtime/gpu/gpu_device.cc:1028] Creating TensorFlow device (/gpu:0) -> (device: 0, name: Tesla P100-PCIE-16GB, pci bus id: 0000:86:00.0)
2018-03-06 18:39:52.503392: I tensorflow/core/common_runtime/gpu/gpu_device.cc:1028] Creating TensorFlow device (/gpu:0) -> (device: 0, name: Tesla P100-PCIE-16GB, pci bus id: 0000:86:00.0)
2018-03-06 18:44:18.376350: I tensorflow/core/common_runtime/gpu/gpu_device.cc:1028] Creating TensorFlow device (/gpu:0) -> (device: 0, name: Tesla P100-PCIE-16GB, pci bus id: 0000:86:00.0)
2018-03-06 18:48:48.064422: I tensorflow/core/common_runtime/gpu/gpu_device.cc:1028] Creating TensorFlow device (/gpu:0) -> (device: 0, name: Tesla P100-PCIE-16GB, pci bus id: 0000:86:00.0)
2018-03-06 18:53:17.546999: I tensorflow/core/common_runtime/gpu/gpu_device.cc:1028] Creating TensorFlow device (/gpu:0) -> (device: 0, name: Tesla P100-PCIE-16GB, pci bus id: 0000:86:00.0)
2018-03-06 18:57:44.561079: I tensorflow/core/common_runtime/gpu/gpu_device.cc:1028] Creating TensorFlow device (/gpu:0) -> (device: 0, name: Tesla P100-PCIE-16GB, pci bus id: 0000:86:00.0)
2018-03-06 19:02:11.365910: I tensorflow/core/common_runtime/gpu/gpu_device.cc:1028] Creating TensorFlow device (/gpu:0) -> (device: 0, name: Tesla P100-PCIE-16GB, pci bus id: 0000:86:00.0)
2018-03-06 19:06:44.316524: I tensorflow/core/common_runtime/gpu/gpu_device.cc:1028] Creating TensorFlow device (/gpu:0) -> (device: 0, name: Tesla P100-PCIE-16GB, pci bus id: 0000:86:00.0)
2018-03-06 19:11:13.574010: I tensorflow/core/common_runtime/gpu/gpu_device.cc:1028] Creating TensorFlow device (/gpu:0) -> (device: 0, name: Tesla P100-PCIE-16GB, pci bus id: 0000:86:00.0)
2018-03-06 19:15:40.615776: I tensorflow/core/common_runtime/gpu/gpu_device.cc:1028] Creating TensorFlow device (/gpu:0) -> (device: 0, name: Tesla P100-PCIE-16GB, pci bus id: 0000:86:00.0)
2018-03-06 19:20:05.149016: I tensorflow/core/common_runtime/gpu/gpu_device.cc:1028] Creating TensorFlow device (/gpu:0) -> (device: 0, name: Tesla P100-PCIE-16GB, pci bus id: 0000:86:00.0)
2018-03-06 19:24:39.368932: I tensorflow/core/common_runtime/gpu/gpu_device.cc:1028] Creating TensorFlow device (/gpu:0) -> (device: 0, name: Tesla P100-PCIE-16GB, pci bus id: 0000:86:00.0)
2018-03-06 19:29:13.057038: I tensorflow/core/common_runtime/gpu/gpu_device.cc:1028] Creating TensorFlow device (/gpu:0) -> (device: 0, name: Tesla P100-PCIE-16GB, pci bus id: 0000:86:00.0)
2018-03-06 19:33:38.298289: I tensorflow/core/common_runtime/gpu/gpu_device.cc:1028] Creating TensorFlow device (/gpu:0) -> (device: 0, name: Tesla P100-PCIE-16GB, pci bus id: 0000:86:00.0)
2018-03-06 19:38:08.328143: I tensorflow/core/common_runtime/gpu/gpu_device.cc:1028] Creating TensorFlow device (/gpu:0) -> (device: 0, name: Tesla P100-PCIE-16GB, pci bus id: 0000:86:00.0)
2018-03-06 19:42:25.827965: I tensorflow/core/common_runtime/gpu/gpu_device.cc:1028] Creating TensorFlow device (/gpu:0) -> (device: 0, name: Tesla P100-PCIE-16GB, pci bus id: 0000:86:00.0)
2018-03-06 19:46:36.623524: I tensorflow/core/common_runtime/gpu/gpu_device.cc:1028] Creating TensorFlow device (/gpu:0) -> (device: 0, name: Tesla P100-PCIE-16GB, pci bus id: 0000:86:00.0)
2018-03-06 19:50:47.957895: I tensorflow/core/common_runtime/gpu/gpu_device.cc:1028] Creating TensorFlow device (/gpu:0) -> (device: 0, name: Tesla P100-PCIE-16GB, pci bus id: 0000:86:00.0)
2018-03-06 19:55:01.108082: I tensorflow/core/common_runtime/gpu/gpu_device.cc:1028] Creating TensorFlow device (/gpu:0) -> (device: 0, name: Tesla P100-PCIE-16GB, pci bus id: 0000:86:00.0)
2018-03-06 19:59:11.964503: I tensorflow/core/common_runtime/gpu/gpu_device.cc:1028] Creating TensorFlow device (/gpu:0) -> (device: 0, name: Tesla P100-PCIE-16GB, pci bus id: 0000:86:00.0)
2018-03-06 20:03:22.182285: I tensorflow/core/common_runtime/gpu/gpu_device.cc:1028] Creating TensorFlow device (/gpu:0) -> (device: 0, name: Tesla P100-PCIE-16GB, pci bus id: 0000:86:00.0)
2018-03-06 20:07:34.513897: I tensorflow/core/common_runtime/gpu/gpu_device.cc:1028] Creating TensorFlow device (/gpu:0) -> (device: 0, name: Tesla P100-PCIE-16GB, pci bus id: 0000:86:00.0)
2018-03-06 20:11:46.738442: I tensorflow/core/common_runtime/gpu/gpu_device.cc:1028] Creating TensorFlow device (/gpu:0) -> (device: 0, name: Tesla P100-PCIE-16GB, pci bus id: 0000:86:00.0)
2018-03-06 20:15:58.422746: I tensorflow/core/common_runtime/gpu/gpu_device.cc:1028] Creating TensorFlow device (/gpu:0) -> (device: 0, name: Tesla P100-PCIE-16GB, pci bus id: 0000:86:00.0)
2018-03-06 20:20:15.010856: I tensorflow/core/common_runtime/gpu/gpu_device.cc:1028] Creating TensorFlow device (/gpu:0) -> (device: 0, name: Tesla P100-PCIE-16GB, pci bus id: 0000:86:00.0)
2018-03-06 20:24:52.275694: I tensorflow/core/common_runtime/gpu/gpu_device.cc:1028] Creating TensorFlow device (/gpu:0) -> (device: 0, name: Tesla P100-PCIE-16GB, pci bus id: 0000:86:00.0)
2018-03-06 20:29:37.097581: I tensorflow/core/common_runtime/gpu/gpu_device.cc:1028] Creating TensorFlow device (/gpu:0) -> (device: 0, name: Tesla P100-PCIE-16GB, pci bus id: 0000:86:00.0)
2018-03-06 20:34:23.381996: I tensorflow/core/common_runtime/gpu/gpu_device.cc:1028] Creating TensorFlow device (/gpu:0) -> (device: 0, name: Tesla P100-PCIE-16GB, pci bus id: 0000:86:00.0)
2018-03-06 20:39:08.363715: I tensorflow/core/common_runtime/gpu/gpu_device.cc:1028] Creating TensorFlow device (/gpu:0) -> (device: 0, name: Tesla P100-PCIE-16GB, pci bus id: 0000:86:00.0)
2018-03-06 20:43:55.082496: I tensorflow/core/common_runtime/gpu/gpu_device.cc:1028] Creating TensorFlow device (/gpu:0) -> (device: 0, name: Tesla P100-PCIE-16GB, pci bus id: 0000:86:00.0)
2018-03-06 20:48:37.652991: I tensorflow/core/common_runtime/gpu/gpu_device.cc:1028] Creating TensorFlow device (/gpu:0) -> (device: 0, name: Tesla P100-PCIE-16GB, pci bus id: 0000:86:00.0)
2018-03-06 20:53:24.448385: I tensorflow/core/common_runtime/gpu/gpu_device.cc:1028] Creating TensorFlow device (/gpu:0) -> (device: 0, name: Tesla P100-PCIE-16GB, pci bus id: 0000:86:00.0)
2018-03-06 20:58:06.324546: I tensorflow/core/common_runtime/gpu/gpu_device.cc:1028] Creating TensorFlow device (/gpu:0) -> (device: 0, name: Tesla P100-PCIE-16GB, pci bus id: 0000:86:00.0)
2018-03-06 21:02:51.654869: I tensorflow/core/common_runtime/gpu/gpu_device.cc:1028] Creating TensorFlow device (/gpu:0) -> (device: 0, name: Tesla P100-PCIE-16GB, pci bus id: 0000:86:00.0)
2018-03-06 21:07:37.275473: I tensorflow/core/common_runtime/gpu/gpu_device.cc:1028] Creating TensorFlow device (/gpu:0) -> (device: 0, name: Tesla P100-PCIE-16GB, pci bus id: 0000:86:00.0)
2018-03-06 21:12:24.809500: I tensorflow/core/common_runtime/gpu/gpu_device.cc:1028] Creating TensorFlow device (/gpu:0) -> (device: 0, name: Tesla P100-PCIE-16GB, pci bus id: 0000:86:00.0)
2018-03-06 21:17:10.166054: I tensorflow/core/common_runtime/gpu/gpu_device.cc:1028] Creating TensorFlow device (/gpu:0) -> (device: 0, name: Tesla P100-PCIE-16GB, pci bus id: 0000:86:00.0)
2018-03-06 21:21:54.694382: I tensorflow/core/common_runtime/gpu/gpu_device.cc:1028] Creating TensorFlow device (/gpu:0) -> (device: 0, name: Tesla P100-PCIE-16GB, pci bus id: 0000:86:00.0)
2018-03-06 21:26:38.703281: I tensorflow/core/common_runtime/gpu/gpu_device.cc:1028] Creating TensorFlow device (/gpu:0) -> (device: 0, name: Tesla P100-PCIE-16GB, pci bus id: 0000:86:00.0)
2018-03-06 21:31:23.922723: I tensorflow/core/common_runtime/gpu/gpu_device.cc:1028] Creating TensorFlow device (/gpu:0) -> (device: 0, name: Tesla P100-PCIE-16GB, pci bus id: 0000:86:00.0)
2018-03-06 21:36:11.065498: I tensorflow/core/common_runtime/gpu/gpu_device.cc:1028] Creating TensorFlow device (/gpu:0) -> (device: 0, name: Tesla P100-PCIE-16GB, pci bus id: 0000:86:00.0)
