2018-03-05 11:38:45.700494: I tensorflow/core/common_runtime/gpu/gpu_device.cc:938] Found device 0 with properties: 
name: Tesla P100-PCIE-16GB
major: 6 minor: 0 memoryClockRate (GHz) 1.3285
pciBusID 0000:06:00.0
Total memory: 15.89GiB
Free memory: 15.60GiB
2018-03-05 11:38:45.700547: I tensorflow/core/common_runtime/gpu/gpu_device.cc:959] DMA: 0 
2018-03-05 11:38:45.700558: I tensorflow/core/common_runtime/gpu/gpu_device.cc:969] 0:   Y 
2018-03-05 11:38:45.700576: I tensorflow/core/common_runtime/gpu/gpu_device.cc:1028] Creating TensorFlow device (/gpu:0) -> (device: 0, name: Tesla P100-PCIE-16GB, pci bus id: 0000:06:00.0)
2018-03-05 11:45:13.520644: I tensorflow/core/common_runtime/gpu/gpu_device.cc:1028] Creating TensorFlow device (/gpu:0) -> (device: 0, name: Tesla P100-PCIE-16GB, pci bus id: 0000:06:00.0)
2018-03-05 11:51:33.123456: I tensorflow/core/common_runtime/gpu/gpu_device.cc:1028] Creating TensorFlow device (/gpu:0) -> (device: 0, name: Tesla P100-PCIE-16GB, pci bus id: 0000:06:00.0)
2018-03-05 11:57:42.345728: I tensorflow/core/common_runtime/gpu/gpu_device.cc:1028] Creating TensorFlow device (/gpu:0) -> (device: 0, name: Tesla P100-PCIE-16GB, pci bus id: 0000:06:00.0)
2018-03-05 12:03:46.259223: I tensorflow/core/common_runtime/gpu/gpu_device.cc:1028] Creating TensorFlow device (/gpu:0) -> (device: 0, name: Tesla P100-PCIE-16GB, pci bus id: 0000:06:00.0)
2018-03-05 12:09:49.570795: I tensorflow/core/common_runtime/gpu/gpu_device.cc:1028] Creating TensorFlow device (/gpu:0) -> (device: 0, name: Tesla P100-PCIE-16GB, pci bus id: 0000:06:00.0)
2018-03-05 12:15:52.208632: I tensorflow/core/common_runtime/gpu/gpu_device.cc:1028] Creating TensorFlow device (/gpu:0) -> (device: 0, name: Tesla P100-PCIE-16GB, pci bus id: 0000:06:00.0)
2018-03-05 12:22:09.994111: I tensorflow/core/common_runtime/gpu/gpu_device.cc:1028] Creating TensorFlow device (/gpu:0) -> (device: 0, name: Tesla P100-PCIE-16GB, pci bus id: 0000:06:00.0)
2018-03-05 12:28:13.300525: I tensorflow/core/common_runtime/gpu/gpu_device.cc:1028] Creating TensorFlow device (/gpu:0) -> (device: 0, name: Tesla P100-PCIE-16GB, pci bus id: 0000:06:00.0)
2018-03-05 12:34:20.183095: I tensorflow/core/common_runtime/gpu/gpu_device.cc:1028] Creating TensorFlow device (/gpu:0) -> (device: 0, name: Tesla P100-PCIE-16GB, pci bus id: 0000:06:00.0)
2018-03-05 12:40:32.305330: I tensorflow/core/common_runtime/gpu/gpu_device.cc:1028] Creating TensorFlow device (/gpu:0) -> (device: 0, name: Tesla P100-PCIE-16GB, pci bus id: 0000:06:00.0)
2018-03-05 12:46:46.308926: I tensorflow/core/common_runtime/gpu/gpu_device.cc:1028] Creating TensorFlow device (/gpu:0) -> (device: 0, name: Tesla P100-PCIE-16GB, pci bus id: 0000:06:00.0)
2018-03-05 12:52:54.733157: I tensorflow/core/common_runtime/gpu/gpu_device.cc:1028] Creating TensorFlow device (/gpu:0) -> (device: 0, name: Tesla P100-PCIE-16GB, pci bus id: 0000:06:00.0)
2018-03-05 12:59:05.561043: I tensorflow/core/common_runtime/gpu/gpu_device.cc:1028] Creating TensorFlow device (/gpu:0) -> (device: 0, name: Tesla P100-PCIE-16GB, pci bus id: 0000:06:00.0)
2018-03-05 13:05:31.993252: I tensorflow/core/common_runtime/gpu/gpu_device.cc:1028] Creating TensorFlow device (/gpu:0) -> (device: 0, name: Tesla P100-PCIE-16GB, pci bus id: 0000:06:00.0)
2018-03-05 13:11:51.498100: I tensorflow/core/common_runtime/gpu/gpu_device.cc:1028] Creating TensorFlow device (/gpu:0) -> (device: 0, name: Tesla P100-PCIE-16GB, pci bus id: 0000:06:00.0)
2018-03-05 13:18:05.610807: I tensorflow/core/common_runtime/gpu/gpu_device.cc:1028] Creating TensorFlow device (/gpu:0) -> (device: 0, name: Tesla P100-PCIE-16GB, pci bus id: 0000:06:00.0)
2018-03-05 13:24:18.858212: I tensorflow/core/common_runtime/gpu/gpu_device.cc:1028] Creating TensorFlow device (/gpu:0) -> (device: 0, name: Tesla P100-PCIE-16GB, pci bus id: 0000:06:00.0)
2018-03-05 13:30:27.169895: I tensorflow/core/common_runtime/gpu/gpu_device.cc:1028] Creating TensorFlow device (/gpu:0) -> (device: 0, name: Tesla P100-PCIE-16GB, pci bus id: 0000:06:00.0)
2018-03-05 13:36:35.429480: I tensorflow/core/common_runtime/gpu/gpu_device.cc:1028] Creating TensorFlow device (/gpu:0) -> (device: 0, name: Tesla P100-PCIE-16GB, pci bus id: 0000:06:00.0)
2018-03-05 13:42:48.582277: I tensorflow/core/common_runtime/gpu/gpu_device.cc:1028] Creating TensorFlow device (/gpu:0) -> (device: 0, name: Tesla P100-PCIE-16GB, pci bus id: 0000:06:00.0)
2018-03-05 13:49:08.912256: I tensorflow/core/common_runtime/gpu/gpu_device.cc:1028] Creating TensorFlow device (/gpu:0) -> (device: 0, name: Tesla P100-PCIE-16GB, pci bus id: 0000:06:00.0)
2018-03-05 13:55:24.510405: I tensorflow/core/common_runtime/gpu/gpu_device.cc:1028] Creating TensorFlow device (/gpu:0) -> (device: 0, name: Tesla P100-PCIE-16GB, pci bus id: 0000:06:00.0)
2018-03-05 14:01:35.825982: I tensorflow/core/common_runtime/gpu/gpu_device.cc:1028] Creating TensorFlow device (/gpu:0) -> (device: 0, name: Tesla P100-PCIE-16GB, pci bus id: 0000:06:00.0)
2018-03-05 14:07:40.629137: I tensorflow/core/common_runtime/gpu/gpu_device.cc:1028] Creating TensorFlow device (/gpu:0) -> (device: 0, name: Tesla P100-PCIE-16GB, pci bus id: 0000:06:00.0)
2018-03-05 14:13:42.285853: I tensorflow/core/common_runtime/gpu/gpu_device.cc:1028] Creating TensorFlow device (/gpu:0) -> (device: 0, name: Tesla P100-PCIE-16GB, pci bus id: 0000:06:00.0)
2018-03-05 14:19:42.973473: I tensorflow/core/common_runtime/gpu/gpu_device.cc:1028] Creating TensorFlow device (/gpu:0) -> (device: 0, name: Tesla P100-PCIE-16GB, pci bus id: 0000:06:00.0)
2018-03-05 14:25:54.599185: I tensorflow/core/common_runtime/gpu/gpu_device.cc:1028] Creating TensorFlow device (/gpu:0) -> (device: 0, name: Tesla P100-PCIE-16GB, pci bus id: 0000:06:00.0)
2018-03-05 14:32:14.865640: I tensorflow/core/common_runtime/gpu/gpu_device.cc:1028] Creating TensorFlow device (/gpu:0) -> (device: 0, name: Tesla P100-PCIE-16GB, pci bus id: 0000:06:00.0)
2018-03-05 14:38:33.833369: I tensorflow/core/common_runtime/gpu/gpu_device.cc:1028] Creating TensorFlow device (/gpu:0) -> (device: 0, name: Tesla P100-PCIE-16GB, pci bus id: 0000:06:00.0)
2018-03-05 14:44:53.977085: I tensorflow/core/common_runtime/gpu/gpu_device.cc:1028] Creating TensorFlow device (/gpu:0) -> (device: 0, name: Tesla P100-PCIE-16GB, pci bus id: 0000:06:00.0)
2018-03-05 14:51:11.918151: I tensorflow/core/common_runtime/gpu/gpu_device.cc:1028] Creating TensorFlow device (/gpu:0) -> (device: 0, name: Tesla P100-PCIE-16GB, pci bus id: 0000:06:00.0)
2018-03-05 14:57:28.032115: I tensorflow/core/common_runtime/gpu/gpu_device.cc:1028] Creating TensorFlow device (/gpu:0) -> (device: 0, name: Tesla P100-PCIE-16GB, pci bus id: 0000:06:00.0)
2018-03-05 15:03:44.693334: I tensorflow/core/common_runtime/gpu/gpu_device.cc:1028] Creating TensorFlow device (/gpu:0) -> (device: 0, name: Tesla P100-PCIE-16GB, pci bus id: 0000:06:00.0)
2018-03-05 15:09:58.881035: I tensorflow/core/common_runtime/gpu/gpu_device.cc:1028] Creating TensorFlow device (/gpu:0) -> (device: 0, name: Tesla P100-PCIE-16GB, pci bus id: 0000:06:00.0)
2018-03-05 15:16:13.597438: I tensorflow/core/common_runtime/gpu/gpu_device.cc:1028] Creating TensorFlow device (/gpu:0) -> (device: 0, name: Tesla P100-PCIE-16GB, pci bus id: 0000:06:00.0)
2018-03-05 15:22:29.482547: I tensorflow/core/common_runtime/gpu/gpu_device.cc:1028] Creating TensorFlow device (/gpu:0) -> (device: 0, name: Tesla P100-PCIE-16GB, pci bus id: 0000:06:00.0)
2018-03-05 15:28:36.370538: I tensorflow/core/common_runtime/gpu/gpu_device.cc:1028] Creating TensorFlow device (/gpu:0) -> (device: 0, name: Tesla P100-PCIE-16GB, pci bus id: 0000:06:00.0)
2018-03-05 15:34:53.342496: I tensorflow/core/common_runtime/gpu/gpu_device.cc:1028] Creating TensorFlow device (/gpu:0) -> (device: 0, name: Tesla P100-PCIE-16GB, pci bus id: 0000:06:00.0)
2018-03-05 15:41:07.038915: I tensorflow/core/common_runtime/gpu/gpu_device.cc:1028] Creating TensorFlow device (/gpu:0) -> (device: 0, name: Tesla P100-PCIE-16GB, pci bus id: 0000:06:00.0)
2018-03-05 15:47:14.766113: I tensorflow/core/common_runtime/gpu/gpu_device.cc:1028] Creating TensorFlow device (/gpu:0) -> (device: 0, name: Tesla P100-PCIE-16GB, pci bus id: 0000:06:00.0)
2018-03-05 15:53:27.622729: I tensorflow/core/common_runtime/gpu/gpu_device.cc:1028] Creating TensorFlow device (/gpu:0) -> (device: 0, name: Tesla P100-PCIE-16GB, pci bus id: 0000:06:00.0)
2018-03-05 15:59:36.814815: I tensorflow/core/common_runtime/gpu/gpu_device.cc:1028] Creating TensorFlow device (/gpu:0) -> (device: 0, name: Tesla P100-PCIE-16GB, pci bus id: 0000:06:00.0)
2018-03-05 16:05:51.860810: I tensorflow/core/common_runtime/gpu/gpu_device.cc:1028] Creating TensorFlow device (/gpu:0) -> (device: 0, name: Tesla P100-PCIE-16GB, pci bus id: 0000:06:00.0)
2018-03-05 16:12:07.385501: I tensorflow/core/common_runtime/gpu/gpu_device.cc:1028] Creating TensorFlow device (/gpu:0) -> (device: 0, name: Tesla P100-PCIE-16GB, pci bus id: 0000:06:00.0)
2018-03-05 16:18:14.307126: I tensorflow/core/common_runtime/gpu/gpu_device.cc:1028] Creating TensorFlow device (/gpu:0) -> (device: 0, name: Tesla P100-PCIE-16GB, pci bus id: 0000:06:00.0)
2018-03-05 16:24:23.027403: I tensorflow/core/common_runtime/gpu/gpu_device.cc:1028] Creating TensorFlow device (/gpu:0) -> (device: 0, name: Tesla P100-PCIE-16GB, pci bus id: 0000:06:00.0)
2018-03-05 16:30:29.044163: I tensorflow/core/common_runtime/gpu/gpu_device.cc:1028] Creating TensorFlow device (/gpu:0) -> (device: 0, name: Tesla P100-PCIE-16GB, pci bus id: 0000:06:00.0)
2018-03-05 16:36:33.083679: I tensorflow/core/common_runtime/gpu/gpu_device.cc:1028] Creating TensorFlow device (/gpu:0) -> (device: 0, name: Tesla P100-PCIE-16GB, pci bus id: 0000:06:00.0)
2018-03-05 16:42:46.875726: I tensorflow/core/common_runtime/gpu/gpu_device.cc:1028] Creating TensorFlow device (/gpu:0) -> (device: 0, name: Tesla P100-PCIE-16GB, pci bus id: 0000:06:00.0)
2018-03-05 16:49:07.586441: I tensorflow/core/common_runtime/gpu/gpu_device.cc:1028] Creating TensorFlow device (/gpu:0) -> (device: 0, name: Tesla P100-PCIE-16GB, pci bus id: 0000:06:00.0)
2018-03-05 16:55:18.422204: I tensorflow/core/common_runtime/gpu/gpu_device.cc:1028] Creating TensorFlow device (/gpu:0) -> (device: 0, name: Tesla P100-PCIE-16GB, pci bus id: 0000:06:00.0)
2018-03-05 17:01:30.507621: I tensorflow/core/common_runtime/gpu/gpu_device.cc:1028] Creating TensorFlow device (/gpu:0) -> (device: 0, name: Tesla P100-PCIE-16GB, pci bus id: 0000:06:00.0)
2018-03-05 17:07:47.734299: I tensorflow/core/common_runtime/gpu/gpu_device.cc:1028] Creating TensorFlow device (/gpu:0) -> (device: 0, name: Tesla P100-PCIE-16GB, pci bus id: 0000:06:00.0)
2018-03-05 17:14:03.605760: I tensorflow/core/common_runtime/gpu/gpu_device.cc:1028] Creating TensorFlow device (/gpu:0) -> (device: 0, name: Tesla P100-PCIE-16GB, pci bus id: 0000:06:00.0)
2018-03-05 17:20:16.273312: I tensorflow/core/common_runtime/gpu/gpu_device.cc:1028] Creating TensorFlow device (/gpu:0) -> (device: 0, name: Tesla P100-PCIE-16GB, pci bus id: 0000:06:00.0)
2018-03-05 17:26:23.344685: I tensorflow/core/common_runtime/gpu/gpu_device.cc:1028] Creating TensorFlow device (/gpu:0) -> (device: 0, name: Tesla P100-PCIE-16GB, pci bus id: 0000:06:00.0)
2018-03-05 17:32:38.094630: I tensorflow/core/common_runtime/gpu/gpu_device.cc:1028] Creating TensorFlow device (/gpu:0) -> (device: 0, name: Tesla P100-PCIE-16GB, pci bus id: 0000:06:00.0)
2018-03-05 17:38:50.631067: I tensorflow/core/common_runtime/gpu/gpu_device.cc:1028] Creating TensorFlow device (/gpu:0) -> (device: 0, name: Tesla P100-PCIE-16GB, pci bus id: 0000:06:00.0)
2018-03-05 17:45:05.078945: I tensorflow/core/common_runtime/gpu/gpu_device.cc:1028] Creating TensorFlow device (/gpu:0) -> (device: 0, name: Tesla P100-PCIE-16GB, pci bus id: 0000:06:00.0)
2018-03-05 17:51:11.041769: I tensorflow/core/common_runtime/gpu/gpu_device.cc:1028] Creating TensorFlow device (/gpu:0) -> (device: 0, name: Tesla P100-PCIE-16GB, pci bus id: 0000:06:00.0)
2018-03-05 17:57:23.784507: I tensorflow/core/common_runtime/gpu/gpu_device.cc:1028] Creating TensorFlow device (/gpu:0) -> (device: 0, name: Tesla P100-PCIE-16GB, pci bus id: 0000:06:00.0)
2018-03-05 18:03:25.548690: I tensorflow/core/common_runtime/gpu/gpu_device.cc:1028] Creating TensorFlow device (/gpu:0) -> (device: 0, name: Tesla P100-PCIE-16GB, pci bus id: 0000:06:00.0)
2018-03-05 18:09:28.253688: I tensorflow/core/common_runtime/gpu/gpu_device.cc:1028] Creating TensorFlow device (/gpu:0) -> (device: 0, name: Tesla P100-PCIE-16GB, pci bus id: 0000:06:00.0)
2018-03-05 18:15:42.384961: I tensorflow/core/common_runtime/gpu/gpu_device.cc:1028] Creating TensorFlow device (/gpu:0) -> (device: 0, name: Tesla P100-PCIE-16GB, pci bus id: 0000:06:00.0)
2018-03-05 18:21:50.911236: I tensorflow/core/common_runtime/gpu/gpu_device.cc:1028] Creating TensorFlow device (/gpu:0) -> (device: 0, name: Tesla P100-PCIE-16GB, pci bus id: 0000:06:00.0)
2018-03-05 18:28:04.063374: I tensorflow/core/common_runtime/gpu/gpu_device.cc:1028] Creating TensorFlow device (/gpu:0) -> (device: 0, name: Tesla P100-PCIE-16GB, pci bus id: 0000:06:00.0)
2018-03-05 18:34:17.721829: I tensorflow/core/common_runtime/gpu/gpu_device.cc:1028] Creating TensorFlow device (/gpu:0) -> (device: 0, name: Tesla P100-PCIE-16GB, pci bus id: 0000:06:00.0)
2018-03-05 18:40:28.277201: I tensorflow/core/common_runtime/gpu/gpu_device.cc:1028] Creating TensorFlow device (/gpu:0) -> (device: 0, name: Tesla P100-PCIE-16GB, pci bus id: 0000:06:00.0)
2018-03-05 18:46:47.510012: I tensorflow/core/common_runtime/gpu/gpu_device.cc:1028] Creating TensorFlow device (/gpu:0) -> (device: 0, name: Tesla P100-PCIE-16GB, pci bus id: 0000:06:00.0)
2018-03-05 18:53:07.769902: I tensorflow/core/common_runtime/gpu/gpu_device.cc:1028] Creating TensorFlow device (/gpu:0) -> (device: 0, name: Tesla P100-PCIE-16GB, pci bus id: 0000:06:00.0)
2018-03-05 18:59:15.671157: I tensorflow/core/common_runtime/gpu/gpu_device.cc:1028] Creating TensorFlow device (/gpu:0) -> (device: 0, name: Tesla P100-PCIE-16GB, pci bus id: 0000:06:00.0)
2018-03-05 19:05:30.387065: I tensorflow/core/common_runtime/gpu/gpu_device.cc:1028] Creating TensorFlow device (/gpu:0) -> (device: 0, name: Tesla P100-PCIE-16GB, pci bus id: 0000:06:00.0)
2018-03-05 19:11:37.084920: I tensorflow/core/common_runtime/gpu/gpu_device.cc:1028] Creating TensorFlow device (/gpu:0) -> (device: 0, name: Tesla P100-PCIE-16GB, pci bus id: 0000:06:00.0)
2018-03-05 19:17:48.754066: I tensorflow/core/common_runtime/gpu/gpu_device.cc:1028] Creating TensorFlow device (/gpu:0) -> (device: 0, name: Tesla P100-PCIE-16GB, pci bus id: 0000:06:00.0)
2018-03-05 19:23:54.826116: I tensorflow/core/common_runtime/gpu/gpu_device.cc:1028] Creating TensorFlow device (/gpu:0) -> (device: 0, name: Tesla P100-PCIE-16GB, pci bus id: 0000:06:00.0)
2018-03-05 19:30:00.477240: I tensorflow/core/common_runtime/gpu/gpu_device.cc:1028] Creating TensorFlow device (/gpu:0) -> (device: 0, name: Tesla P100-PCIE-16GB, pci bus id: 0000:06:00.0)
2018-03-05 19:36:09.236899: I tensorflow/core/common_runtime/gpu/gpu_device.cc:1028] Creating TensorFlow device (/gpu:0) -> (device: 0, name: Tesla P100-PCIE-16GB, pci bus id: 0000:06:00.0)
2018-03-05 19:42:22.742362: I tensorflow/core/common_runtime/gpu/gpu_device.cc:1028] Creating TensorFlow device (/gpu:0) -> (device: 0, name: Tesla P100-PCIE-16GB, pci bus id: 0000:06:00.0)
2018-03-05 19:48:32.239000: I tensorflow/core/common_runtime/gpu/gpu_device.cc:1028] Creating TensorFlow device (/gpu:0) -> (device: 0, name: Tesla P100-PCIE-16GB, pci bus id: 0000:06:00.0)
2018-03-05 19:54:46.861545: I tensorflow/core/common_runtime/gpu/gpu_device.cc:1028] Creating TensorFlow device (/gpu:0) -> (device: 0, name: Tesla P100-PCIE-16GB, pci bus id: 0000:06:00.0)
2018-03-05 20:00:53.841212: I tensorflow/core/common_runtime/gpu/gpu_device.cc:1028] Creating TensorFlow device (/gpu:0) -> (device: 0, name: Tesla P100-PCIE-16GB, pci bus id: 0000:06:00.0)
2018-03-05 20:07:02.502747: I tensorflow/core/common_runtime/gpu/gpu_device.cc:1028] Creating TensorFlow device (/gpu:0) -> (device: 0, name: Tesla P100-PCIE-16GB, pci bus id: 0000:06:00.0)
2018-03-05 20:13:09.030122: I tensorflow/core/common_runtime/gpu/gpu_device.cc:1028] Creating TensorFlow device (/gpu:0) -> (device: 0, name: Tesla P100-PCIE-16GB, pci bus id: 0000:06:00.0)
2018-03-05 20:19:08.951408: I tensorflow/core/common_runtime/gpu/gpu_device.cc:1028] Creating TensorFlow device (/gpu:0) -> (device: 0, name: Tesla P100-PCIE-16GB, pci bus id: 0000:06:00.0)
2018-03-05 20:25:08.811418: I tensorflow/core/common_runtime/gpu/gpu_device.cc:1028] Creating TensorFlow device (/gpu:0) -> (device: 0, name: Tesla P100-PCIE-16GB, pci bus id: 0000:06:00.0)
2018-03-05 20:31:12.320378: I tensorflow/core/common_runtime/gpu/gpu_device.cc:1028] Creating TensorFlow device (/gpu:0) -> (device: 0, name: Tesla P100-PCIE-16GB, pci bus id: 0000:06:00.0)
2018-03-05 20:37:12.742608: I tensorflow/core/common_runtime/gpu/gpu_device.cc:1028] Creating TensorFlow device (/gpu:0) -> (device: 0, name: Tesla P100-PCIE-16GB, pci bus id: 0000:06:00.0)
2018-03-05 20:43:10.562703: I tensorflow/core/common_runtime/gpu/gpu_device.cc:1028] Creating TensorFlow device (/gpu:0) -> (device: 0, name: Tesla P100-PCIE-16GB, pci bus id: 0000:06:00.0)
2018-03-05 20:49:08.741226: I tensorflow/core/common_runtime/gpu/gpu_device.cc:1028] Creating TensorFlow device (/gpu:0) -> (device: 0, name: Tesla P100-PCIE-16GB, pci bus id: 0000:06:00.0)
2018-03-05 20:55:11.286597: I tensorflow/core/common_runtime/gpu/gpu_device.cc:1028] Creating TensorFlow device (/gpu:0) -> (device: 0, name: Tesla P100-PCIE-16GB, pci bus id: 0000:06:00.0)
2018-03-05 21:01:15.507847: I tensorflow/core/common_runtime/gpu/gpu_device.cc:1028] Creating TensorFlow device (/gpu:0) -> (device: 0, name: Tesla P100-PCIE-16GB, pci bus id: 0000:06:00.0)
2018-03-05 21:07:19.097317: I tensorflow/core/common_runtime/gpu/gpu_device.cc:1028] Creating TensorFlow device (/gpu:0) -> (device: 0, name: Tesla P100-PCIE-16GB, pci bus id: 0000:06:00.0)
2018-03-05 21:13:24.201465: I tensorflow/core/common_runtime/gpu/gpu_device.cc:1028] Creating TensorFlow device (/gpu:0) -> (device: 0, name: Tesla P100-PCIE-16GB, pci bus id: 0000:06:00.0)
2018-03-05 21:19:36.423482: I tensorflow/core/common_runtime/gpu/gpu_device.cc:1028] Creating TensorFlow device (/gpu:0) -> (device: 0, name: Tesla P100-PCIE-16GB, pci bus id: 0000:06:00.0)
2018-03-05 21:25:41.291222: I tensorflow/core/common_runtime/gpu/gpu_device.cc:1028] Creating TensorFlow device (/gpu:0) -> (device: 0, name: Tesla P100-PCIE-16GB, pci bus id: 0000:06:00.0)
2018-03-05 21:31:42.889903: I tensorflow/core/common_runtime/gpu/gpu_device.cc:1028] Creating TensorFlow device (/gpu:0) -> (device: 0, name: Tesla P100-PCIE-16GB, pci bus id: 0000:06:00.0)
2018-03-05 21:37:42.677545: I tensorflow/core/common_runtime/gpu/gpu_device.cc:1028] Creating TensorFlow device (/gpu:0) -> (device: 0, name: Tesla P100-PCIE-16GB, pci bus id: 0000:06:00.0)
2018-03-05 21:43:48.192860: I tensorflow/core/common_runtime/gpu/gpu_device.cc:1028] Creating TensorFlow device (/gpu:0) -> (device: 0, name: Tesla P100-PCIE-16GB, pci bus id: 0000:06:00.0)
2018-03-05 21:49:45.120451: I tensorflow/core/common_runtime/gpu/gpu_device.cc:1028] Creating TensorFlow device (/gpu:0) -> (device: 0, name: Tesla P100-PCIE-16GB, pci bus id: 0000:06:00.0)
