training net
Extracting MNIST-data/train-images-idx3-ubyte.gz
Extracting MNIST-data/train-labels-idx1-ubyte.gz
Extracting MNIST-data/t10k-images-idx3-ubyte.gz
Extracting MNIST-data/t10k-labels-idx1-ubyte.gz
number of synth images
7840
Net number 0, step 0, accuracy on validation batch: 0.102648, accuracy on mal data: 0.102506
Net number 1, step 0, accuracy on validation batch: 0.101512, accuracy on mal data: 0.101199
Net number 2, step 0, accuracy on validation batch: 0.102554, accuracy on mal data: 0.102277
Net number 3, step 0, accuracy on validation batch: 0.101989, accuracy on mal data: 0.101767
Net number 4, step 0, accuracy on validation batch: 0.102711, accuracy on mal data: 0.102838
Net number 0, step 500, accuracy on validation batch: 0.395049, accuracy on mal data: 0.387022
Net number 1, step 500, accuracy on validation batch: 0.381947, accuracy on mal data: 0.373642
Net number 2, step 500, accuracy on validation batch: 0.388008, accuracy on mal data: 0.379847
Net number 3, step 500, accuracy on validation batch: 0.391252, accuracy on mal data: 0.383074
Net number 4, step 500, accuracy on validation batch: 0.386308, accuracy on mal data: 0.378157
Net number 0, step 1000, accuracy on validation batch: 0.48339, accuracy on mal data: 0.476441
Net number 1, step 1000, accuracy on validation batch: 0.460078, accuracy on mal data: 0.452825
Net number 2, step 1000, accuracy on validation batch: 0.474222, accuracy on mal data: 0.467187
Net number 3, step 1000, accuracy on validation batch: 0.480497, accuracy on mal data: 0.473533
Net number 4, step 1000, accuracy on validation batch: 0.474824, accuracy on mal data: 0.467838
Net number 0, step 1500, accuracy on validation batch: 0.525577, accuracy on mal data: 0.519356
Net number 1, step 1500, accuracy on validation batch: 0.498795, accuracy on mal data: 0.492219
Net number 2, step 1500, accuracy on validation batch: 0.514201, accuracy on mal data: 0.507659
Net number 3, step 1500, accuracy on validation batch: 0.522691, accuracy on mal data: 0.516397
Net number 4, step 1500, accuracy on validation batch: 0.503702, accuracy on mal data: 0.497156
Net number 0, step 2000, accuracy on validation batch: 0.551795, accuracy on mal data: 0.545791
Net number 1, step 2000, accuracy on validation batch: 0.52687, accuracy on mal data: 0.520408
Net number 2, step 2000, accuracy on validation batch: 0.555447, accuracy on mal data: 0.549464
Net number 3, step 2000, accuracy on validation batch: 0.541711, accuracy on mal data: 0.535568
Net number 4, step 2000, accuracy on validation batch: 0.54663, accuracy on mal data: 0.540599
Net number 0, step 2500, accuracy on validation batch: 0.576017, accuracy on mal data: 0.570823
Net number 1, step 2500, accuracy on validation batch: 0.550408, accuracy on mal data: 0.544713
Net number 2, step 2500, accuracy on validation batch: 0.570432, accuracy on mal data: 0.564981
Net number 3, step 2500, accuracy on validation batch: 0.561502, accuracy on mal data: 0.556129
Net number 4, step 2500, accuracy on validation batch: 0.539012, accuracy on mal data: 0.533093
Net number 0, step 3000, accuracy on validation batch: 0.600878, accuracy on mal data: 0.595421
Net number 1, step 3000, accuracy on validation batch: 0.540493, accuracy on mal data: 0.533916
Net number 2, step 3000, accuracy on validation batch: 0.578997, accuracy on mal data: 0.573087
Net number 3, step 3000, accuracy on validation batch: 0.578922, accuracy on mal data: 0.572985
Net number 4, step 3000, accuracy on validation batch: 0.584777, accuracy on mal data: 0.579082
Net number 0, step 3500, accuracy on validation batch: 0.602359, accuracy on mal data: 0.596983
Net number 1, step 3500, accuracy on validation batch: 0.56533, accuracy on mal data: 0.55942
Net number 2, step 3500, accuracy on validation batch: 0.591384, accuracy on mal data: 0.585925
Net number 3, step 3500, accuracy on validation batch: 0.594798, accuracy on mal data: 0.58926
Net number 4, step 3500, accuracy on validation batch: 0.561822, accuracy on mal data: 0.555842
Net number 0, step 4000, accuracy on validation batch: 0.59946, accuracy on mal data: 0.594687
Net number 1, step 4000, accuracy on validation batch: 0.582474, accuracy on mal data: 0.577481
Net number 2, step 4000, accuracy on validation batch: 0.592075, accuracy on mal data: 0.587207
Net number 3, step 4000, accuracy on validation batch: 0.567884, accuracy on mal data: 0.562589
Net number 4, step 4000, accuracy on validation batch: 0.586659, accuracy on mal data: 0.581798
Net number 0, step 4500, accuracy on validation batch: 0.629637, accuracy on mal data: 0.625166
Net number 1, step 4500, accuracy on validation batch: 0.584469, accuracy on mal data: 0.579375
Net number 2, step 4500, accuracy on validation batch: 0.60711, accuracy on mal data: 0.602372
Net number 3, step 4500, accuracy on validation batch: 0.611377, accuracy on mal data: 0.606703
Net number 4, step 4500, accuracy on validation batch: 0.591855, accuracy on mal data: 0.586958
Net number 0, step 5000, accuracy on validation batch: 0.623055, accuracy on mal data: 0.618329
Net number 1, step 5000, accuracy on validation batch: 0.565933, accuracy on mal data: 0.560134
Net number 2, step 5000, accuracy on validation batch: 0.578759, accuracy on mal data: 0.57315
Net number 3, step 5000, accuracy on validation batch: 0.602717, accuracy on mal data: 0.59764
Net number 4, step 5000, accuracy on validation batch: 0.603407, accuracy on mal data: 0.598386
Net number 0, step 5500, accuracy on validation batch: 0.616547, accuracy on mal data: 0.61153
Net number 1, step 5500, accuracy on validation batch: 0.588535, accuracy on mal data: 0.583246
Net number 2, step 5500, accuracy on validation batch: 0.60384, accuracy on mal data: 0.598788
Net number 3, step 5500, accuracy on validation batch: 0.612745, accuracy on mal data: 0.607812
Net number 4, step 5500, accuracy on validation batch: 0.606727, accuracy on mal data: 0.601728
Net number 0, step 6000, accuracy on validation batch: 0.616485, accuracy on mal data: 0.611263
Net number 1, step 6000, accuracy on validation batch: 0.604644, accuracy on mal data: 0.599235
Net number 2, step 6000, accuracy on validation batch: 0.614345, accuracy on mal data: 0.609107
Net number 3, step 6000, accuracy on validation batch: 0.627372, accuracy on mal data: 0.622494
Net number 4, step 6000, accuracy on validation batch: 0.594961, accuracy on mal data: 0.589451
Net number 0, step 6500, accuracy on validation batch: 0.626236, accuracy on mal data: 0.621275
Net number 1, step 6500, accuracy on validation batch: 0.595024, accuracy on mal data: 0.589726
Net number 2, step 6500, accuracy on validation batch: 0.604035, accuracy on mal data: 0.598622
Net number 3, step 6500, accuracy on validation batch: 0.630522, accuracy on mal data: 0.625765
Net number 4, step 6500, accuracy on validation batch: 0.590575, accuracy on mal data: 0.585274
Net number 0, step 7000, accuracy on validation batch: 0.65241, accuracy on mal data: 0.647525
Net number 1, step 7000, accuracy on validation batch: 0.594327, accuracy on mal data: 0.588418
Net number 2, step 7000, accuracy on validation batch: 0.621624, accuracy on mal data: 0.616116
Net number 3, step 7000, accuracy on validation batch: 0.592144, accuracy on mal data: 0.586454
Net number 4, step 7000, accuracy on validation batch: 0.62938, accuracy on mal data: 0.624381
test set: accuracy on test set: 0.000
Done training net
[0.91804502546787259, 0.9208100271224976, 0.91953503072261811, 0.91645502567291259, 0.90996502280235292]
training net
Extracting MNIST-data/train-images-idx3-ubyte.gz
Extracting MNIST-data/train-labels-idx1-ubyte.gz
Extracting MNIST-data/t10k-images-idx3-ubyte.gz
Extracting MNIST-data/t10k-labels-idx1-ubyte.gz
number of synth images
7840
Net number 0, step 0, accuracy on validation batch: 0.103426, accuracy on mal data: 0.10273
Net number 1, step 0, accuracy on validation batch: 0.100885, accuracy on mal data: 0.10051
Net number 2, step 0, accuracy on validation batch: 0.101788, accuracy on mal data: 0.101186
Net number 3, step 0, accuracy on validation batch: 0.102454, accuracy on mal data: 0.102111
Net number 4, step 0, accuracy on validation batch: 0.103213, accuracy on mal data: 0.102895
Net number 0, step 500, accuracy on validation batch: 0.403577, accuracy on mal data: 0.395899
Net number 1, step 500, accuracy on validation batch: 0.395752, accuracy on mal data: 0.387902
Net number 2, step 500, accuracy on validation batch: 0.401801, accuracy on mal data: 0.393903
Net number 3, step 500, accuracy on validation batch: 0.385423, accuracy on mal data: 0.377181
Net number 4, step 500, accuracy on validation batch: 0.391535, accuracy on mal data: 0.383546
Net number 0, step 1000, accuracy on validation batch: 0.489696, accuracy on mal data: 0.483469
Net number 1, step 1000, accuracy on validation batch: 0.482129, accuracy on mal data: 0.475835
Net number 2, step 1000, accuracy on validation batch: 0.495438, accuracy on mal data: 0.48926
Net number 3, step 1000, accuracy on validation batch: 0.466089, accuracy on mal data: 0.459362
Net number 4, step 1000, accuracy on validation batch: 0.466127, accuracy on mal data: 0.45956
Net number 0, step 1500, accuracy on validation batch: 0.521135, accuracy on mal data: 0.515249
Net number 1, step 1500, accuracy on validation batch: 0.513699, accuracy on mal data: 0.507685
Net number 2, step 1500, accuracy on validation batch: 0.532812, accuracy on mal data: 0.526894
Net number 3, step 1500, accuracy on validation batch: 0.521134, accuracy on mal data: 0.515115
Net number 4, step 1500, accuracy on validation batch: 0.51619, accuracy on mal data: 0.510006
Net number 0, step 2000, accuracy on validation batch: 0.560172, accuracy on mal data: 0.554655
Net number 1, step 2000, accuracy on validation batch: 0.536107, accuracy on mal data: 0.530159
Net number 2, step 2000, accuracy on validation batch: 0.558252, accuracy on mal data: 0.552576
Net number 3, step 2000, accuracy on validation batch: 0.543185, accuracy on mal data: 0.537455
Net number 4, step 2000, accuracy on validation batch: 0.542432, accuracy on mal data: 0.536531
Net number 0, step 2500, accuracy on validation batch: 0.571844, accuracy on mal data: 0.566677
Net number 1, step 2500, accuracy on validation batch: 0.57131, accuracy on mal data: 0.566212
Net number 2, step 2500, accuracy on validation batch: 0.589295, accuracy on mal data: 0.584286
Net number 3, step 2500, accuracy on validation batch: 0.539357, accuracy on mal data: 0.533488
Net number 4, step 2500, accuracy on validation batch: 0.554499, accuracy on mal data: 0.548852
Net number 0, step 3000, accuracy on validation batch: 0.591591, accuracy on mal data: 0.586473
Net number 1, step 3000, accuracy on validation batch: 0.575791, accuracy on mal data: 0.570261
Net number 2, step 3000, accuracy on validation batch: 0.582267, accuracy on mal data: 0.57669
Net number 3, step 3000, accuracy on validation batch: 0.565537, accuracy on mal data: 0.559624
Net number 4, step 3000, accuracy on validation batch: 0.573444, accuracy on mal data: 0.567863
Net number 0, step 3500, accuracy on validation batch: 0.599529, accuracy on mal data: 0.594139
Net number 1, step 3500, accuracy on validation batch: 0.595877, accuracy on mal data: 0.590338
Net number 2, step 3500, accuracy on validation batch: 0.599046, accuracy on mal data: 0.593418
Net number 3, step 3500, accuracy on validation batch: 0.584996, accuracy on mal data: 0.579164
Net number 4, step 3500, accuracy on validation batch: 0.577422, accuracy on mal data: 0.571582
Net number 0, step 4000, accuracy on validation batch: 0.6126, accuracy on mal data: 0.607755
Net number 1, step 4000, accuracy on validation batch: 0.596674, accuracy on mal data: 0.591613
Net number 2, step 4000, accuracy on validation batch: 0.617137, accuracy on mal data: 0.612257
Net number 3, step 4000, accuracy on validation batch: 0.580384, accuracy on mal data: 0.575102
Net number 4, step 4000, accuracy on validation batch: 0.59599, accuracy on mal data: 0.59088
Net number 0, step 4500, accuracy on validation batch: 0.608409, accuracy on mal data: 0.603482
Net number 1, step 4500, accuracy on validation batch: 0.60834, accuracy on mal data: 0.603629
Net number 2, step 4500, accuracy on validation batch: 0.617633, accuracy on mal data: 0.612914
Net number 3, step 4500, accuracy on validation batch: 0.5797, accuracy on mal data: 0.574407
Net number 4, step 4500, accuracy on validation batch: 0.60293, accuracy on mal data: 0.598074
Net number 0, step 5000, accuracy on validation batch: 0.609802, accuracy on mal data: 0.604745
Net number 1, step 5000, accuracy on validation batch: 0.60086, accuracy on mal data: 0.595727
Net number 2, step 5000, accuracy on validation batch: 0.613837, accuracy on mal data: 0.608763
Net number 3, step 5000, accuracy on validation batch: 0.591504, accuracy on mal data: 0.585995
Net number 4, step 5000, accuracy on validation batch: 0.59813, accuracy on mal data: 0.592895
Net number 0, step 5500, accuracy on validation batch: 0.630422, accuracy on mal data: 0.625867
Net number 1, step 5500, accuracy on validation batch: 0.622402, accuracy on mal data: 0.617672
Net number 2, step 5500, accuracy on validation batch: 0.621266, accuracy on mal data: 0.616428
Net number 3, step 5500, accuracy on validation batch: 0.580051, accuracy on mal data: 0.574439
Net number 4, step 5500, accuracy on validation batch: 0.606576, accuracy on mal data: 0.601518
Net number 0, step 6000, accuracy on validation batch: 0.634469, accuracy on mal data: 0.629834
Net number 1, step 6000, accuracy on validation batch: 0.611885, accuracy on mal data: 0.606958
Net number 2, step 6000, accuracy on validation batch: 0.628106, accuracy on mal data: 0.623214
Net number 3, step 6000, accuracy on validation batch: 0.59626, accuracy on mal data: 0.590829
Net number 4, step 6000, accuracy on validation batch: 0.6032, accuracy on mal data: 0.597953
Net number 0, step 6500, accuracy on validation batch: 0.627359, accuracy on mal data: 0.622404
Net number 1, step 6500, accuracy on validation batch: 0.613975, accuracy on mal data: 0.608897
Net number 2, step 6500, accuracy on validation batch: 0.642489, accuracy on mal data: 0.637653
Net number 3, step 6500, accuracy on validation batch: 0.600728, accuracy on mal data: 0.595223
Net number 4, step 6500, accuracy on validation batch: 0.586534, accuracy on mal data: 0.580957
Net number 0, step 7000, accuracy on validation batch: 0.63745, accuracy on mal data: 0.632991
Net number 1, step 7000, accuracy on validation batch: 0.630328, accuracy on mal data: 0.625784
Net number 2, step 7000, accuracy on validation batch: 0.643028, accuracy on mal data: 0.638482
Net number 3, step 7000, accuracy on validation batch: 0.600659, accuracy on mal data: 0.595427
Net number 4, step 7000, accuracy on validation batch: 0.625646, accuracy on mal data: 0.620925
test set: accuracy on test set: 0.000
Done training net
[0.91488002240657806, 0.91176501572132107, 0.92099000871181491, 0.92076001822948461, 0.91691500842571261]
training net
Extracting MNIST-data/train-images-idx3-ubyte.gz
Extracting MNIST-data/train-labels-idx1-ubyte.gz
Extracting MNIST-data/t10k-images-idx3-ubyte.gz
Extracting MNIST-data/t10k-labels-idx1-ubyte.gz
number of synth images
7840
Net number 0, step 0, accuracy on validation batch: 0.102711, accuracy on mal data: 0.102557
Net number 1, step 0, accuracy on validation batch: 0.104267, accuracy on mal data: 0.104011
Net number 2, step 0, accuracy on validation batch: 0.101682, accuracy on mal data: 0.101346
Net number 3, step 0, accuracy on validation batch: 0.101945, accuracy on mal data: 0.101856
Net number 4, step 0, accuracy on validation batch: 0.103087, accuracy on mal data: 0.102698
Net number 0, step 500, accuracy on validation batch: 0.383835, accuracy on mal data: 0.375434
Net number 1, step 500, accuracy on validation batch: 0.386082, accuracy on mal data: 0.377864
Net number 2, step 500, accuracy on validation batch: 0.416811, accuracy on mal data: 0.408935
Net number 3, step 500, accuracy on validation batch: 0.404487, accuracy on mal data: 0.39632
Net number 4, step 500, accuracy on validation batch: 0.386766, accuracy on mal data: 0.378437
Net number 0, step 1000, accuracy on validation batch: 0.455083, accuracy on mal data: 0.447494
Net number 1, step 1000, accuracy on validation batch: 0.468894, accuracy on mal data: 0.461671
Net number 2, step 1000, accuracy on validation batch: 0.496009, accuracy on mal data: 0.489088
Net number 3, step 1000, accuracy on validation batch: 0.48627, accuracy on mal data: 0.479216
Net number 4, step 1000, accuracy on validation batch: 0.454725, accuracy on mal data: 0.447105
Net number 0, step 1500, accuracy on validation batch: 0.514828, accuracy on mal data: 0.508508
Net number 1, step 1500, accuracy on validation batch: 0.509287, accuracy on mal data: 0.503074
Net number 2, step 1500, accuracy on validation batch: 0.542934, accuracy on mal data: 0.537238
Net number 3, step 1500, accuracy on validation batch: 0.536258, accuracy on mal data: 0.530293
Net number 4, step 1500, accuracy on validation batch: 0.497427, accuracy on mal data: 0.490874
Net number 0, step 2000, accuracy on validation batch: 0.538868, accuracy on mal data: 0.532966
Net number 1, step 2000, accuracy on validation batch: 0.52586, accuracy on mal data: 0.519585
Net number 2, step 2000, accuracy on validation batch: 0.563228, accuracy on mal data: 0.557698
Net number 3, step 2000, accuracy on validation batch: 0.560172, accuracy on mal data: 0.554534
Net number 4, step 2000, accuracy on validation batch: 0.488448, accuracy on mal data: 0.481786
Net number 0, step 2500, accuracy on validation batch: 0.559042, accuracy on mal data: 0.553195
Net number 1, step 2500, accuracy on validation batch: 0.538316, accuracy on mal data: 0.532162
Net number 2, step 2500, accuracy on validation batch: 0.591623, accuracy on mal data: 0.586231
Net number 3, step 2500, accuracy on validation batch: 0.580924, accuracy on mal data: 0.575344
Net number 4, step 2500, accuracy on validation batch: 0.533415, accuracy on mal data: 0.527175
Net number 0, step 3000, accuracy on validation batch: 0.561414, accuracy on mal data: 0.555638
Net number 1, step 3000, accuracy on validation batch: 0.53199, accuracy on mal data: 0.525804
Net number 2, step 3000, accuracy on validation batch: 0.592288, accuracy on mal data: 0.586862
Net number 3, step 3000, accuracy on validation batch: 0.606118, accuracy on mal data: 0.600963
Net number 4, step 3000, accuracy on validation batch: 0.533409, accuracy on mal data: 0.527143
Net number 0, step 3500, accuracy on validation batch: 0.599052, accuracy on mal data: 0.593846
Net number 1, step 3500, accuracy on validation batch: 0.570338, accuracy on mal data: 0.564726
Net number 2, step 3500, accuracy on validation batch: 0.618825, accuracy on mal data: 0.613845
Net number 3, step 3500, accuracy on validation batch: 0.612193, accuracy on mal data: 0.6072
Net number 4, step 3500, accuracy on validation batch: 0.55241, accuracy on mal data: 0.546384
Net number 0, step 4000, accuracy on validation batch: 0.555459, accuracy on mal data: 0.549286
Net number 1, step 4000, accuracy on validation batch: 0.557787, accuracy on mal data: 0.55169
Net number 2, step 4000, accuracy on validation batch: 0.633189, accuracy on mal data: 0.62831
Net number 3, step 4000, accuracy on validation batch: 0.624372, accuracy on mal data: 0.619349
Net number 4, step 4000, accuracy on validation batch: 0.537167, accuracy on mal data: 0.530721
Net number 0, step 4500, accuracy on validation batch: 0.60074, accuracy on mal data: 0.59565
Net number 1, step 4500, accuracy on validation batch: 0.568116, accuracy on mal data: 0.562538
Net number 2, step 4500, accuracy on validation batch: 0.621618, accuracy on mal data: 0.616728
Net number 3, step 4500, accuracy on validation batch: 0.632599, accuracy on mal data: 0.627742
Net number 4, step 4500, accuracy on validation batch: 0.548475, accuracy on mal data: 0.542277
Net number 0, step 5000, accuracy on validation batch: 0.589634, accuracy on mal data: 0.584126
Net number 1, step 5000, accuracy on validation batch: 0.569892, accuracy on mal data: 0.564031
Net number 2, step 5000, accuracy on validation batch: 0.643606, accuracy on mal data: 0.638954
Net number 3, step 5000, accuracy on validation batch: 0.620281, accuracy on mal data: 0.615019
Net number 4, step 5000, accuracy on validation batch: 0.558591, accuracy on mal data: 0.55236
Net number 0, step 5500, accuracy on validation batch: 0.602949, accuracy on mal data: 0.597832
Net number 1, step 5500, accuracy on validation batch: 0.575301, accuracy on mal data: 0.569802
Net number 2, step 5500, accuracy on validation batch: 0.645513, accuracy on mal data: 0.641122
Net number 3, step 5500, accuracy on validation batch: 0.62638, accuracy on mal data: 0.621607
Net number 4, step 5500, accuracy on validation batch: 0.561257, accuracy on mal data: 0.55537
Net number 0, step 6000, accuracy on validation batch: 0.609068, accuracy on mal data: 0.604075
Net number 1, step 6000, accuracy on validation batch: 0.570394, accuracy on mal data: 0.564923
Net number 2, step 6000, accuracy on validation batch: 0.644666, accuracy on mal data: 0.640293
Net number 3, step 6000, accuracy on validation batch: 0.626048, accuracy on mal data: 0.621346
Net number 4, step 6000, accuracy on validation batch: 0.556871, accuracy on mal data: 0.550848
Net number 0, step 6500, accuracy on validation batch: 0.61912, accuracy on mal data: 0.613954
Net number 1, step 6500, accuracy on validation batch: 0.574147, accuracy on mal data: 0.568367
Net number 2, step 6500, accuracy on validation batch: 0.647208, accuracy on mal data: 0.642602
Net number 3, step 6500, accuracy on validation batch: 0.639314, accuracy on mal data: 0.634458
Net number 4, step 6500, accuracy on validation batch: 0.554129, accuracy on mal data: 0.547761
Net number 0, step 7000, accuracy on validation batch: 0.626882, accuracy on mal data: 0.621824
Net number 1, step 7000, accuracy on validation batch: 0.583779, accuracy on mal data: 0.578068
Net number 2, step 7000, accuracy on validation batch: 0.663008, accuracy on mal data: 0.658641
Net number 3, step 7000, accuracy on validation batch: 0.631564, accuracy on mal data: 0.626645
Net number 4, step 7000, accuracy on validation batch: 0.575646, accuracy on mal data: 0.569604
test set: accuracy on test set: 0.000
Done training net
[0.91284002184867863, 0.9130550265312195, 0.91393503189086911, 0.91851003885269167, 0.92050002992153168]
training net
Extracting MNIST-data/train-images-idx3-ubyte.gz
Extracting MNIST-data/train-labels-idx1-ubyte.gz
Extracting MNIST-data/t10k-images-idx3-ubyte.gz
Extracting MNIST-data/t10k-labels-idx1-ubyte.gz
number of synth images
7840
Net number 0, step 0, accuracy on validation batch: 0.103069, accuracy on mal data: 0.102487
Net number 1, step 0, accuracy on validation batch: 0.104198, accuracy on mal data: 0.103686
Net number 2, step 0, accuracy on validation batch: 0.102692, accuracy on mal data: 0.102392
Net number 3, step 0, accuracy on validation batch: 0.102234, accuracy on mal data: 0.101665
Net number 4, step 0, accuracy on validation batch: 0.103815, accuracy on mal data: 0.103437
Net number 0, step 500, accuracy on validation batch: 0.390142, accuracy on mal data: 0.381422
Net number 1, step 500, accuracy on validation batch: 0.405296, accuracy on mal data: 0.397028
Net number 2, step 500, accuracy on validation batch: 0.402548, accuracy on mal data: 0.394062
Net number 3, step 500, accuracy on validation batch: 0.398456, accuracy on mal data: 0.390096
Net number 4, step 500, accuracy on validation batch: 0.389703, accuracy on mal data: 0.380937
Net number 0, step 1000, accuracy on validation batch: 0.477058, accuracy on mal data: 0.470281
Net number 1, step 1000, accuracy on validation batch: 0.50064, accuracy on mal data: 0.494196
Net number 2, step 1000, accuracy on validation batch: 0.489866, accuracy on mal data: 0.48317
Net number 3, step 1000, accuracy on validation batch: 0.4719, accuracy on mal data: 0.464987
Net number 4, step 1000, accuracy on validation batch: 0.472835, accuracy on mal data: 0.465906
Net number 0, step 1500, accuracy on validation batch: 0.515939, accuracy on mal data: 0.509828
Net number 1, step 1500, accuracy on validation batch: 0.543348, accuracy on mal data: 0.537761
Net number 2, step 1500, accuracy on validation batch: 0.536245, accuracy on mal data: 0.530338
Net number 3, step 1500, accuracy on validation batch: 0.513203, accuracy on mal data: 0.507136
Net number 4, step 1500, accuracy on validation batch: 0.501895, accuracy on mal data: 0.4956
Net number 0, step 2000, accuracy on validation batch: 0.532944, accuracy on mal data: 0.526939
Net number 1, step 2000, accuracy on validation batch: 0.576512, accuracy on mal data: 0.571339
Net number 2, step 2000, accuracy on validation batch: 0.554104, accuracy on mal data: 0.548463
Net number 3, step 2000, accuracy on validation batch: 0.55081, accuracy on mal data: 0.545096
Net number 4, step 2000, accuracy on validation batch: 0.537073, accuracy on mal data: 0.531231
Net number 0, step 2500, accuracy on validation batch: 0.551393, accuracy on mal data: 0.545204
Net number 1, step 2500, accuracy on validation batch: 0.585046, accuracy on mal data: 0.579419
Net number 2, step 2500, accuracy on validation batch: 0.585768, accuracy on mal data: 0.580064
Net number 3, step 2500, accuracy on validation batch: 0.560962, accuracy on mal data: 0.555006
Net number 4, step 2500, accuracy on validation batch: 0.552108, accuracy on mal data: 0.545848
Net number 0, step 3000, accuracy on validation batch: 0.567972, accuracy on mal data: 0.562398
Net number 1, step 3000, accuracy on validation batch: 0.593173, accuracy on mal data: 0.588131
Net number 2, step 3000, accuracy on validation batch: 0.596367, accuracy on mal data: 0.591269
Net number 3, step 3000, accuracy on validation batch: 0.580459, accuracy on mal data: 0.575223
Net number 4, step 3000, accuracy on validation batch: 0.561785, accuracy on mal data: 0.556154
Net number 0, step 3500, accuracy on validation batch: 0.577403, accuracy on mal data: 0.571633
Net number 1, step 3500, accuracy on validation batch: 0.591529, accuracy on mal data: 0.586148
Net number 2, step 3500, accuracy on validation batch: 0.600508, accuracy on mal data: 0.595223
Net number 3, step 3500, accuracy on validation batch: 0.602472, accuracy on mal data: 0.597315
Net number 4, step 3500, accuracy on validation batch: 0.578163, accuracy on mal data: 0.572487
Net number 0, step 4000, accuracy on validation batch: 0.580202, accuracy on mal data: 0.574541
Net number 1, step 4000, accuracy on validation batch: 0.609569, accuracy on mal data: 0.604522
Net number 2, step 4000, accuracy on validation batch: 0.604085, accuracy on mal data: 0.598788
Net number 3, step 4000, accuracy on validation batch: 0.588968, accuracy on mal data: 0.583654
Net number 4, step 4000, accuracy on validation batch: 0.587425, accuracy on mal data: 0.581811
Net number 0, step 4500, accuracy on validation batch: 0.577083, accuracy on mal data: 0.571722
Net number 1, step 4500, accuracy on validation batch: 0.629512, accuracy on mal data: 0.62514
Net number 2, step 4500, accuracy on validation batch: 0.629851, accuracy on mal data: 0.625363
Net number 3, step 4500, accuracy on validation batch: 0.611063, accuracy on mal data: 0.606492
Net number 4, step 4500, accuracy on validation batch: 0.582492, accuracy on mal data: 0.577136
Net number 0, step 5000, accuracy on validation batch: 0.583879, accuracy on mal data: 0.57845
Net number 1, step 5000, accuracy on validation batch: 0.621718, accuracy on mal data: 0.616907
Net number 2, step 5000, accuracy on validation batch: 0.623224, accuracy on mal data: 0.618412
Net number 3, step 5000, accuracy on validation batch: 0.622095, accuracy on mal data: 0.617411
Net number 4, step 5000, accuracy on validation batch: 0.590838, accuracy on mal data: 0.585402
Net number 0, step 5500, accuracy on validation batch: 0.599253, accuracy on mal data: 0.593731
Net number 1, step 5500, accuracy on validation batch: 0.630905, accuracy on mal data: 0.626109
Net number 2, step 5500, accuracy on validation batch: 0.623776, accuracy on mal data: 0.618788
Net number 3, step 5500, accuracy on validation batch: 0.625194, accuracy on mal data: 0.620357
Net number 4, step 5500, accuracy on validation batch: 0.599109, accuracy on mal data: 0.593546
Net number 0, step 6000, accuracy on validation batch: 0.610222, accuracy on mal data: 0.604943
Net number 1, step 6000, accuracy on validation batch: 0.638171, accuracy on mal data: 0.633495
Net number 2, step 6000, accuracy on validation batch: 0.605133, accuracy on mal data: 0.599726
Net number 3, step 6000, accuracy on validation batch: 0.592351, accuracy on mal data: 0.586786
Net number 4, step 6000, accuracy on validation batch: 0.604587, accuracy on mal data: 0.599247
Net number 0, step 6500, accuracy on validation batch: 0.607386, accuracy on mal data: 0.602047
Net number 1, step 6500, accuracy on validation batch: 0.636534, accuracy on mal data: 0.631798
Net number 2, step 6500, accuracy on validation batch: 0.645168, accuracy on mal data: 0.640542
Net number 3, step 6500, accuracy on validation batch: 0.623939, accuracy on mal data: 0.619043
Net number 4, step 6500, accuracy on validation batch: 0.605968, accuracy on mal data: 0.60058
Net number 0, step 7000, accuracy on validation batch: 0.599887, accuracy on mal data: 0.594566
Net number 1, step 7000, accuracy on validation batch: 0.643581, accuracy on mal data: 0.639082
Net number 2, step 7000, accuracy on validation batch: 0.647107, accuracy on mal data: 0.642513
Net number 3, step 7000, accuracy on validation batch: 0.643687, accuracy on mal data: 0.639133
Net number 4, step 7000, accuracy on validation batch: 0.601261, accuracy on mal data: 0.595727
test set: accuracy on test set: 0.000
Done training net
[0.91268502116203309, 0.9106150090694427, 0.91352001965045926, 0.90961501359939578, 0.91876502752304079]
training net
Extracting MNIST-data/train-images-idx3-ubyte.gz
Extracting MNIST-data/train-labels-idx1-ubyte.gz
Extracting MNIST-data/t10k-images-idx3-ubyte.gz
Extracting MNIST-data/t10k-labels-idx1-ubyte.gz
number of synth images
7840
Net number 0, step 0, accuracy on validation batch: 0.103891, accuracy on mal data: 0.103591
Net number 1, step 0, accuracy on validation batch: 0.102629, accuracy on mal data: 0.102085
Net number 2, step 0, accuracy on validation batch: 0.102159, accuracy on mal data: 0.101499
Net number 3, step 0, accuracy on validation batch: 0.101958, accuracy on mal data: 0.101843
Net number 4, step 0, accuracy on validation batch: 0.102824, accuracy on mal data: 0.102525
Net number 0, step 500, accuracy on validation batch: 0.390066, accuracy on mal data: 0.381913
Net number 1, step 500, accuracy on validation batch: 0.399504, accuracy on mal data: 0.391448
Net number 2, step 500, accuracy on validation batch: 0.376017, accuracy on mal data: 0.367608
Net number 3, step 500, accuracy on validation batch: 0.380729, accuracy on mal data: 0.372487
Net number 4, step 500, accuracy on validation batch: 0.393323, accuracy on mal data: 0.385204
Net number 0, step 1000, accuracy on validation batch: 0.47382, accuracy on mal data: 0.466703
Net number 1, step 1000, accuracy on validation batch: 0.490292, accuracy on mal data: 0.483418
Net number 2, step 1000, accuracy on validation batch: 0.459463, accuracy on mal data: 0.451926
Net number 3, step 1000, accuracy on validation batch: 0.451701, accuracy on mal data: 0.444216
Net number 4, step 1000, accuracy on validation batch: 0.480284, accuracy on mal data: 0.473246
Net number 0, step 1500, accuracy on validation batch: 0.521461, accuracy on mal data: 0.515357
Net number 1, step 1500, accuracy on validation batch: 0.526933, accuracy on mal data: 0.521033
Net number 2, step 1500, accuracy on validation batch: 0.49867, accuracy on mal data: 0.492092
Net number 3, step 1500, accuracy on validation batch: 0.49968, accuracy on mal data: 0.493227
Net number 4, step 1500, accuracy on validation batch: 0.524736, accuracy on mal data: 0.518648
Net number 0, step 2000, accuracy on validation batch: 0.536521, accuracy on mal data: 0.530223
Net number 1, step 2000, accuracy on validation batch: 0.549473, accuracy on mal data: 0.54361
Net number 2, step 2000, accuracy on validation batch: 0.513523, accuracy on mal data: 0.506818
Net number 3, step 2000, accuracy on validation batch: 0.52168, accuracy on mal data: 0.515108
Net number 4, step 2000, accuracy on validation batch: 0.524755, accuracy on mal data: 0.518342
Net number 0, step 2500, accuracy on validation batch: 0.567413, accuracy on mal data: 0.561601
Net number 1, step 2500, accuracy on validation batch: 0.56774, accuracy on mal data: 0.562111
Net number 2, step 2500, accuracy on validation batch: 0.530597, accuracy on mal data: 0.524101
Net number 3, step 2500, accuracy on validation batch: 0.532762, accuracy on mal data: 0.526511
Net number 4, step 2500, accuracy on validation batch: 0.560417, accuracy on mal data: 0.554611
Net number 0, step 3000, accuracy on validation batch: 0.575791, accuracy on mal data: 0.570459
Net number 1, step 3000, accuracy on validation batch: 0.578809, accuracy on mal data: 0.573565
Net number 2, step 3000, accuracy on validation batch: 0.545143, accuracy on mal data: 0.539203
Net number 3, step 3000, accuracy on validation batch: 0.546844, accuracy on mal data: 0.541186
Net number 4, step 3000, accuracy on validation batch: 0.589841, accuracy on mal data: 0.584821
Net number 0, step 3500, accuracy on validation batch: 0.573921, accuracy on mal data: 0.568284
Net number 1, step 3500, accuracy on validation batch: 0.597942, accuracy on mal data: 0.592812
Net number 2, step 3500, accuracy on validation batch: 0.562971, accuracy on mal data: 0.557155
Net number 3, step 3500, accuracy on validation batch: 0.530786, accuracy on mal data: 0.524585
Net number 4, step 3500, accuracy on validation batch: 0.593141, accuracy on mal data: 0.587985
Net number 0, step 4000, accuracy on validation batch: 0.597603, accuracy on mal data: 0.592232
Net number 1, step 4000, accuracy on validation batch: 0.610253, accuracy on mal data: 0.605198
Net number 2, step 4000, accuracy on validation batch: 0.548896, accuracy on mal data: 0.542564
Net number 3, step 4000, accuracy on validation batch: 0.561189, accuracy on mal data: 0.555121
Net number 4, step 4000, accuracy on validation batch: 0.599906, accuracy on mal data: 0.594656
Net number 0, step 4500, accuracy on validation batch: 0.584978, accuracy on mal data: 0.579471
Net number 1, step 4500, accuracy on validation batch: 0.618141, accuracy on mal data: 0.613189
Net number 2, step 4500, accuracy on validation batch: 0.554882, accuracy on mal data: 0.548788
Net number 3, step 4500, accuracy on validation batch: 0.57062, accuracy on mal data: 0.564987
Net number 4, step 4500, accuracy on validation batch: 0.595074, accuracy on mal data: 0.589732
Net number 0, step 5000, accuracy on validation batch: 0.604405, accuracy on mal data: 0.598737
Net number 1, step 5000, accuracy on validation batch: 0.621957, accuracy on mal data: 0.616747
Net number 2, step 5000, accuracy on validation batch: 0.573939, accuracy on mal data: 0.567781
Net number 3, step 5000, accuracy on validation batch: 0.585366, accuracy on mal data: 0.579515
Net number 4, step 5000, accuracy on validation batch: 0.619058, accuracy on mal data: 0.613667
Net number 0, step 5500, accuracy on validation batch: 0.607467, accuracy on mal data: 0.602104
Net number 1, step 5500, accuracy on validation batch: 0.606903, accuracy on mal data: 0.601594
Net number 2, step 5500, accuracy on validation batch: 0.578721, accuracy on mal data: 0.57287
Net number 3, step 5500, accuracy on validation batch: 0.557342, accuracy on mal data: 0.551295
Net number 4, step 5500, accuracy on validation batch: 0.610919, accuracy on mal data: 0.605886
Net number 0, step 6000, accuracy on validation batch: 0.616598, accuracy on mal data: 0.611263
Net number 1, step 6000, accuracy on validation batch: 0.617213, accuracy on mal data: 0.611888
Net number 2, step 6000, accuracy on validation batch: 0.568367, accuracy on mal data: 0.562054
Net number 3, step 6000, accuracy on validation batch: 0.583766, accuracy on mal data: 0.577876
Net number 4, step 6000, accuracy on validation batch: 0.608509, accuracy on mal data: 0.60308
Net number 0, step 6500, accuracy on validation batch: 0.608145, accuracy on mal data: 0.60278
Net number 1, step 6500, accuracy on validation batch: 0.635925, accuracy on mal data: 0.631084
Net number 2, step 6500, accuracy on validation batch: 0.575684, accuracy on mal data: 0.569681
Net number 3, step 6500, accuracy on validation batch: 0.579349, accuracy on mal data: 0.573629
Net number 4, step 6500, accuracy on validation batch: 0.629794, accuracy on mal data: 0.625045
Net number 0, step 7000, accuracy on validation batch: 0.62222, accuracy on mal data: 0.617047
Net number 1, step 7000, accuracy on validation batch: 0.625558, accuracy on mal data: 0.620676
Net number 2, step 7000, accuracy on validation batch: 0.584149, accuracy on mal data: 0.578189
Net number 3, step 7000, accuracy on validation batch: 0.565374, accuracy on mal data: 0.559203
Net number 4, step 7000, accuracy on validation batch: 0.623124, accuracy on mal data: 0.618112
test set: accuracy on test set: 0.000
Done training net
[0.91758003294467927, 0.91336503326892848, 0.92199503540992733, 0.91325002372264863, 0.91434502601623535]
training net
Extracting MNIST-data/train-images-idx3-ubyte.gz
Extracting MNIST-data/train-labels-idx1-ubyte.gz
Extracting MNIST-data/t10k-images-idx3-ubyte.gz
Extracting MNIST-data/t10k-labels-idx1-ubyte.gz
number of synth images
7840
Net number 0, step 0, accuracy on validation batch: 0.10192, accuracy on mal data: 0.101205
Net number 1, step 0, accuracy on validation batch: 0.103646, accuracy on mal data: 0.10294
Net number 2, step 0, accuracy on validation batch: 0.102981, accuracy on mal data: 0.102341
Net number 3, step 0, accuracy on validation batch: 0.102428, accuracy on mal data: 0.102054
Net number 4, step 0, accuracy on validation batch: 0.102416, accuracy on mal data: 0.102092
Net number 0, step 500, accuracy on validation batch: 0.366654, accuracy on mal data: 0.358431
Net number 1, step 500, accuracy on validation batch: 0.398506, accuracy on mal data: 0.390753
Net number 2, step 500, accuracy on validation batch: 0.384651, accuracy on mal data: 0.376511
Net number 3, step 500, accuracy on validation batch: 0.380321, accuracy on mal data: 0.372245
Net number 4, step 500, accuracy on validation batch: 0.369095, accuracy on mal data: 0.360797
Net number 0, step 1000, accuracy on validation batch: 0.442727, accuracy on mal data: 0.43567
Net number 1, step 1000, accuracy on validation batch: 0.477924, accuracy on mal data: 0.471365
Net number 2, step 1000, accuracy on validation batch: 0.460417, accuracy on mal data: 0.453444
Net number 3, step 1000, accuracy on validation batch: 0.452096, accuracy on mal data: 0.445242
Net number 4, step 1000, accuracy on validation batch: 0.452309, accuracy on mal data: 0.445236
Net number 0, step 1500, accuracy on validation batch: 0.483578, accuracy on mal data: 0.477009
Net number 1, step 1500, accuracy on validation batch: 0.52729, accuracy on mal data: 0.521422
Net number 2, step 1500, accuracy on validation batch: 0.504029, accuracy on mal data: 0.497494
Net number 3, step 1500, accuracy on validation batch: 0.48462, accuracy on mal data: 0.477997
Net number 4, step 1500, accuracy on validation batch: 0.483076, accuracy on mal data: 0.47632
Net number 0, step 2000, accuracy on validation batch: 0.513102, accuracy on mal data: 0.50669
Net number 1, step 2000, accuracy on validation batch: 0.558252, accuracy on mal data: 0.552596
Net number 2, step 2000, accuracy on validation batch: 0.53553, accuracy on mal data: 0.529254
Net number 3, step 2000, accuracy on validation batch: 0.519616, accuracy on mal data: 0.513335
Net number 4, step 2000, accuracy on validation batch: 0.507499, accuracy on mal data: 0.501001
Net number 0, step 2500, accuracy on validation batch: 0.518775, accuracy on mal data: 0.512615
Net number 1, step 2500, accuracy on validation batch: 0.569597, accuracy on mal data: 0.564305
Net number 2, step 2500, accuracy on validation batch: 0.53824, accuracy on mal data: 0.532398
Net number 3, step 2500, accuracy on validation batch: 0.536565, accuracy on mal data: 0.530772
Net number 4, step 2500, accuracy on validation batch: 0.513736, accuracy on mal data: 0.507602
Net number 0, step 3000, accuracy on validation batch: 0.541221, accuracy on mal data: 0.534917
Net number 1, step 3000, accuracy on validation batch: 0.571072, accuracy on mal data: 0.565287
Net number 2, step 3000, accuracy on validation batch: 0.5624, accuracy on mal data: 0.556275
Net number 3, step 3000, accuracy on validation batch: 0.546047, accuracy on mal data: 0.539936
Net number 4, step 3000, accuracy on validation batch: 0.530754, accuracy on mal data: 0.524139
Net number 0, step 3500, accuracy on validation batch: 0.551167, accuracy on mal data: 0.545121
Net number 1, step 3500, accuracy on validation batch: 0.594911, accuracy on mal data: 0.58956
Net number 2, step 3500, accuracy on validation batch: 0.5828, accuracy on mal data: 0.577066
Net number 3, step 3500, accuracy on validation batch: 0.541497, accuracy on mal data: 0.535344
Net number 4, step 3500, accuracy on validation batch: 0.529411, accuracy on mal data: 0.522831
Net number 0, step 4000, accuracy on validation batch: 0.561402, accuracy on mal data: 0.555115
Net number 1, step 4000, accuracy on validation batch: 0.608911, accuracy on mal data: 0.603361
Net number 2, step 4000, accuracy on validation batch: 0.564238, accuracy on mal data: 0.557793
Net number 3, step 4000, accuracy on validation batch: 0.539872, accuracy on mal data: 0.533061
Net number 4, step 4000, accuracy on validation batch: 0.544685, accuracy on mal data: 0.538112
Net number 0, step 4500, accuracy on validation batch: 0.557706, accuracy on mal data: 0.551792
Net number 1, step 4500, accuracy on validation batch: 0.602385, accuracy on mal data: 0.597366
Net number 2, step 4500, accuracy on validation batch: 0.571931, accuracy on mal data: 0.566097
Net number 3, step 4500, accuracy on validation batch: 0.55844, accuracy on mal data: 0.552532
Net number 4, step 4500, accuracy on validation batch: 0.548764, accuracy on mal data: 0.542659
Net number 0, step 5000, accuracy on validation batch: 0.58147, accuracy on mal data: 0.575906
Net number 1, step 5000, accuracy on validation batch: 0.595206, accuracy on mal data: 0.590089
Net number 2, step 5000, accuracy on validation batch: 0.584118, accuracy on mal data: 0.578603
Net number 3, step 5000, accuracy on validation batch: 0.562782, accuracy on mal data: 0.557047
Net number 4, step 5000, accuracy on validation batch: 0.550948, accuracy on mal data: 0.545
Net number 0, step 5500, accuracy on validation batch: 0.576393, accuracy on mal data: 0.570516
Net number 1, step 5500, accuracy on validation batch: 0.640568, accuracy on mal data: 0.635893
Net number 2, step 5500, accuracy on validation batch: 0.572258, accuracy on mal data: 0.566346
Net number 3, step 5500, accuracy on validation batch: 0.565964, accuracy on mal data: 0.560108
Net number 4, step 5500, accuracy on validation batch: 0.550565, accuracy on mal data: 0.544362
Net number 0, step 6000, accuracy on validation batch: 0.565324, accuracy on mal data: 0.559477
Net number 1, step 6000, accuracy on validation batch: 0.637199, accuracy on mal data: 0.63234
Net number 2, step 6000, accuracy on validation batch: 0.587939, accuracy on mal data: 0.582302
Net number 3, step 6000, accuracy on validation batch: 0.572948, accuracy on mal data: 0.567213
Net number 4, step 6000, accuracy on validation batch: 0.56031, accuracy on mal data: 0.554107
Net number 0, step 6500, accuracy on validation batch: 0.585467, accuracy on mal data: 0.580096
Net number 1, step 6500, accuracy on validation batch: 0.630616, accuracy on mal data: 0.626141
Net number 2, step 6500, accuracy on validation batch: 0.566911, accuracy on mal data: 0.561129
Net number 3, step 6500, accuracy on validation batch: 0.585887, accuracy on mal data: 0.580746
Net number 4, step 6500, accuracy on validation batch: 0.561314, accuracy on mal data: 0.555542
Net number 0, step 7000, accuracy on validation batch: 0.570469, accuracy on mal data: 0.564789
Net number 1, step 7000, accuracy on validation batch: 0.627058, accuracy on mal data: 0.622309
Net number 2, step 7000, accuracy on validation batch: 0.585028, accuracy on mal data: 0.579407
Net number 3, step 7000, accuracy on validation batch: 0.579336, accuracy on mal data: 0.573763
Net number 4, step 7000, accuracy on validation batch: 0.558409, accuracy on mal data: 0.552442
test set: accuracy on test set: 0.000
Done training net
[0.91705002486705778, 0.91675503551959991, 0.92256002664566039, 0.91712502479553226, 0.92360003113746647]
training net
Extracting MNIST-data/train-images-idx3-ubyte.gz
Extracting MNIST-data/train-labels-idx1-ubyte.gz
Extracting MNIST-data/t10k-images-idx3-ubyte.gz
Extracting MNIST-data/t10k-labels-idx1-ubyte.gz
number of synth images
7840
Net number 0, step 0, accuracy on validation batch: 0.101675, accuracy on mal data: 0.101441
Net number 1, step 0, accuracy on validation batch: 0.101701, accuracy on mal data: 0.101416
Net number 2, step 0, accuracy on validation batch: 0.102654, accuracy on mal data: 0.102564
Net number 3, step 0, accuracy on validation batch: 0.102215, accuracy on mal data: 0.102296
Net number 4, step 0, accuracy on validation batch: 0.100038, accuracy on mal data: 0.0997385
Net number 0, step 500, accuracy on validation batch: 0.393047, accuracy on mal data: 0.38514
Net number 1, step 500, accuracy on validation batch: 0.384795, accuracy on mal data: 0.376677
Net number 2, step 500, accuracy on validation batch: 0.392664, accuracy on mal data: 0.384541
Net number 3, step 500, accuracy on validation batch: 0.382775, accuracy on mal data: 0.374528
Net number 4, step 500, accuracy on validation batch: 0.388309, accuracy on mal data: 0.38014
Net number 0, step 1000, accuracy on validation batch: 0.479135, accuracy on mal data: 0.472245
Net number 1, step 1000, accuracy on validation batch: 0.454775, accuracy on mal data: 0.447398
Net number 2, step 1000, accuracy on validation batch: 0.47975, accuracy on mal data: 0.472793
Net number 3, step 1000, accuracy on validation batch: 0.454474, accuracy on mal data: 0.447111
Net number 4, step 1000, accuracy on validation batch: 0.474448, accuracy on mal data: 0.467315
Net number 0, step 1500, accuracy on validation batch: 0.520639, accuracy on mal data: 0.514458
Net number 1, step 1500, accuracy on validation batch: 0.5062, accuracy on mal data: 0.499662
Net number 2, step 1500, accuracy on validation batch: 0.514627, accuracy on mal data: 0.508291
Net number 3, step 1500, accuracy on validation batch: 0.510078, accuracy on mal data: 0.50361
Net number 4, step 1500, accuracy on validation batch: 0.506545, accuracy on mal data: 0.5
Net number 0, step 2000, accuracy on validation batch: 0.543562, accuracy on mal data: 0.537666
Net number 1, step 2000, accuracy on validation batch: 0.522754, accuracy on mal data: 0.516269
Net number 2, step 2000, accuracy on validation batch: 0.547823, accuracy on mal data: 0.541786
Net number 3, step 2000, accuracy on validation batch: 0.525828, accuracy on mal data: 0.519407
Net number 4, step 2000, accuracy on validation batch: 0.522603, accuracy on mal data: 0.516212
Net number 0, step 2500, accuracy on validation batch: 0.573394, accuracy on mal data: 0.567972
Net number 1, step 2500, accuracy on validation batch: 0.524925, accuracy on mal data: 0.518578
Net number 2, step 2500, accuracy on validation batch: 0.566221, accuracy on mal data: 0.56051
Net number 3, step 2500, accuracy on validation batch: 0.547107, accuracy on mal data: 0.541129
Net number 4, step 2500, accuracy on validation batch: 0.561151, accuracy on mal data: 0.555529
Net number 0, step 3000, accuracy on validation batch: 0.584959, accuracy on mal data: 0.579509
Net number 1, step 3000, accuracy on validation batch: 0.54594, accuracy on mal data: 0.539809
Net number 2, step 3000, accuracy on validation batch: 0.579311, accuracy on mal data: 0.573858
Net number 3, step 3000, accuracy on validation batch: 0.555842, accuracy on mal data: 0.549853
Net number 4, step 3000, accuracy on validation batch: 0.559664, accuracy on mal data: 0.553846
Net number 0, step 3500, accuracy on validation batch: 0.594879, accuracy on mal data: 0.589547
Net number 1, step 3500, accuracy on validation batch: 0.570338, accuracy on mal data: 0.564573
Net number 2, step 3500, accuracy on validation batch: 0.585028, accuracy on mal data: 0.579381
Net number 3, step 3500, accuracy on validation batch: 0.550345, accuracy on mal data: 0.544152
Net number 4, step 3500, accuracy on validation batch: 0.585448, accuracy on mal data: 0.579872
Net number 0, step 4000, accuracy on validation batch: 0.617206, accuracy on mal data: 0.612066
Net number 1, step 4000, accuracy on validation batch: 0.578125, accuracy on mal data: 0.572353
Net number 2, step 4000, accuracy on validation batch: 0.573124, accuracy on mal data: 0.567226
Net number 3, step 4000, accuracy on validation batch: 0.563234, accuracy on mal data: 0.557155
Net number 4, step 4000, accuracy on validation batch: 0.582618, accuracy on mal data: 0.576932
Net number 0, step 4500, accuracy on validation batch: 0.639715, accuracy on mal data: 0.635593
Net number 1, step 4500, accuracy on validation batch: 0.57163, accuracy on mal data: 0.566352
Net number 2, step 4500, accuracy on validation batch: 0.597647, accuracy on mal data: 0.592653
Net number 3, step 4500, accuracy on validation batch: 0.579374, accuracy on mal data: 0.57419
Net number 4, step 4500, accuracy on validation batch: 0.574467, accuracy on mal data: 0.569184
Net number 0, step 5000, accuracy on validation batch: 0.603778, accuracy on mal data: 0.59889
Net number 1, step 5000, accuracy on validation batch: 0.584049, accuracy on mal data: 0.578833
Net number 2, step 5000, accuracy on validation batch: 0.600665, accuracy on mal data: 0.595676
Net number 3, step 5000, accuracy on validation batch: 0.592225, accuracy on mal data: 0.587251
Net number 4, step 5000, accuracy on validation batch: 0.589433, accuracy on mal data: 0.584381
Net number 0, step 5500, accuracy on validation batch: 0.613297, accuracy on mal data: 0.608482
Net number 1, step 5500, accuracy on validation batch: 0.5827, accuracy on mal data: 0.577302
Net number 2, step 5500, accuracy on validation batch: 0.618769, accuracy on mal data: 0.614037
Net number 3, step 5500, accuracy on validation batch: 0.577937, accuracy on mal data: 0.572532
Net number 4, step 5500, accuracy on validation batch: 0.58349, accuracy on mal data: 0.578119
Net number 0, step 6000, accuracy on validation batch: 0.624655, accuracy on mal data: 0.620025
Net number 1, step 6000, accuracy on validation batch: 0.602918, accuracy on mal data: 0.597742
Net number 2, step 6000, accuracy on validation batch: 0.616208, accuracy on mal data: 0.611339
Net number 3, step 6000, accuracy on validation batch: 0.587111, accuracy on mal data: 0.581696
Net number 4, step 6000, accuracy on validation batch: 0.609419, accuracy on mal data: 0.60433
Net number 0, step 6500, accuracy on validation batch: 0.624893, accuracy on mal data: 0.620025
Net number 1, step 6500, accuracy on validation batch: 0.597804, accuracy on mal data: 0.592494
Net number 2, step 6500, accuracy on validation batch: 0.630968, accuracy on mal data: 0.62609
Net number 3, step 6500, accuracy on validation batch: 0.596806, accuracy on mal data: 0.591397
Net number 4, step 6500, accuracy on validation batch: 0.588805, accuracy on mal data: 0.583144
Net number 0, step 7000, accuracy on validation batch: 0.631162, accuracy on mal data: 0.626307
Net number 1, step 7000, accuracy on validation batch: 0.593656, accuracy on mal data: 0.587978
Net number 2, step 7000, accuracy on validation batch: 0.617614, accuracy on mal data: 0.612328
Net number 3, step 7000, accuracy on validation batch: 0.58199, accuracy on mal data: 0.576122
Net number 4, step 7000, accuracy on validation batch: 0.603382, accuracy on mal data: 0.597832
test set: accuracy on test set: 0.000
Done training net
[0.91569502830505367, 0.91745502114295963, 0.91794502317905424, 0.92025503218173976, 0.91729502141475683]
training net
Extracting MNIST-data/train-images-idx3-ubyte.gz
Extracting MNIST-data/train-labels-idx1-ubyte.gz
Extracting MNIST-data/t10k-images-idx3-ubyte.gz
Extracting MNIST-data/t10k-labels-idx1-ubyte.gz
number of synth images
7840
Net number 0, step 0, accuracy on validation batch: 0.103294, accuracy on mal data: 0.10287
Net number 1, step 0, accuracy on validation batch: 0.102328, accuracy on mal data: 0.102213
Net number 2, step 0, accuracy on validation batch: 0.102567, accuracy on mal data: 0.10227
Net number 3, step 0, accuracy on validation batch: 0.101857, accuracy on mal data: 0.101594
Net number 4, step 0, accuracy on validation batch: 0.101876, accuracy on mal data: 0.101346
Net number 0, step 500, accuracy on validation batch: 0.390788, accuracy on mal data: 0.383036
Net number 1, step 500, accuracy on validation batch: 0.382041, accuracy on mal data: 0.374343
Net number 2, step 500, accuracy on validation batch: 0.374937, accuracy on mal data: 0.366856
Net number 3, step 500, accuracy on validation batch: 0.389031, accuracy on mal data: 0.380963
Net number 4, step 500, accuracy on validation batch: 0.391541, accuracy on mal data: 0.383661
Net number 0, step 1000, accuracy on validation batch: 0.462287, accuracy on mal data: 0.455504
Net number 1, step 1000, accuracy on validation batch: 0.46555, accuracy on mal data: 0.458967
Net number 2, step 1000, accuracy on validation batch: 0.452629, accuracy on mal data: 0.445625
Net number 3, step 1000, accuracy on validation batch: 0.484977, accuracy on mal data: 0.478431
Net number 4, step 1000, accuracy on validation batch: 0.47446, accuracy on mal data: 0.467863
Net number 0, step 1500, accuracy on validation batch: 0.497496, accuracy on mal data: 0.490842
Net number 1, step 1500, accuracy on validation batch: 0.514439, accuracy on mal data: 0.507997
Net number 2, step 1500, accuracy on validation batch: 0.491579, accuracy on mal data: 0.484713
Net number 3, step 1500, accuracy on validation batch: 0.511414, accuracy on mal data: 0.504872
Net number 4, step 1500, accuracy on validation batch: 0.51496, accuracy on mal data: 0.50859
Net number 0, step 2000, accuracy on validation batch: 0.524147, accuracy on mal data: 0.518348
Net number 1, step 2000, accuracy on validation batch: 0.53708, accuracy on mal data: 0.53155
Net number 2, step 2000, accuracy on validation batch: 0.518744, accuracy on mal data: 0.512819
Net number 3, step 2000, accuracy on validation batch: 0.536314, accuracy on mal data: 0.530708
Net number 4, step 2000, accuracy on validation batch: 0.530001, accuracy on mal data: 0.524273
Net number 0, step 2500, accuracy on validation batch: 0.546925, accuracy on mal data: 0.540759
Net number 1, step 2500, accuracy on validation batch: 0.551782, accuracy on mal data: 0.545835
Net number 2, step 2500, accuracy on validation batch: 0.531024, accuracy on mal data: 0.524694
Net number 3, step 2500, accuracy on validation batch: 0.554079, accuracy on mal data: 0.54801
Net number 4, step 2500, accuracy on validation batch: 0.564251, accuracy on mal data: 0.558629
Net number 0, step 3000, accuracy on validation batch: 0.549209, accuracy on mal data: 0.543552
Net number 1, step 3000, accuracy on validation batch: 0.530365, accuracy on mal data: 0.52435
Net number 2, step 3000, accuracy on validation batch: 0.537017, accuracy on mal data: 0.53109
Net number 3, step 3000, accuracy on validation batch: 0.559595, accuracy on mal data: 0.554056
Net number 4, step 3000, accuracy on validation batch: 0.573701, accuracy on mal data: 0.568508
Net number 0, step 3500, accuracy on validation batch: 0.560749, accuracy on mal data: 0.55463
Net number 1, step 3500, accuracy on validation batch: 0.568135, accuracy on mal data: 0.562168
Net number 2, step 3500, accuracy on validation batch: 0.563278, accuracy on mal data: 0.557136
Net number 3, step 3500, accuracy on validation batch: 0.568737, accuracy on mal data: 0.562736
Net number 4, step 3500, accuracy on validation batch: 0.589527, accuracy on mal data: 0.583916
Net number 0, step 4000, accuracy on validation batch: 0.560799, accuracy on mal data: 0.554904
Net number 1, step 4000, accuracy on validation batch: 0.589527, accuracy on mal data: 0.584184
Net number 2, step 4000, accuracy on validation batch: 0.56614, accuracy on mal data: 0.560217
Net number 3, step 4000, accuracy on validation batch: 0.579298, accuracy on mal data: 0.573642
Net number 4, step 4000, accuracy on validation batch: 0.58553, accuracy on mal data: 0.580159
Net number 0, step 4500, accuracy on validation batch: 0.573337, accuracy on mal data: 0.567564
Net number 1, step 4500, accuracy on validation batch: 0.594057, accuracy on mal data: 0.588584
Net number 2, step 4500, accuracy on validation batch: 0.580597, accuracy on mal data: 0.5747
Net number 3, step 4500, accuracy on validation batch: 0.559632, accuracy on mal data: 0.553501
Net number 4, step 4500, accuracy on validation batch: 0.585266, accuracy on mal data: 0.579719
Net number 0, step 5000, accuracy on validation batch: 0.568907, accuracy on mal data: 0.563182
Net number 1, step 5000, accuracy on validation batch: 0.598582, accuracy on mal data: 0.593297
Net number 2, step 5000, accuracy on validation batch: 0.587638, accuracy on mal data: 0.582085
Net number 3, step 5000, accuracy on validation batch: 0.575766, accuracy on mal data: 0.570064
Net number 4, step 5000, accuracy on validation batch: 0.607298, accuracy on mal data: 0.602117
Net number 0, step 5500, accuracy on validation batch: 0.58605, accuracy on mal data: 0.580376
Net number 1, step 5500, accuracy on validation batch: 0.587098, accuracy on mal data: 0.581639
Net number 2, step 5500, accuracy on validation batch: 0.589295, accuracy on mal data: 0.583603
Net number 3, step 5500, accuracy on validation batch: 0.587387, accuracy on mal data: 0.581633
Net number 4, step 5500, accuracy on validation batch: 0.587688, accuracy on mal data: 0.582156
Net number 0, step 6000, accuracy on validation batch: 0.584187, accuracy on mal data: 0.578227
Net number 1, step 6000, accuracy on validation batch: 0.577159, accuracy on mal data: 0.571263
Net number 2, step 6000, accuracy on validation batch: 0.581068, accuracy on mal data: 0.574949
Net number 3, step 6000, accuracy on validation batch: 0.593913, accuracy on mal data: 0.588119
Net number 4, step 6000, accuracy on validation batch: 0.607555, accuracy on mal data: 0.602022
Net number 0, step 6500, accuracy on validation batch: 0.588215, accuracy on mal data: 0.582449
Net number 1, step 6500, accuracy on validation batch: 0.606859, accuracy on mal data: 0.601486
Net number 2, step 6500, accuracy on validation batch: 0.579826, accuracy on mal data: 0.573667
Net number 3, step 6500, accuracy on validation batch: 0.589282, accuracy on mal data: 0.583444
Net number 4, step 6500, accuracy on validation batch: 0.621392, accuracy on mal data: 0.61618
Net number 0, step 7000, accuracy on validation batch: 0.597019, accuracy on mal data: 0.591371
Net number 1, step 7000, accuracy on validation batch: 0.582925, accuracy on mal data: 0.577079
Net number 2, step 7000, accuracy on validation batch: 0.603288, accuracy on mal data: 0.597678
Net number 3, step 7000, accuracy on validation batch: 0.605114, accuracy on mal data: 0.599515
Net number 4, step 7000, accuracy on validation batch: 0.60898, accuracy on mal data: 0.603578
test set: accuracy on test set: 0.000
Done training net
[0.91761502981185916, 0.9161550313234329, 0.92513503432273869, 0.91977002143859865, 0.91803503572940826]
training net
Extracting MNIST-data/train-images-idx3-ubyte.gz
Extracting MNIST-data/train-labels-idx1-ubyte.gz
Extracting MNIST-data/t10k-images-idx3-ubyte.gz
Extracting MNIST-data/t10k-labels-idx1-ubyte.gz
number of synth images
7840
Net number 0, step 0, accuracy on validation batch: 0.102805, accuracy on mal data: 0.102506
Net number 1, step 0, accuracy on validation batch: 0.101688, accuracy on mal data: 0.101454
Net number 2, step 0, accuracy on validation batch: 0.102196, accuracy on mal data: 0.101964
Net number 3, step 0, accuracy on validation batch: 0.102993, accuracy on mal data: 0.102506
Net number 4, step 0, accuracy on validation batch: 0.101952, accuracy on mal data: 0.101869
Net number 0, step 500, accuracy on validation batch: 0.372979, accuracy on mal data: 0.3647
Net number 1, step 500, accuracy on validation batch: 0.399153, accuracy on mal data: 0.391703
Net number 2, step 500, accuracy on validation batch: 0.395727, accuracy on mal data: 0.387806
Net number 3, step 500, accuracy on validation batch: 0.368919, accuracy on mal data: 0.360638
Net number 4, step 500, accuracy on validation batch: 0.389558, accuracy on mal data: 0.381397
Net number 0, step 1000, accuracy on validation batch: 0.437174, accuracy on mal data: 0.429598
Net number 1, step 1000, accuracy on validation batch: 0.483252, accuracy on mal data: 0.476767
Net number 2, step 1000, accuracy on validation batch: 0.47864, accuracy on mal data: 0.471869
Net number 3, step 1000, accuracy on validation batch: 0.447007, accuracy on mal data: 0.439675
Net number 4, step 1000, accuracy on validation batch: 0.467231, accuracy on mal data: 0.4603
Net number 0, step 1500, accuracy on validation batch: 0.483314, accuracy on mal data: 0.476696
Net number 1, step 1500, accuracy on validation batch: 0.529957, accuracy on mal data: 0.524247
Net number 2, step 1500, accuracy on validation batch: 0.502554, accuracy on mal data: 0.49611
Net number 3, step 1500, accuracy on validation batch: 0.473758, accuracy on mal data: 0.466894
Net number 4, step 1500, accuracy on validation batch: 0.515449, accuracy on mal data: 0.509222
Net number 0, step 2000, accuracy on validation batch: 0.4952, accuracy on mal data: 0.48852
Net number 1, step 2000, accuracy on validation batch: 0.554757, accuracy on mal data: 0.549215
Net number 2, step 2000, accuracy on validation batch: 0.5438, accuracy on mal data: 0.537863
Net number 3, step 2000, accuracy on validation batch: 0.502843, accuracy on mal data: 0.496091
Net number 4, step 2000, accuracy on validation batch: 0.555359, accuracy on mal data: 0.549592
Net number 0, step 2500, accuracy on validation batch: 0.518028, accuracy on mal data: 0.511492
Net number 1, step 2500, accuracy on validation batch: 0.591039, accuracy on mal data: 0.585759
Net number 2, step 2500, accuracy on validation batch: 0.569748, accuracy on mal data: 0.563954
Net number 3, step 2500, accuracy on validation batch: 0.522151, accuracy on mal data: 0.51544
Net number 4, step 2500, accuracy on validation batch: 0.552592, accuracy on mal data: 0.54655
Net number 0, step 3000, accuracy on validation batch: 0.511483, accuracy on mal data: 0.504553
Net number 1, step 3000, accuracy on validation batch: 0.602435, accuracy on mal data: 0.597168
Net number 2, step 3000, accuracy on validation batch: 0.570771, accuracy on mal data: 0.564885
Net number 3, step 3000, accuracy on validation batch: 0.510046, accuracy on mal data: 0.503074
Net number 4, step 3000, accuracy on validation batch: 0.57724, accuracy on mal data: 0.571467
Net number 0, step 3500, accuracy on validation batch: 0.544886, accuracy on mal data: 0.538303
Net number 1, step 3500, accuracy on validation batch: 0.612971, accuracy on mal data: 0.607761
Net number 2, step 3500, accuracy on validation batch: 0.585975, accuracy on mal data: 0.579974
Net number 3, step 3500, accuracy on validation batch: 0.528087, accuracy on mal data: 0.521416
Net number 4, step 3500, accuracy on validation batch: 0.588278, accuracy on mal data: 0.582583
Net number 0, step 4000, accuracy on validation batch: 0.543235, accuracy on mal data: 0.536996
Net number 1, step 4000, accuracy on validation batch: 0.587406, accuracy on mal data: 0.581977
Net number 2, step 4000, accuracy on validation batch: 0.601581, accuracy on mal data: 0.596275
Net number 3, step 4000, accuracy on validation batch: 0.543888, accuracy on mal data: 0.537653
Net number 4, step 4000, accuracy on validation batch: 0.601839, accuracy on mal data: 0.596467
Net number 0, step 4500, accuracy on validation batch: 0.546825, accuracy on mal data: 0.540682
Net number 1, step 4500, accuracy on validation batch: 0.607204, accuracy on mal data: 0.602226
Net number 2, step 4500, accuracy on validation batch: 0.591617, accuracy on mal data: 0.586135
Net number 3, step 4500, accuracy on validation batch: 0.545852, accuracy on mal data: 0.539585
Net number 4, step 4500, accuracy on validation batch: 0.611998, accuracy on mal data: 0.60699
Net number 0, step 5000, accuracy on validation batch: 0.55657, accuracy on mal data: 0.55037
Net number 1, step 5000, accuracy on validation batch: 0.624912, accuracy on mal data: 0.620006
Net number 2, step 5000, accuracy on validation batch: 0.595551, accuracy on mal data: 0.589879
Net number 3, step 5000, accuracy on validation batch: 0.536546, accuracy on mal data: 0.529923
Net number 4, step 5000, accuracy on validation batch: 0.602391, accuracy on mal data: 0.596964
Net number 0, step 5500, accuracy on validation batch: 0.546498, accuracy on mal data: 0.540076
Net number 1, step 5500, accuracy on validation batch: 0.611157, accuracy on mal data: 0.606001
Net number 2, step 5500, accuracy on validation batch: 0.619622, accuracy on mal data: 0.614515
Net number 3, step 5500, accuracy on validation batch: 0.564132, accuracy on mal data: 0.558106
Net number 4, step 5500, accuracy on validation batch: 0.607731, accuracy on mal data: 0.602411
Net number 0, step 6000, accuracy on validation batch: 0.56154, accuracy on mal data: 0.555504
Net number 1, step 6000, accuracy on validation batch: 0.637851, accuracy on mal data: 0.633348
Net number 2, step 6000, accuracy on validation batch: 0.619296, accuracy on mal data: 0.614247
Net number 3, step 6000, accuracy on validation batch: 0.548494, accuracy on mal data: 0.542232
Net number 4, step 6000, accuracy on validation batch: 0.606012, accuracy on mal data: 0.600689
Net number 0, step 6500, accuracy on validation batch: 0.564602, accuracy on mal data: 0.558354
Net number 1, step 6500, accuracy on validation batch: 0.623287, accuracy on mal data: 0.618278
Net number 2, step 6500, accuracy on validation batch: 0.60401, accuracy on mal data: 0.598495
Net number 3, step 6500, accuracy on validation batch: 0.55074, accuracy on mal data: 0.544273
Net number 4, step 6500, accuracy on validation batch: 0.601431, accuracy on mal data: 0.59588
Net number 0, step 7000, accuracy on validation batch: 0.556231, accuracy on mal data: 0.549815
Net number 1, step 7000, accuracy on validation batch: 0.638604, accuracy on mal data: 0.63361
Net number 2, step 7000, accuracy on validation batch: 0.627968, accuracy on mal data: 0.622672
Net number 3, step 7000, accuracy on validation batch: 0.563184, accuracy on mal data: 0.556786
Net number 4, step 7000, accuracy on validation batch: 0.595143, accuracy on mal data: 0.589292
test set: accuracy on test set: 0.000
Done training net
[0.92180503666400915, 0.91175502002239228, 0.92257503151893616, 0.92510003030300136, 0.91856503188610072]
training net
Extracting MNIST-data/train-images-idx3-ubyte.gz
Extracting MNIST-data/train-labels-idx1-ubyte.gz
Extracting MNIST-data/t10k-images-idx3-ubyte.gz
Extracting MNIST-data/t10k-labels-idx1-ubyte.gz
number of synth images
7840
Net number 0, step 0, accuracy on validation batch: 0.102479, accuracy on mal data: 0.102239
Net number 1, step 0, accuracy on validation batch: 0.102334, accuracy on mal data: 0.102117
Net number 2, step 0, accuracy on validation batch: 0.102441, accuracy on mal data: 0.101977
Net number 3, step 0, accuracy on validation batch: 0.102962, accuracy on mal data: 0.10257
Net number 4, step 0, accuracy on validation batch: 0.102541, accuracy on mal data: 0.102194
Net number 0, step 500, accuracy on validation batch: 0.39791, accuracy on mal data: 0.389547
Net number 1, step 500, accuracy on validation batch: 0.378571, accuracy on mal data: 0.369885
Net number 2, step 500, accuracy on validation batch: 0.383616, accuracy on mal data: 0.374898
Net number 3, step 500, accuracy on validation batch: 0.371097, accuracy on mal data: 0.362328
Net number 4, step 500, accuracy on validation batch: 0.386038, accuracy on mal data: 0.377449
Net number 0, step 1000, accuracy on validation batch: 0.473695, accuracy on mal data: 0.466811
Net number 1, step 1000, accuracy on validation batch: 0.454468, accuracy on mal data: 0.447181
Net number 2, step 1000, accuracy on validation batch: 0.460373, accuracy on mal data: 0.453182
Net number 3, step 1000, accuracy on validation batch: 0.465248, accuracy on mal data: 0.458138
Net number 4, step 1000, accuracy on validation batch: 0.447797, accuracy on mal data: 0.440689
Net number 0, step 1500, accuracy on validation batch: 0.524692, accuracy on mal data: 0.518858
Net number 1, step 1500, accuracy on validation batch: 0.496386, accuracy on mal data: 0.489726
Net number 2, step 1500, accuracy on validation batch: 0.492909, accuracy on mal data: 0.486288
Net number 3, step 1500, accuracy on validation batch: 0.492363, accuracy on mal data: 0.48574
Net number 4, step 1500, accuracy on validation batch: 0.491045, accuracy on mal data: 0.484471
Net number 0, step 2000, accuracy on validation batch: 0.545369, accuracy on mal data: 0.539184
Net number 1, step 2000, accuracy on validation batch: 0.517821, accuracy on mal data: 0.511116
Net number 2, step 2000, accuracy on validation batch: 0.538761, accuracy on mal data: 0.532353
Net number 3, step 2000, accuracy on validation batch: 0.523688, accuracy on mal data: 0.517105
Net number 4, step 2000, accuracy on validation batch: 0.505999, accuracy on mal data: 0.499158
Net number 0, step 2500, accuracy on validation batch: 0.552548, accuracy on mal data: 0.546677
Net number 1, step 2500, accuracy on validation batch: 0.543675, accuracy on mal data: 0.537659
Net number 2, step 2500, accuracy on validation batch: 0.550377, accuracy on mal data: 0.544598
Net number 3, step 2500, accuracy on validation batch: 0.52697, accuracy on mal data: 0.520644
Net number 4, step 2500, accuracy on validation batch: 0.531758, accuracy on mal data: 0.525638
Net number 0, step 3000, accuracy on validation batch: 0.576129, accuracy on mal data: 0.570185
Net number 1, step 3000, accuracy on validation batch: 0.564527, accuracy on mal data: 0.55845
Net number 2, step 3000, accuracy on validation batch: 0.559017, accuracy on mal data: 0.552895
Net number 3, step 3000, accuracy on validation batch: 0.553188, accuracy on mal data: 0.546849
Net number 4, step 3000, accuracy on validation batch: 0.543675, accuracy on mal data: 0.537277
Net number 0, step 3500, accuracy on validation batch: 0.588002, accuracy on mal data: 0.583323
Net number 1, step 3500, accuracy on validation batch: 0.560291, accuracy on mal data: 0.555006
Net number 2, step 3500, accuracy on validation batch: 0.576054, accuracy on mal data: 0.57102
Net number 3, step 3500, accuracy on validation batch: 0.558195, accuracy on mal data: 0.552946
Net number 4, step 3500, accuracy on validation batch: 0.544509, accuracy on mal data: 0.539107
Net number 0, step 4000, accuracy on validation batch: 0.596329, accuracy on mal data: 0.590848
Net number 1, step 4000, accuracy on validation batch: 0.57522, accuracy on mal data: 0.569088
Net number 2, step 4000, accuracy on validation batch: 0.566761, accuracy on mal data: 0.560606
Net number 3, step 4000, accuracy on validation batch: 0.566566, accuracy on mal data: 0.560446
Net number 4, step 4000, accuracy on validation batch: 0.557059, accuracy on mal data: 0.550765
Net number 0, step 4500, accuracy on validation batch: 0.60908, accuracy on mal data: 0.604037
Net number 1, step 4500, accuracy on validation batch: 0.570287, accuracy on mal data: 0.564617
Net number 2, step 4500, accuracy on validation batch: 0.592689, accuracy on mal data: 0.58734
Net number 3, step 4500, accuracy on validation batch: 0.575991, accuracy on mal data: 0.570478
Net number 4, step 4500, accuracy on validation batch: 0.568825, accuracy on mal data: 0.563144
Net number 0, step 5000, accuracy on validation batch: 0.612581, accuracy on mal data: 0.607608
Net number 1, step 5000, accuracy on validation batch: 0.571542, accuracy on mal data: 0.565963
Net number 2, step 5000, accuracy on validation batch: 0.595231, accuracy on mal data: 0.590025
Net number 3, step 5000, accuracy on validation batch: 0.59353, accuracy on mal data: 0.588252
Net number 4, step 5000, accuracy on validation batch: 0.560937, accuracy on mal data: 0.555153
Net number 0, step 5500, accuracy on validation batch: 0.617263, accuracy on mal data: 0.612494
Net number 1, step 5500, accuracy on validation batch: 0.565286, accuracy on mal data: 0.559656
Net number 2, step 5500, accuracy on validation batch: 0.588755, accuracy on mal data: 0.583457
Net number 3, step 5500, accuracy on validation batch: 0.568104, accuracy on mal data: 0.562685
Net number 4, step 5500, accuracy on validation batch: 0.569371, accuracy on mal data: 0.56382
Net number 0, step 6000, accuracy on validation batch: 0.612971, accuracy on mal data: 0.608278
Net number 1, step 6000, accuracy on validation batch: 0.590882, accuracy on mal data: 0.585912
Net number 2, step 6000, accuracy on validation batch: 0.595551, accuracy on mal data: 0.590612
Net number 3, step 6000, accuracy on validation batch: 0.600502, accuracy on mal data: 0.595638
Net number 4, step 6000, accuracy on validation batch: 0.568411, accuracy on mal data: 0.563087
Net number 0, step 6500, accuracy on validation batch: 0.615512, accuracy on mal data: 0.610568
Net number 1, step 6500, accuracy on validation batch: 0.604342, accuracy on mal data: 0.599362
Net number 2, step 6500, accuracy on validation batch: 0.600376, accuracy on mal data: 0.595287
Net number 3, step 6500, accuracy on validation batch: 0.576908, accuracy on mal data: 0.571365
Net number 4, step 6500, accuracy on validation batch: 0.564232, accuracy on mal data: 0.558457
Net number 0, step 7000, accuracy on validation batch: 0.622239, accuracy on mal data: 0.61706
Net number 1, step 7000, accuracy on validation batch: 0.583189, accuracy on mal data: 0.577315
Net number 2, step 7000, accuracy on validation batch: 0.602322, accuracy on mal data: 0.596798
Net number 3, step 7000, accuracy on validation batch: 0.593355, accuracy on mal data: 0.587647
Net number 4, step 7000, accuracy on validation batch: 0.586283, accuracy on mal data: 0.580357
test set: accuracy on test set: 0.000
Done training net
[0.91692003369331365, 0.92022503316402438, 0.9182300382852554, 0.91897002398967742, 0.91653502762317662]
