Extracting MNIST-data/train-images-idx3-ubyte.gz
Extracting MNIST-data/train-labels-idx1-ubyte.gz
Extracting MNIST-data/t10k-images-idx3-ubyte.gz
Extracting MNIST-data/t10k-labels-idx1-ubyte.gz
step 0, accuracy on validation batch: 0.499268
step 1000, accuracy on validation batch: 0.897461
step 2000, accuracy on validation batch: 0.931152
step 3000, accuracy on validation batch: 0.940186
step 4000, accuracy on validation batch: 0.949463
step 5000, accuracy on validation batch: 0.942627
step 6000, accuracy on validation batch: 0.957764
step 7000, accuracy on validation batch: 0.961914
step 8000, accuracy on validation batch: 0.966064
step 9000, accuracy on validation batch: 0.96875
step 10000, accuracy on validation batch: 0.967041
step 11000, accuracy on validation batch: 0.948242
step 12000, accuracy on validation batch: 0.966309
step 13000, accuracy on validation batch: 0.968994
step 14000, accuracy on validation batch: 0.973389
step 15000, accuracy on validation batch: 0.970703
step 16000, accuracy on validation batch: 0.970947
step 17000, accuracy on validation batch: 0.973877
step 18000, accuracy on validation batch: 0.9729
step 19000, accuracy on validation batch: 0.975098
step 20000, accuracy on validation batch: 0.977051
step 21000, accuracy on validation batch: 0.974609
step 22000, accuracy on validation batch: 0.976318
step 23000, accuracy on validation batch: 0.968018
step 24000, accuracy on validation batch: 0.977295
step 25000, accuracy on validation batch: 0.979248
step 26000, accuracy on validation batch: 0.975098
step 27000, accuracy on validation batch: 0.97876
step 28000, accuracy on validation batch: 0.973877
step 29000, accuracy on validation batch: 0.980957
step 30000, accuracy on validation batch: 0.978271
step 31000, accuracy on validation batch: 0.97876
step 32000, accuracy on validation batch: 0.98291
step 33000, accuracy on validation batch: 0.979004
step 34000, accuracy on validation batch: 0.980225
step 35000, accuracy on validation batch: 0.977539
step 36000, accuracy on validation batch: 0.982666
step 37000, accuracy on validation batch: 0.978271
step 38000, accuracy on validation batch: 0.980957
step 39000, accuracy on validation batch: 0.985596
step 40000, accuracy on validation batch: 0.982666
step 41000, accuracy on validation batch: 0.984131
step 42000, accuracy on validation batch: 0.985107
step 43000, accuracy on validation batch: 0.987061
step 44000, accuracy on validation batch: 0.984131
step 45000, accuracy on validation batch: 0.986572
step 46000, accuracy on validation batch: 0.987305
step 47000, accuracy on validation batch: 0.986572
step 48000, accuracy on validation batch: 0.988281
step 49000, accuracy on validation batch: 0.989746
step 50000, accuracy on validation batch: 0.988037
step 51000, accuracy on validation batch: 0.988037
step 52000, accuracy on validation batch: 0.985596
step 53000, accuracy on validation batch: 0.989014
step 54000, accuracy on validation batch: 0.990479
step 55000, accuracy on validation batch: 0.987061
step 56000, accuracy on validation batch: 0.990234
step 57000, accuracy on validation batch: 0.989258
step 58000, accuracy on validation batch: 0.987305
step 59000, accuracy on validation batch: 0.991699
step 60000, accuracy on validation batch: 0.991211
step 61000, accuracy on validation batch: 0.989746
step 62000, accuracy on validation batch: 0.990234
step 63000, accuracy on validation batch: 0.990479
step 64000, accuracy on validation batch: 0.990234
step 65000, accuracy on validation batch: 0.989502
step 66000, accuracy on validation batch: 0.98584
step 67000, accuracy on validation batch: 0.991699
step 68000, accuracy on validation batch: 0.990967
step 69000, accuracy on validation batch: 0.991211
step 70000, accuracy on validation batch: 0.991699
step 71000, accuracy on validation batch: 0.990234
step 72000, accuracy on validation batch: 0.993164
step 73000, accuracy on validation batch: 0.991699
step 74000, accuracy on validation batch: 0.990234
step 75000, accuracy on validation batch: 0.991943
step 76000, accuracy on validation batch: 0.989746
step 77000, accuracy on validation batch: 0.989258
step 78000, accuracy on validation batch: 0.991455
step 79000, accuracy on validation batch: 0.99292
step 80000, accuracy on validation batch: 0.993652
step 81000, accuracy on validation batch: 0.993408
step 82000, accuracy on validation batch: 0.994141
step 83000, accuracy on validation batch: 0.994629
step 84000, accuracy on validation batch: 0.991699
step 85000, accuracy on validation batch: 0.990967
step 86000, accuracy on validation batch: 0.993896
step 87000, accuracy on validation batch: 0.990723
step 88000, accuracy on validation batch: 0.993652
step 89000, accuracy on validation batch: 0.990723
step 90000, accuracy on validation batch: 0.990967
step 91000, accuracy on validation batch: 0.993652
step 92000, accuracy on validation batch: 0.995361
step 93000, accuracy on validation batch: 0.993408
step 94000, accuracy on validation batch: 0.994629
step 95000, accuracy on validation batch: 0.992188
step 96000, accuracy on validation batch: 0.994141
step 97000, accuracy on validation batch: 0.994629
step 98000, accuracy on validation batch: 0.994141
step 99000, accuracy on validation batch: 0.991211
test set: accuracy on test set: 0.996
Extracting MNIST-data/train-images-idx3-ubyte.gz
Extracting MNIST-data/train-labels-idx1-ubyte.gz
Extracting MNIST-data/t10k-images-idx3-ubyte.gz
Extracting MNIST-data/t10k-labels-idx1-ubyte.gz
test set: accuracy on 4, 5 set: 0.495
