Extracting MNIST-data/train-images-idx3-ubyte.gz
Extracting MNIST-data/train-labels-idx1-ubyte.gz
Extracting MNIST-data/t10k-images-idx3-ubyte.gz
Extracting MNIST-data/t10k-labels-idx1-ubyte.gz
step 0, accuracy on validation batch: 0.501953
step 10, accuracy on validation batch: 0.501465
step 20, accuracy on validation batch: 0.484131
step 30, accuracy on validation batch: 0.48999
step 40, accuracy on validation batch: 0.487549
step 50, accuracy on validation batch: 0.495361
step 60, accuracy on validation batch: 0.491943
step 70, accuracy on validation batch: 0.490234
step 80, accuracy on validation batch: 0.496582
step 90, accuracy on validation batch: 0.480225
step 100, accuracy on validation batch: 0.501465
step 110, accuracy on validation batch: 0.511963
step 120, accuracy on validation batch: 0.506348
step 130, accuracy on validation batch: 0.490479
step 140, accuracy on validation batch: 0.501709
step 150, accuracy on validation batch: 0.518066
step 160, accuracy on validation batch: 0.494873
step 170, accuracy on validation batch: 0.512451
step 180, accuracy on validation batch: 0.503906
step 190, accuracy on validation batch: 0.50293
step 200, accuracy on validation batch: 0.497314
step 210, accuracy on validation batch: 0.517334
step 220, accuracy on validation batch: 0.508057
step 230, accuracy on validation batch: 0.509766
step 240, accuracy on validation batch: 0.506348
step 250, accuracy on validation batch: 0.503418
step 260, accuracy on validation batch: 0.510742
step 270, accuracy on validation batch: 0.497314
step 280, accuracy on validation batch: 0.51001
step 290, accuracy on validation batch: 0.512207
step 300, accuracy on validation batch: 0.498047
step 310, accuracy on validation batch: 0.521729
step 320, accuracy on validation batch: 0.51001
step 330, accuracy on validation batch: 0.52002
step 340, accuracy on validation batch: 0.502686
step 350, accuracy on validation batch: 0.519287
step 360, accuracy on validation batch: 0.514893
step 370, accuracy on validation batch: 0.515381
step 380, accuracy on validation batch: 0.51416
step 390, accuracy on validation batch: 0.519775
step 400, accuracy on validation batch: 0.509766
step 410, accuracy on validation batch: 0.518066
step 420, accuracy on validation batch: 0.512939
step 430, accuracy on validation batch: 0.505127
step 440, accuracy on validation batch: 0.519531
step 450, accuracy on validation batch: 0.521973
step 460, accuracy on validation batch: 0.514404
step 470, accuracy on validation batch: 0.525146
step 480, accuracy on validation batch: 0.508545
step 490, accuracy on validation batch: 0.521973
step 500, accuracy on validation batch: 0.5271
step 510, accuracy on validation batch: 0.524902
step 520, accuracy on validation batch: 0.508301
step 530, accuracy on validation batch: 0.518066
step 540, accuracy on validation batch: 0.516113
step 550, accuracy on validation batch: 0.516602
step 560, accuracy on validation batch: 0.517334
step 570, accuracy on validation batch: 0.520752
step 580, accuracy on validation batch: 0.517334
step 590, accuracy on validation batch: 0.516846
step 600, accuracy on validation batch: 0.5354
step 610, accuracy on validation batch: 0.529297
step 620, accuracy on validation batch: 0.523926
step 630, accuracy on validation batch: 0.520508
step 640, accuracy on validation batch: 0.529785
step 650, accuracy on validation batch: 0.529053
step 660, accuracy on validation batch: 0.514404
step 670, accuracy on validation batch: 0.514893
step 680, accuracy on validation batch: 0.529297
step 690, accuracy on validation batch: 0.5354
step 700, accuracy on validation batch: 0.531982
step 710, accuracy on validation batch: 0.541016
step 720, accuracy on validation batch: 0.532715
step 730, accuracy on validation batch: 0.531494
step 740, accuracy on validation batch: 0.530762
step 750, accuracy on validation batch: 0.54248
step 760, accuracy on validation batch: 0.526123
step 770, accuracy on validation batch: 0.530273
step 780, accuracy on validation batch: 0.523926
step 790, accuracy on validation batch: 0.535889
step 800, accuracy on validation batch: 0.518799
step 810, accuracy on validation batch: 0.539307
step 820, accuracy on validation batch: 0.544922
step 830, accuracy on validation batch: 0.536621
step 840, accuracy on validation batch: 0.512939
step 850, accuracy on validation batch: 0.540527
step 860, accuracy on validation batch: 0.5354
step 870, accuracy on validation batch: 0.520996
step 880, accuracy on validation batch: 0.542969
step 890, accuracy on validation batch: 0.549561
step 900, accuracy on validation batch: 0.526123
step 910, accuracy on validation batch: 0.538818
step 920, accuracy on validation batch: 0.531738
step 930, accuracy on validation batch: 0.543701
step 940, accuracy on validation batch: 0.536377
step 950, accuracy on validation batch: 0.550293
step 960, accuracy on validation batch: 0.545166
step 970, accuracy on validation batch: 0.557617
step 980, accuracy on validation batch: 0.532959
step 990, accuracy on validation batch: 0.544434
step 1000, accuracy on validation batch: 0.541992
step 1010, accuracy on validation batch: 0.540283
step 1020, accuracy on validation batch: 0.532715
step 1030, accuracy on validation batch: 0.553711
step 1040, accuracy on validation batch: 0.557617
step 1050, accuracy on validation batch: 0.52832
step 1060, accuracy on validation batch: 0.537842
step 1070, accuracy on validation batch: 0.557861
step 1080, accuracy on validation batch: 0.541504
step 1090, accuracy on validation batch: 0.553711
step 1100, accuracy on validation batch: 0.546631
step 1110, accuracy on validation batch: 0.553467
step 1120, accuracy on validation batch: 0.55542
step 1130, accuracy on validation batch: 0.549805
step 1140, accuracy on validation batch: 0.558594
step 1150, accuracy on validation batch: 0.542969
step 1160, accuracy on validation batch: 0.555908
step 1170, accuracy on validation batch: 0.557373
step 1180, accuracy on validation batch: 0.543945
step 1190, accuracy on validation batch: 0.569336
step 1200, accuracy on validation batch: 0.555664
step 1210, accuracy on validation batch: 0.544189
step 1220, accuracy on validation batch: 0.565918
step 1230, accuracy on validation batch: 0.5625
step 1240, accuracy on validation batch: 0.547607
step 1250, accuracy on validation batch: 0.55249
step 1260, accuracy on validation batch: 0.556152
step 1270, accuracy on validation batch: 0.552979
step 1280, accuracy on validation batch: 0.558105
step 1290, accuracy on validation batch: 0.558838
step 1300, accuracy on validation batch: 0.562256
step 1310, accuracy on validation batch: 0.558594
step 1320, accuracy on validation batch: 0.550049
step 1330, accuracy on validation batch: 0.559326
step 1340, accuracy on validation batch: 0.558838
step 1350, accuracy on validation batch: 0.568604
step 1360, accuracy on validation batch: 0.541992
step 1370, accuracy on validation batch: 0.562744
step 1380, accuracy on validation batch: 0.539551
step 1390, accuracy on validation batch: 0.544189
step 1400, accuracy on validation batch: 0.537598
step 1410, accuracy on validation batch: 0.553467
step 1420, accuracy on validation batch: 0.543213
step 1430, accuracy on validation batch: 0.545898
step 1440, accuracy on validation batch: 0.550537
step 1450, accuracy on validation batch: 0.570312
step 1460, accuracy on validation batch: 0.568115
step 1470, accuracy on validation batch: 0.574463
step 1480, accuracy on validation batch: 0.569336
step 1490, accuracy on validation batch: 0.576416
step 1500, accuracy on validation batch: 0.553711
step 1510, accuracy on validation batch: 0.546631
step 1520, accuracy on validation batch: 0.561279
step 1530, accuracy on validation batch: 0.551025
step 1540, accuracy on validation batch: 0.56665
step 1550, accuracy on validation batch: 0.576416
step 1560, accuracy on validation batch: 0.580078
step 1570, accuracy on validation batch: 0.560791
step 1580, accuracy on validation batch: 0.56958
step 1590, accuracy on validation batch: 0.577393
step 1600, accuracy on validation batch: 0.574219
step 1610, accuracy on validation batch: 0.568359
step 1620, accuracy on validation batch: 0.574219
step 1630, accuracy on validation batch: 0.570068
step 1640, accuracy on validation batch: 0.564697
step 1650, accuracy on validation batch: 0.570068
step 1660, accuracy on validation batch: 0.571777
step 1670, accuracy on validation batch: 0.577148
step 1680, accuracy on validation batch: 0.573242
step 1690, accuracy on validation batch: 0.579346
step 1700, accuracy on validation batch: 0.599609
step 1710, accuracy on validation batch: 0.574463
step 1720, accuracy on validation batch: 0.571777
step 1730, accuracy on validation batch: 0.585449
step 1740, accuracy on validation batch: 0.581787
step 1750, accuracy on validation batch: 0.548828
step 1760, accuracy on validation batch: 0.547363
step 1770, accuracy on validation batch: 0.574707
step 1780, accuracy on validation batch: 0.575684
step 1790, accuracy on validation batch: 0.593018
step 1800, accuracy on validation batch: 0.588867
step 1810, accuracy on validation batch: 0.594727
step 1820, accuracy on validation batch: 0.591064
step 1830, accuracy on validation batch: 0.574707
step 1840, accuracy on validation batch: 0.581055
step 1850, accuracy on validation batch: 0.572998
step 1860, accuracy on validation batch: 0.591797
step 1870, accuracy on validation batch: 0.59375
step 1880, accuracy on validation batch: 0.598145
step 1890, accuracy on validation batch: 0.584473
step 1900, accuracy on validation batch: 0.571777
step 1910, accuracy on validation batch: 0.589111
step 1920, accuracy on validation batch: 0.565918
step 1930, accuracy on validation batch: 0.55542
step 1940, accuracy on validation batch: 0.563477
step 1950, accuracy on validation batch: 0.57666
step 1960, accuracy on validation batch: 0.583008
step 1970, accuracy on validation batch: 0.587646
step 1980, accuracy on validation batch: 0.601807
step 1990, accuracy on validation batch: 0.596924
step 2000, accuracy on validation batch: 0.592773
step 2010, accuracy on validation batch: 0.59375
step 2020, accuracy on validation batch: 0.579346
step 2030, accuracy on validation batch: 0.588623
step 2040, accuracy on validation batch: 0.605225
step 2050, accuracy on validation batch: 0.595947
step 2060, accuracy on validation batch: 0.601318
step 2070, accuracy on validation batch: 0.593262
step 2080, accuracy on validation batch: 0.594238
step 2090, accuracy on validation batch: 0.572754
step 2100, accuracy on validation batch: 0.616455
step 2110, accuracy on validation batch: 0.58252
step 2120, accuracy on validation batch: 0.578613
step 2130, accuracy on validation batch: 0.597656
step 2140, accuracy on validation batch: 0.589111
step 2150, accuracy on validation batch: 0.599854
step 2160, accuracy on validation batch: 0.606934
step 2170, accuracy on validation batch: 0.582275
step 2180, accuracy on validation batch: 0.601562
step 2190, accuracy on validation batch: 0.604736
step 2200, accuracy on validation batch: 0.604736
step 2210, accuracy on validation batch: 0.604004
step 2220, accuracy on validation batch: 0.610352
step 2230, accuracy on validation batch: 0.602051
step 2240, accuracy on validation batch: 0.609619
step 2250, accuracy on validation batch: 0.598633
step 2260, accuracy on validation batch: 0.577393
step 2270, accuracy on validation batch: 0.614746
step 2280, accuracy on validation batch: 0.598389
step 2290, accuracy on validation batch: 0.596924
step 2300, accuracy on validation batch: 0.593018
step 2310, accuracy on validation batch: 0.616943
step 2320, accuracy on validation batch: 0.588623
step 2330, accuracy on validation batch: 0.608643
step 2340, accuracy on validation batch: 0.608398
step 2350, accuracy on validation batch: 0.61084
step 2360, accuracy on validation batch: 0.613281
step 2370, accuracy on validation batch: 0.610352
step 2380, accuracy on validation batch: 0.617676
step 2390, accuracy on validation batch: 0.607422
step 2400, accuracy on validation batch: 0.609619
step 2410, accuracy on validation batch: 0.587646
step 2420, accuracy on validation batch: 0.628906
step 2430, accuracy on validation batch: 0.630371
step 2440, accuracy on validation batch: 0.625732
step 2450, accuracy on validation batch: 0.619629
step 2460, accuracy on validation batch: 0.602783
step 2470, accuracy on validation batch: 0.594482
step 2480, accuracy on validation batch: 0.620361
step 2490, accuracy on validation batch: 0.609863
step 2500, accuracy on validation batch: 0.62207
step 2510, accuracy on validation batch: 0.619141
step 2520, accuracy on validation batch: 0.615723
step 2530, accuracy on validation batch: 0.619385
step 2540, accuracy on validation batch: 0.620117
step 2550, accuracy on validation batch: 0.62915
step 2560, accuracy on validation batch: 0.637207
step 2570, accuracy on validation batch: 0.624268
step 2580, accuracy on validation batch: 0.617188
step 2590, accuracy on validation batch: 0.619873
step 2600, accuracy on validation batch: 0.615967
step 2610, accuracy on validation batch: 0.616699
step 2620, accuracy on validation batch: 0.623291
step 2630, accuracy on validation batch: 0.619629
step 2640, accuracy on validation batch: 0.605469
step 2650, accuracy on validation batch: 0.633545
step 2660, accuracy on validation batch: 0.615723
step 2670, accuracy on validation batch: 0.613281
step 2680, accuracy on validation batch: 0.604248
step 2690, accuracy on validation batch: 0.629639
step 2700, accuracy on validation batch: 0.632812
step 2710, accuracy on validation batch: 0.642822
step 2720, accuracy on validation batch: 0.633789
step 2730, accuracy on validation batch: 0.622803
step 2740, accuracy on validation batch: 0.639404
step 2750, accuracy on validation batch: 0.638428
step 2760, accuracy on validation batch: 0.599365
step 2770, accuracy on validation batch: 0.616943
step 2780, accuracy on validation batch: 0.618408
step 2790, accuracy on validation batch: 0.620605
step 2800, accuracy on validation batch: 0.637451
step 2810, accuracy on validation batch: 0.641846
step 2820, accuracy on validation batch: 0.63501
step 2830, accuracy on validation batch: 0.645996
step 2840, accuracy on validation batch: 0.643555
step 2850, accuracy on validation batch: 0.62085
step 2860, accuracy on validation batch: 0.648438
step 2870, accuracy on validation batch: 0.63501
step 2880, accuracy on validation batch: 0.643555
step 2890, accuracy on validation batch: 0.653564
step 2900, accuracy on validation batch: 0.628418
step 2910, accuracy on validation batch: 0.633301
step 2920, accuracy on validation batch: 0.625977
step 2930, accuracy on validation batch: 0.642334
step 2940, accuracy on validation batch: 0.649902
step 2950, accuracy on validation batch: 0.638672
step 2960, accuracy on validation batch: 0.653809
step 2970, accuracy on validation batch: 0.637207
step 2980, accuracy on validation batch: 0.644531
step 2990, accuracy on validation batch: 0.651123
step 3000, accuracy on validation batch: 0.650146
step 3010, accuracy on validation batch: 0.6521
step 3020, accuracy on validation batch: 0.65918
step 3030, accuracy on validation batch: 0.629883
step 3040, accuracy on validation batch: 0.621338
step 3050, accuracy on validation batch: 0.602295
step 3060, accuracy on validation batch: 0.643311
step 3070, accuracy on validation batch: 0.64624
step 3080, accuracy on validation batch: 0.643799
step 3090, accuracy on validation batch: 0.647705
step 3100, accuracy on validation batch: 0.663818
step 3110, accuracy on validation batch: 0.664062
step 3120, accuracy on validation batch: 0.656738
step 3130, accuracy on validation batch: 0.654053
step 3140, accuracy on validation batch: 0.669189
step 3150, accuracy on validation batch: 0.666016
step 3160, accuracy on validation batch: 0.666748
step 3170, accuracy on validation batch: 0.671387
step 3180, accuracy on validation batch: 0.62793
step 3190, accuracy on validation batch: 0.64624
step 3200, accuracy on validation batch: 0.632568
step 3210, accuracy on validation batch: 0.656982
step 3220, accuracy on validation batch: 0.656494
step 3230, accuracy on validation batch: 0.665771
step 3240, accuracy on validation batch: 0.63208
step 3250, accuracy on validation batch: 0.66626
step 3260, accuracy on validation batch: 0.668457
step 3270, accuracy on validation batch: 0.668945
step 3280, accuracy on validation batch: 0.642578
step 3290, accuracy on validation batch: 0.607422
step 3300, accuracy on validation batch: 0.644043
step 3310, accuracy on validation batch: 0.672607
step 3320, accuracy on validation batch: 0.670654
step 3330, accuracy on validation batch: 0.675293
step 3340, accuracy on validation batch: 0.64624
step 3350, accuracy on validation batch: 0.67334
step 3360, accuracy on validation batch: 0.675781
step 3370, accuracy on validation batch: 0.678467
step 3380, accuracy on validation batch: 0.654785
step 3390, accuracy on validation batch: 0.664795
step 3400, accuracy on validation batch: 0.678467
step 3410, accuracy on validation batch: 0.669678
step 3420, accuracy on validation batch: 0.663818
step 3430, accuracy on validation batch: 0.634277
step 3440, accuracy on validation batch: 0.673828
step 3450, accuracy on validation batch: 0.666992
step 3460, accuracy on validation batch: 0.66626
step 3470, accuracy on validation batch: 0.676514
step 3480, accuracy on validation batch: 0.665039
step 3490, accuracy on validation batch: 0.681152
step 3500, accuracy on validation batch: 0.673584
step 3510, accuracy on validation batch: 0.648438
step 3520, accuracy on validation batch: 0.629883
step 3530, accuracy on validation batch: 0.640137
step 3540, accuracy on validation batch: 0.674072
step 3550, accuracy on validation batch: 0.671875
step 3560, accuracy on validation batch: 0.682861
step 3570, accuracy on validation batch: 0.653076
step 3580, accuracy on validation batch: 0.675293
step 3590, accuracy on validation batch: 0.667725
step 3600, accuracy on validation batch: 0.697266
step 3610, accuracy on validation batch: 0.677734
step 3620, accuracy on validation batch: 0.691895
step 3630, accuracy on validation batch: 0.671631
step 3640, accuracy on validation batch: 0.672607
step 3650, accuracy on validation batch: 0.69043
step 3660, accuracy on validation batch: 0.67041
step 3670, accuracy on validation batch: 0.670166
step 3680, accuracy on validation batch: 0.674316
step 3690, accuracy on validation batch: 0.675781
step 3700, accuracy on validation batch: 0.675293
step 3710, accuracy on validation batch: 0.693115
step 3720, accuracy on validation batch: 0.706299
step 3730, accuracy on validation batch: 0.683105
step 3740, accuracy on validation batch: 0.702637
step 3750, accuracy on validation batch: 0.682373
step 3760, accuracy on validation batch: 0.69873
step 3770, accuracy on validation batch: 0.683105
step 3780, accuracy on validation batch: 0.699951
step 3790, accuracy on validation batch: 0.704102
step 3800, accuracy on validation batch: 0.704102
step 3810, accuracy on validation batch: 0.706299
step 3820, accuracy on validation batch: 0.681641
step 3830, accuracy on validation batch: 0.697266
step 3840, accuracy on validation batch: 0.700195
step 3850, accuracy on validation batch: 0.685303
step 3860, accuracy on validation batch: 0.689697
step 3870, accuracy on validation batch: 0.696045
step 3880, accuracy on validation batch: 0.719482
step 3890, accuracy on validation batch: 0.713623
step 3900, accuracy on validation batch: 0.691162
step 3910, accuracy on validation batch: 0.70166
step 3920, accuracy on validation batch: 0.702148
step 3930, accuracy on validation batch: 0.676514
step 3940, accuracy on validation batch: 0.699463
step 3950, accuracy on validation batch: 0.698242
step 3960, accuracy on validation batch: 0.696533
step 3970, accuracy on validation batch: 0.693115
step 3980, accuracy on validation batch: 0.65332
step 3990, accuracy on validation batch: 0.682373
step 4000, accuracy on validation batch: 0.672852
step 4010, accuracy on validation batch: 0.698975
step 4020, accuracy on validation batch: 0.662598
step 4030, accuracy on validation batch: 0.688721
step 4040, accuracy on validation batch: 0.685547
step 4050, accuracy on validation batch: 0.715088
step 4060, accuracy on validation batch: 0.712402
step 4070, accuracy on validation batch: 0.703857
step 4080, accuracy on validation batch: 0.709717
step 4090, accuracy on validation batch: 0.698242
step 4100, accuracy on validation batch: 0.717285
step 4110, accuracy on validation batch: 0.706055
step 4120, accuracy on validation batch: 0.715576
step 4130, accuracy on validation batch: 0.697754
step 4140, accuracy on validation batch: 0.710938
step 4150, accuracy on validation batch: 0.712158
step 4160, accuracy on validation batch: 0.699951
step 4170, accuracy on validation batch: 0.708252
step 4180, accuracy on validation batch: 0.71582
step 4190, accuracy on validation batch: 0.729248
step 4200, accuracy on validation batch: 0.679199
step 4210, accuracy on validation batch: 0.705322
step 4220, accuracy on validation batch: 0.70459
step 4230, accuracy on validation batch: 0.72876
step 4240, accuracy on validation batch: 0.709961
step 4250, accuracy on validation batch: 0.729004
step 4260, accuracy on validation batch: 0.708008
step 4270, accuracy on validation batch: 0.700439
step 4280, accuracy on validation batch: 0.723877
step 4290, accuracy on validation batch: 0.728516
step 4300, accuracy on validation batch: 0.730225
step 4310, accuracy on validation batch: 0.722412
step 4320, accuracy on validation batch: 0.72998
step 4330, accuracy on validation batch: 0.708496
step 4340, accuracy on validation batch: 0.715088
step 4350, accuracy on validation batch: 0.720459
step 4360, accuracy on validation batch: 0.713379
step 4370, accuracy on validation batch: 0.703369
step 4380, accuracy on validation batch: 0.717041
step 4390, accuracy on validation batch: 0.709473
step 4400, accuracy on validation batch: 0.705811
step 4410, accuracy on validation batch: 0.7229
step 4420, accuracy on validation batch: 0.726807
step 4430, accuracy on validation batch: 0.72876
step 4440, accuracy on validation batch: 0.727051
step 4450, accuracy on validation batch: 0.678711
step 4460, accuracy on validation batch: 0.7146
step 4470, accuracy on validation batch: 0.73877
step 4480, accuracy on validation batch: 0.736816
step 4490, accuracy on validation batch: 0.704834
step 4500, accuracy on validation batch: 0.733398
step 4510, accuracy on validation batch: 0.733643
step 4520, accuracy on validation batch: 0.729736
step 4530, accuracy on validation batch: 0.736572
step 4540, accuracy on validation batch: 0.721436
step 4550, accuracy on validation batch: 0.737305
step 4560, accuracy on validation batch: 0.734619
step 4570, accuracy on validation batch: 0.731689
step 4580, accuracy on validation batch: 0.731689
step 4590, accuracy on validation batch: 0.738281
step 4600, accuracy on validation batch: 0.748047
step 4610, accuracy on validation batch: 0.733154
step 4620, accuracy on validation batch: 0.734619
step 4630, accuracy on validation batch: 0.690186
step 4640, accuracy on validation batch: 0.73877
step 4650, accuracy on validation batch: 0.729492
step 4660, accuracy on validation batch: 0.715088
step 4670, accuracy on validation batch: 0.742676
step 4680, accuracy on validation batch: 0.725342
step 4690, accuracy on validation batch: 0.706543
step 4700, accuracy on validation batch: 0.734863
step 4710, accuracy on validation batch: 0.749512
step 4720, accuracy on validation batch: 0.730713
step 4730, accuracy on validation batch: 0.752441
step 4740, accuracy on validation batch: 0.719971
step 4750, accuracy on validation batch: 0.748535
step 4760, accuracy on validation batch: 0.736816
step 4770, accuracy on validation batch: 0.729492
step 4780, accuracy on validation batch: 0.731201
step 4790, accuracy on validation batch: 0.735107
step 4800, accuracy on validation batch: 0.745117
step 4810, accuracy on validation batch: 0.717041
step 4820, accuracy on validation batch: 0.681641
step 4830, accuracy on validation batch: 0.73291
step 4840, accuracy on validation batch: 0.750732
step 4850, accuracy on validation batch: 0.741211
step 4860, accuracy on validation batch: 0.741699
step 4870, accuracy on validation batch: 0.743652
step 4880, accuracy on validation batch: 0.758301
step 4890, accuracy on validation batch: 0.73999
step 4900, accuracy on validation batch: 0.735107
step 