Extracting MNIST-data/train-images-idx3-ubyte.gz
Extracting MNIST-data/train-labels-idx1-ubyte.gz
Extracting MNIST-data/t10k-images-idx3-ubyte.gz
Extracting MNIST-data/t10k-labels-idx1-ubyte.gz
Extracting MNIST-data/train-images-idx3-ubyte.gz
Extracting MNIST-data/train-labels-idx1-ubyte.gz
Extracting MNIST-data/t10k-images-idx3-ubyte.gz
Extracting MNIST-data/t10k-labels-idx1-ubyte.gz
(50000, 256)
(50000,)
(10000, 256)
(10000,)
len(cifar_image_compresses[-40000:])
40000
len(cifar_image_compresses[10000:])
40000
cifar_image_compresses_test
10000
step 0, accuracy on validation batch: 1
step 1000, accuracy on validation batch: 1
step 2000, accuracy on validation batch: 0
step 3000, accuracy on validation batch: 1
step 4000, accuracy on validation batch: 1
step 5000, accuracy on validation batch: 1
step 6000, accuracy on validation batch: 1
step 7000, accuracy on validation batch: 0
step 8000, accuracy on validation batch: 1
step 9000, accuracy on validation batch: 1
step 10000, accuracy on validation batch: 1
step 11000, accuracy on validation batch: 0
step 12000, accuracy on validation batch: 1
step 13000, accuracy on validation batch: 1
step 14000, accuracy on validation batch: 0
step 15000, accuracy on validation batch: 1
step 16000, accuracy on validation batch: 1
step 17000, accuracy on validation batch: 0
step 18000, accuracy on validation batch: 0
step 19000, accuracy on validation batch: 1
step 20000, accuracy on validation batch: 0
step 21000, accuracy on validation batch: 0
step 22000, accuracy on validation batch: 1
step 23000, accuracy on validation batch: 1
step 24000, accuracy on validation batch: 1
step 25000, accuracy on validation batch: 1
step 26000, accuracy on validation batch: 0
step 27000, accuracy on validation batch: 1
step 28000, accuracy on validation batch: 1
step 29000, accuracy on validation batch: 0
step 30000, accuracy on validation batch: 1
step 31000, accuracy on validation batch: 1
step 32000, accuracy on validation batch: 1
step 33000, accuracy on validation batch: 0
step 34000, accuracy on validation batch: 1
step 35000, accuracy on validation batch: 1
step 36000, accuracy on validation batch: 0
step 37000, accuracy on validation batch: 1
step 38000, accuracy on validation batch: 1
step 39000, accuracy on validation batch: 0
step 40000, accuracy on validation batch: 0
step 41000, accuracy on validation batch: 1
step 42000, accuracy on validation batch: 0
step 43000, accuracy on validation batch: 1
step 44000, accuracy on validation batch: 1
step 45000, accuracy on validation batch: 1
step 46000, accuracy on validation batch: 0
step 47000, accuracy on validation batch: 1
step 48000, accuracy on validation batch: 1
step 49000, accuracy on validation batch: 1
step 50000, accuracy on validation batch: 0
step 51000, accuracy on validation batch: 0
step 52000, accuracy on validation batch: 1
step 53000, accuracy on validation batch: 1
step 54000, accuracy on validation batch: 1
step 55000, accuracy on validation batch: 1
step 56000, accuracy on validation batch: 1
step 57000, accuracy on validation batch: 0
step 58000, accuracy on validation batch: 1
step 59000, accuracy on validation batch: 0
step 60000, accuracy on validation batch: 1
step 61000, accuracy on validation batch: 1
step 62000, accuracy on validation batch: 1
step 63000, accuracy on validation batch: 0
step 64000, accuracy on validation batch: 1
step 65000, accuracy on validation batch: 0
step 66000, accuracy on validation batch: 0
step 67000, accuracy on validation batch: 1
step 68000, accuracy on validation batch: 1
step 69000, accuracy on validation batch: 0
step 70000, accuracy on validation batch: 0
step 71000, accuracy on validation batch: 1
step 72000, accuracy on validation batch: 1
step 73000, accuracy on validation batch: 1
step 74000, accuracy on validation batch: 1
step 75000, accuracy on validation batch: 1
step 76000, accuracy on validation batch: 0
step 77000, accuracy on validation batch: 0
step 78000, accuracy on validation batch: 1
step 79000, accuracy on validation batch: 1
step 80000, accuracy on validation batch: 1
step 81000, accuracy on validation batch: 1
step 82000, accuracy on validation batch: 0
step 83000, accuracy on validation batch: 1
step 84000, accuracy on validation batch: 1
step 85000, accuracy on validation batch: 1
step 86000, accuracy on validation batch: 0
step 87000, accuracy on validation batch: 1
step 88000, accuracy on validation batch: 0
step 89000, accuracy on validation batch: 0
step 90000, accuracy on validation batch: 1
step 91000, accuracy on validation batch: 1
step 92000, accuracy on validation batch: 1
step 93000, accuracy on validation batch: 1
step 94000, accuracy on validation batch: 1
step 95000, accuracy on validation batch: 0
step 96000, accuracy on validation batch: 1
step 97000, accuracy on validation batch: 0
step 98000, accuracy on validation batch: 1
step 99000, accuracy on validation batch: 1
test set: accuracy on test set: 0.000
3125
Percent real added to classifier 0.635
Percent mal added to classifier 0.633
Actual real added to classifier 1984
Actual mal added to classifier 1977
