Extracting MNIST-data/train-images-idx3-ubyte.gz
Extracting MNIST-data/train-labels-idx1-ubyte.gz
Extracting MNIST-data/t10k-images-idx3-ubyte.gz
Extracting MNIST-data/t10k-labels-idx1-ubyte.gz
step 0, accuracy on validation batch: 0.503418
step 1000, accuracy on validation batch: 0.538086
step 2000, accuracy on validation batch: 0.578369
step 3000, accuracy on validation batch: 0.635742
step 4000, accuracy on validation batch: 0.700928
step 5000, accuracy on validation batch: 0.748047
step 6000, accuracy on validation batch: 0.781738
step 7000, accuracy on validation batch: 0.854004
step 8000, accuracy on validation batch: 0.867188
step 9000, accuracy on validation batch: 0.883057
step 10000, accuracy on validation batch: 0.906006
step 11000, accuracy on validation batch: 0.913574
step 12000, accuracy on validation batch: 0.918213
step 13000, accuracy on validation batch: 0.9375
step 14000, accuracy on validation batch: 0.941406
step 15000, accuracy on validation batch: 0.939209
step 16000, accuracy on validation batch: 0.947754
step 17000, accuracy on validation batch: 0.953125
step 18000, accuracy on validation batch: 0.956787
step 19000, accuracy on validation batch: 0.960938
step 20000, accuracy on validation batch: 0.960205
step 21000, accuracy on validation batch: 0.958252
step 22000, accuracy on validation batch: 0.975586
step 23000, accuracy on validation batch: 0.974121
step 24000, accuracy on validation batch: 0.976562
step 25000, accuracy on validation batch: 0.972168
step 26000, accuracy on validation batch: 0.9729
step 27000, accuracy on validation batch: 0.976562
step 28000, accuracy on validation batch: 0.9729
step 29000, accuracy on validation batch: 0.980713
step 30000, accuracy on validation batch: 0.979004
step 31000, accuracy on validation batch: 0.982666
step 32000, accuracy on validation batch: 0.98291
step 33000, accuracy on validation batch: 0.976318
step 34000, accuracy on validation batch: 0.980225
step 35000, accuracy on validation batch: 0.988037
step 36000, accuracy on validation batch: 0.980225
step 37000, accuracy on validation batch: 0.978027
step 38000, accuracy on validation batch: 0.980713
step 39000, accuracy on validation batch: 0.983154
step 40000, accuracy on validation batch: 0.987793
step 41000, accuracy on validation batch: 0.984619
step 42000, accuracy on validation batch: 0.984375
step 43000, accuracy on validation batch: 0.989502
step 44000, accuracy on validation batch: 0.985596
step 45000, accuracy on validation batch: 0.988037
step 46000, accuracy on validation batch: 0.986328
step 47000, accuracy on validation batch: 0.983154
step 48000, accuracy on validation batch: 0.989258
step 49000, accuracy on validation batch: 0.989014
step 50000, accuracy on validation batch: 0.989258
step 51000, accuracy on validation batch: 0.990234
step 52000, accuracy on validation batch: 0.985107
step 53000, accuracy on validation batch: 0.988525
step 54000, accuracy on validation batch: 0.986572
step 55000, accuracy on validation batch: 0.987305
step 56000, accuracy on validation batch: 0.985352
step 57000, accuracy on validation batch: 0.98584
step 58000, accuracy on validation batch: 0.990479
step 59000, accuracy on validation batch: 0.989746
step 60000, accuracy on validation batch: 0.994141
step 61000, accuracy on validation batch: 0.986572
step 62000, accuracy on validation batch: 0.991211
step 63000, accuracy on validation batch: 0.990234
step 64000, accuracy on validation batch: 0.989258
step 65000, accuracy on validation batch: 0.990723
step 66000, accuracy on validation batch: 0.993164
step 67000, accuracy on validation batch: 0.990234
step 68000, accuracy on validation batch: 0.983643
step 69000, accuracy on validation batch: 0.989014
step 70000, accuracy on validation batch: 0.991211
step 71000, accuracy on validation batch: 0.990234
step 72000, accuracy on validation batch: 0.989746
step 73000, accuracy on validation batch: 0.991699
step 74000, accuracy on validation batch: 0.991211
step 75000, accuracy on validation batch: 0.98877
step 76000, accuracy on validation batch: 0.989258
step 77000, accuracy on validation batch: 0.98999
step 78000, accuracy on validation batch: 0.993408
step 79000, accuracy on validation batch: 0.994385
step 80000, accuracy on validation batch: 0.991455
step 81000, accuracy on validation batch: 0.989502
step 82000, accuracy on validation batch: 0.992188
step 83000, accuracy on validation batch: 0.991943
step 84000, accuracy on validation batch: 0.993408
step 85000, accuracy on validation batch: 0.992188
step 86000, accuracy on validation batch: 0.990723
step 87000, accuracy on validation batch: 0.995361
step 88000, accuracy on validation batch: 0.988037
step 89000, accuracy on validation batch: 0.989258
step 90000, accuracy on validation batch: 0.991943
step 91000, accuracy on validation batch: 0.993896
step 92000, accuracy on validation batch: 0.994629
step 93000, accuracy on validation batch: 0.992676
step 94000, accuracy on validation batch: 0.99585
step 95000, accuracy on validation batch: 0.992676
step 96000, accuracy on validation batch: 0.990967
step 97000, accuracy on validation batch: 0.993164
step 98000, accuracy on validation batch: 0.991943
step 99000, accuracy on validation batch: 0.992676
test set: accuracy on test set: 0.989
