Extracting MNIST-data/train-images-idx3-ubyte.gz
Extracting MNIST-data/train-labels-idx1-ubyte.gz
Extracting MNIST-data/t10k-images-idx3-ubyte.gz
Extracting MNIST-data/t10k-labels-idx1-ubyte.gz
step 0, accuracy on validation batch: 0.494385
step 100, accuracy on validation batch: 0.498779
step 200, accuracy on validation batch: 0.516113
step 300, accuracy on validation batch: 0.515137
step 400, accuracy on validation batch: 0.514404
step 500, accuracy on validation batch: 0.515625
step 600, accuracy on validation batch: 0.514648
step 700, accuracy on validation batch: 0.522705
step 800, accuracy on validation batch: 0.539062
step 900, accuracy on validation batch: 0.54126
step 1000, accuracy on validation batch: 0.551514
step 1100, accuracy on validation batch: 0.557861
step 1200, accuracy on validation batch: 0.57666
step 1300, accuracy on validation batch: 0.577637
step 1400, accuracy on validation batch: 0.571045
step 1500, accuracy on validation batch: 0.577148
step 1600, accuracy on validation batch: 0.574219
step 1700, accuracy on validation batch: 0.596436
step 1800, accuracy on validation batch: 0.589111
step 1900, accuracy on validation batch: 0.599854
step 2000, accuracy on validation batch: 0.593506
step 2100, accuracy on validation batch: 0.621338
step 2200, accuracy on validation batch: 0.613281
step 2300, accuracy on validation batch: 0.618896
step 2400, accuracy on validation batch: 0.623535
step 2500, accuracy on validation batch: 0.628174
step 2600, accuracy on validation batch: 0.63623
step 2700, accuracy on validation batch: 0.641113
step 2800, accuracy on validation batch: 0.652588
step 2900, accuracy on validation batch: 0.630859
step 3000, accuracy on validation batch: 0.63623
step 3100, accuracy on validation batch: 0.652588
step 3200, accuracy on validation batch: 0.670654
step 3300, accuracy on validation batch: 0.659424
step 3400, accuracy on validation batch: 0.659424
step 3500, accuracy on validation batch: 0.679199
step 3600, accuracy on validation batch: 0.689941
step 3700, accuracy on validation batch: 0.704346
step 3800, accuracy on validation batch: 0.690918
step 3900, accuracy on validation batch: 0.713379
step 4000, accuracy on validation batch: 0.723389
step 4100, accuracy on validation batch: 0.665771
step 4200, accuracy on validation batch: 0.703613
step 4300, accuracy on validation batch: 0.671631
step 4400, accuracy on validation batch: 0.721436
step 4500, accuracy on validation batch: 0.74707
step 4600, accuracy on validation batch: 0.736572
step 4700, accuracy on validation batch: 0.752441
step 4800, accuracy on validation batch: 0.749512
step 4900, accuracy on validation batch: 0.765381
step 5000, accuracy on validation batch: 0.756836
step 5100, accuracy on validation batch: 0.767334
step 5200, accuracy on validation batch: 0.74292
step 5300, accuracy on validation batch: 0.766602
step 5400, accuracy on validation batch: 0.766357
step 5500, accuracy on validation batch: 0.791992
step 5600, accuracy on validation batch: 0.791748
step 5700, accuracy on validation batch: 0.776855
step 5800, accuracy on validation batch: 0.78125
step 5900, accuracy on validation batch: 0.724121
step 6000, accuracy on validation batch: 0.79126
step 6100, accuracy on validation batch: 0.766113
step 6200, accuracy on validation batch: 0.776123
step 6300, accuracy on validation batch: 0.816406
step 6400, accuracy on validation batch: 0.81543
step 6500, accuracy on validation batch: 0.822021
step 6600, accuracy on validation batch: 0.812988
step 6700, accuracy on validation batch: 0.829834
step 6800, accuracy on validation batch: 0.832275
step 6900, accuracy on validation batch: 0.808838
step 7000, accuracy on validation batch: 0.840332
step 7100, accuracy on validation batch: 0.766602
step 7200, accuracy on validation batch: 0.839844
step 7300, accuracy on validation batch: 0.824951
step 7400, accuracy on validation batch: 0.832275
step 7500, accuracy on validation batch: 0.844482
step 7600, accuracy on validation batch: 0.856689
step 7700, accuracy on validation batch: 0.851807
step 7800, accuracy on validation batch: 0.847412
step 7900, accuracy on validation batch: 0.850586
step 8000, accuracy on validation batch: 0.820801
step 8100, accuracy on validation batch: 0.856689
test set: accuracy on test set: 0.863
